#
# There is insufficient memory for the Java Runtime Environment to continue.
# Native memory allocation (malloc) failed to allocate 739376 bytes for Chunk::new
# Possible reasons:
#   The system is out of physical RAM or swap space
#   The process is running with CompressedOops enabled, and the Java Heap may be blocking the growth of the native heap
# Possible solutions:
#   Reduce memory load on the system
#   Increase physical memory or swap space
#   Check if swap backing store is full
#   Decrease Java heap size (-Xmx/-Xms)
#   Decrease number of Java threads
#   Decrease Java thread stack sizes (-Xss)
#   Set larger code cache with -XX:ReservedCodeCacheSize=
#   JVM is running with Unscaled Compressed Oops mode in which the Java heap is
#     placed in the first 4GB address space. The Java Heap base address is the
#     maximum limit for the native heap growth. Please use -XX:HeapBaseMinAddress
#     to set the Java Heap base and to place the Java Heap above 4GB virtual address.
# This output file may be truncated or incomplete.
#
#  Out of Memory Error (./src/hotspot/share/memory/arena.cpp:197), pid=4064, tid=17540
#
# JRE version: OpenJDK Runtime Environment (11.0.10) (build 11.0.10+0-b96-7249189)
# Java VM: OpenJDK 64-Bit Server VM (11.0.10+0-b96-7249189, mixed mode, tiered, compressed oops, g1 gc, windows-amd64)
# No core dump will be written. Minidumps are not enabled by default on client versions of Windows
#

---------------  S U M M A R Y ------------

Command Line: --add-opens=java.base/java.util=ALL-UNNAMED --add-opens=java.base/java.lang=ALL-UNNAMED --add-opens=java.base/java.lang.invoke=ALL-UNNAMED --add-opens=java.base/java.util=ALL-UNNAMED --add-opens=java.prefs/java.util.prefs=ALL-UNNAMED --add-opens=java.prefs/java.util.prefs=ALL-UNNAMED --add-opens=java.base/java.nio.charset=ALL-UNNAMED --add-opens=java.base/java.net=ALL-UNNAMED --add-opens=java.base/java.util.concurrent.atomic=ALL-UNNAMED -Xmx2048m -Dfile.encoding=UTF-8 -Duser.country=IN -Duser.language=en -Duser.variant org.gradle.launcher.daemon.bootstrap.GradleDaemon 7.0.2

Host: AMD Ryzen 5 3600X 6-Core Processor             , 12 cores, 15G,  Windows 10 , 64 bit Build 22000 (10.0.22000.282)
Time: Fri Nov  5 16:30:40 2021 India Standard Time elapsed time: 4.852185 seconds (0d 0h 0m 4s)

---------------  T H R E A D  ---------------

Current thread (0x000001f262821800):  JavaThread "C2 CompilerThread0" daemon [_thread_in_native, id=17540, stack(0x000000bdb2800000,0x000000bdb2900000)]


Current CompileTask:
C2:   4852 6231 %     4       org.gradle.internal.instantiation.generator.AbstractClassGenerator::inspectType @ 77 (560 bytes)

Stack: [0x000000bdb2800000,0x000000bdb2900000]
Native frames: (J=compiled Java code, j=interpreted, Vv=VM code, C=native code)
V  [jvm.dll+0x5ecfaa]
V  [jvm.dll+0x722bd5]
V  [jvm.dll+0x72412d]
V  [jvm.dll+0x7247e3]
V  [jvm.dll+0x242928]
V  [jvm.dll+0xbc4fc]
V  [jvm.dll+0xbca0c]
V  [jvm.dll+0x352d7d]
V  [jvm.dll+0x197c77]
V  [jvm.dll+0x1fb70e]
V  [jvm.dll+0x1fa7f4]
V  [jvm.dll+0x18354c]
V  [jvm.dll+0x208ee7]
V  [jvm.dll+0x207731]
V  [jvm.dll+0x6eb1cf]
V  [jvm.dll+0x6e3d45]
V  [jvm.dll+0x5ebe96]
C  [ucrtbase.dll+0x26c0c]
C  [KERNEL32.DLL+0x154e0]
C  [ntdll.dll+0x485b]


---------------  P R O C E S S  ---------------

Threads class SMR info:
_java_thread_list=0x000001f26af29370, length=60, elements={
0x000001f2476a1000, 0x000001f2627bb800, 0x000001f2627ca000, 0x000001f26281a800,
0x000001f26281d800, 0x000001f26281e800, 0x000001f262821800, 0x000001f26282d000,
0x000001f262831800, 0x000001f262995800, 0x000001f263cf6000, 0x000001f262a31000,
0x000001f262f7f000, 0x000001f2641cb000, 0x000001f264f9b000, 0x000001f264670800,
0x000001f264671000, 0x000001f264ff1000, 0x000001f263cda000, 0x000001f264fa4000,
0x000001f264fa9800, 0x000001f264fa7000, 0x000001f264fa5800, 0x000001f264faa800,
0x000001f264fa9000, 0x000001f264fa8000, 0x000001f264fa5000, 0x000001f264fa6800,
0x000001f267614800, 0x000001f267615000, 0x000001f26681f800, 0x000001f267619000,
0x000001f267617800, 0x000001f26761c800, 0x000001f267618800, 0x000001f267617000,
0x000001f267620000, 0x000001f26761e000, 0x000001f26761d800, 0x000001f267620800,
0x000001f26761f000, 0x000001f26761b000, 0x000001f26761b800, 0x000001f267621800,
0x000001f267622000, 0x000001f267623000, 0x000001f26536c000, 0x000001f26536a800,
0x000001f26536e000, 0x000001f265370800, 0x000001f26536e800, 0x000001f26536b800,
0x000001f26536f800, 0x000001f265371000, 0x000001f265372000, 0x000001f265372800,
0x000001f26536d000, 0x000001f265377800, 0x000001f265376000, 0x000001f265379000
}

Java Threads: ( => current thread )
  0x000001f2476a1000 JavaThread "main" [_thread_blocked, id=18380, stack(0x000000bdb1c00000,0x000000bdb1d00000)]
  0x000001f2627bb800 JavaThread "Reference Handler" daemon [_thread_blocked, id=17588, stack(0x000000bdb2300000,0x000000bdb2400000)]
  0x000001f2627ca000 JavaThread "Finalizer" daemon [_thread_blocked, id=16356, stack(0x000000bdb2400000,0x000000bdb2500000)]
  0x000001f26281a800 JavaThread "Signal Dispatcher" daemon [_thread_blocked, id=8144, stack(0x000000bdb2500000,0x000000bdb2600000)]
  0x000001f26281d800 JavaThread "Attach Listener" daemon [_thread_blocked, id=8396, stack(0x000000bdb2600000,0x000000bdb2700000)]
  0x000001f26281e800 JavaThread "Service Thread" daemon [_thread_blocked, id=10592, stack(0x000000bdb2700000,0x000000bdb2800000)]
=>0x000001f262821800 JavaThread "C2 CompilerThread0" daemon [_thread_in_native, id=17540, stack(0x000000bdb2800000,0x000000bdb2900000)]
  0x000001f26282d000 JavaThread "C1 CompilerThread0" daemon [_thread_in_vm, id=2340, stack(0x000000bdb2900000,0x000000bdb2a00000)]
  0x000001f262831800 JavaThread "Sweeper thread" daemon [_thread_blocked, id=18260, stack(0x000000bdb2a00000,0x000000bdb2b00000)]
  0x000001f262995800 JavaThread "Common-Cleaner" daemon [_thread_blocked, id=12484, stack(0x000000bdb2b00000,0x000000bdb2c00000)]
  0x000001f263cf6000 JavaThread "Daemon health stats" [_thread_blocked, id=3800, stack(0x000000bdb3400000,0x000000bdb3500000)]
  0x000001f262a31000 JavaThread "Incoming local TCP Connector on port 62392" [_thread_in_native, id=12300, stack(0x000000bdb2d00000,0x000000bdb2e00000)]
  0x000001f262f7f000 JavaThread "Daemon periodic checks" [_thread_blocked, id=10860, stack(0x000000bdb2e00000,0x000000bdb2f00000)]
  0x000001f2641cb000 JavaThread "Daemon" [_thread_blocked, id=18284, stack(0x000000bdb3500000,0x000000bdb3600000)]
  0x000001f264f9b000 JavaThread "Handler for socket connection from /127.0.0.1:62392 to /127.0.0.1:62393" [_thread_in_native, id=16896, stack(0x000000bdb3600000,0x000000bdb3700000)]
  0x000001f264670800 JavaThread "Cancel handler" [_thread_blocked, id=5624, stack(0x000000bdb3700000,0x000000bdb3800000)]
  0x000001f264671000 JavaThread "Daemon worker" [_thread_in_vm, id=10936, stack(0x000000bdb3800000,0x000000bdb3900000)]
  0x000001f264ff1000 JavaThread "C2 CompilerThread1" daemon [_thread_in_native, id=17252, stack(0x000000bdb3900000,0x000000bdb3a00000)]
  0x000001f263cda000 JavaThread "Asynchronous log dispatcher for DefaultDaemonConnection: socket connection from /127.0.0.1:62392 to /127.0.0.1:62393" [_thread_blocked, id=14608, stack(0x000000bdb3a00000,0x000000bdb3b00000)]
  0x000001f264fa4000 JavaThread "Stdin handler" [_thread_blocked, id=1288, stack(0x000000bdb3b00000,0x000000bdb3c00000)]
  0x000001f264fa9800 JavaThread "Daemon client event forwarder" [_thread_blocked, id=18404, stack(0x000000bdb3c00000,0x000000bdb3d00000)]
  0x000001f264fa7000 JavaThread "Cache worker for file hash cache (C:\Users\Yash\.gradle\caches\7.0.2\fileHashes)" [_thread_blocked, id=9828, stack(0x000000bdb3d00000,0x000000bdb3e00000)]
  0x000001f264fa5800 JavaThread "File lock request listener" [_thread_in_native, id=11316, stack(0x000000bdb3e00000,0x000000bdb3f00000)]
  0x000001f264faa800 JavaThread "Cache worker for journal cache (C:\Users\Yash\.gradle\caches\journal-1)" [_thread_blocked, id=1884, stack(0x000000bdb4500000,0x000000bdb4600000)]
  0x000001f264fa9000 JavaThread "Cache worker for file hash cache (G:\UMoney\.gradle\7.0.2\fileHashes)" [_thread_blocked, id=7276, stack(0x000000bdb4600000,0x000000bdb4700000)]
  0x000001f264fa8000 JavaThread "File watcher server" daemon [_thread_in_native, id=580, stack(0x000000bdb4700000,0x000000bdb4800000)]
  0x000001f264fa5000 JavaThread "File watcher consumer" daemon [_thread_blocked, id=1424, stack(0x000000bdb4800000,0x000000bdb4900000)]
  0x000001f264fa6800 JavaThread "Cache worker for checksums cache (G:\UMoney\.gradle\checksums)" [_thread_blocked, id=18248, stack(0x000000bdb4900000,0x000000bdb4a00000)]
  0x000001f267614800 JavaThread "Cache worker for cache directory md-supplier (C:\Users\Yash\.gradle\caches\7.0.2\md-supplier)" [_thread_blocked, id=3304, stack(0x000000bdb4a00000,0x000000bdb4b00000)]
  0x000001f267615000 JavaThread "Cache worker for cache directory md-rule (C:\Users\Yash\.gradle\caches\7.0.2\md-rule)" [_thread_blocked, id=10324, stack(0x000000bdb4b00000,0x000000bdb4c00000)]
  0x000001f26681f800 JavaThread "C2 CompilerThread2" daemon [_thread_in_native, id=16076, stack(0x000000bdb4c00000,0x000000bdb4d00000)]
  0x000001f267619000 JavaThread "Cache worker for execution history cache (C:\Users\Yash\.gradle\caches\7.0.2\executionHistory)" [_thread_blocked, id=2360, stack(0x000000bdb4d00000,0x000000bdb4e00000)]
  0x000001f267617800 JavaThread "jar transforms" [_thread_blocked, id=17148, stack(0x000000bdb4e00000,0x000000bdb4f00000)]
  0x000001f26761c800 JavaThread "jar transforms Thread 2" [_thread_blocked, id=6600, stack(0x000000bdb4f00000,0x000000bdb5000000)]
  0x000001f267618800 JavaThread "Cache worker for file content cache (C:\Users\Yash\.gradle\caches\7.0.2\fileContent)" [_thread_blocked, id=4968, stack(0x000000bdb5000000,0x000000bdb5100000)]
  0x000001f267617000 JavaThread "Cache worker for dependencies-accessors (G:\UMoney\.gradle\7.0.2\dependencies-accessors)" [_thread_blocked, id=18276, stack(0x000000bdb5100000,0x000000bdb5200000)]
  0x000001f267620000 JavaThread "jar transforms Thread 3" [_thread_blocked, id=15432, stack(0x000000bdb5200000,0x000000bdb5300000)]
  0x000001f26761e000 JavaThread "Cache worker for Build Output Cleanup Cache (G:\UMoney\.gradle\buildOutputCleanup)" [_thread_blocked, id=556, stack(0x000000bdb5300000,0x000000bdb5400000)]
  0x000001f26761d800 JavaThread "Build operations" [_thread_blocked, id=9484, stack(0x000000bdb5400000,0x000000bdb5500000)]
  0x000001f267620800 JavaThread "Build operations Thread 2" [_thread_blocked, id=4048, stack(0x000000bdb5500000,0x000000bdb5600000)]
  0x000001f26761f000 JavaThread "Build operations Thread 3" [_thread_blocked, id=17116, stack(0x000000bdb5600000,0x000000bdb5700000)]
  0x000001f26761b000 JavaThread "Build operations Thread 4" [_thread_blocked, id=12072, stack(0x000000bdb5700000,0x000000bdb5800000)]
  0x000001f26761b800 JavaThread "Build operations Thread 5" [_thread_blocked, id=18112, stack(0x000000bdb5800000,0x000000bdb5900000)]
  0x000001f267621800 JavaThread "Build operations Thread 6" [_thread_blocked, id=17860, stack(0x000000bdb5900000,0x000000bdb5a00000)]
  0x000001f267622000 JavaThread "Build operations Thread 7" [_thread_blocked, id=17748, stack(0x000000bdb5a00000,0x000000bdb5b00000)]
  0x000001f267623000 JavaThread "Build operations Thread 8" [_thread_blocked, id=17392, stack(0x000000bdb5b00000,0x000000bdb5c00000)]
  0x000001f26536c000 JavaThread "Build operations Thread 9" [_thread_blocked, id=16456, stack(0x000000bdb5c00000,0x000000bdb5d00000)]
  0x000001f26536a800 JavaThread "Build operations Thread 10" [_thread_blocked, id=16492, stack(0x000000bdb5d00000,0x000000bdb5e00000)]
  0x000001f26536e000 JavaThread "Build operations Thread 11" [_thread_blocked, id=18372, stack(0x000000bdb5e00000,0x000000bdb5f00000)]
  0x000001f265370800 JavaThread "Build operations Thread 12" [_thread_blocked, id=17560, stack(0x000000bdb5f00000,0x000000bdb6000000)]
  0x000001f26536e800 JavaThread "jar transforms Thread 4" [_thread_blocked, id=9820, stack(0x000000bdb6000000,0x000000bdb6100000)]
  0x000001f26536b800 JavaThread "jar transforms Thread 5" [_thread_blocked, id=17792, stack(0x000000bdb6100000,0x000000bdb6200000)]
  0x000001f26536f800 JavaThread "jar transforms Thread 6" [_thread_blocked, id=17232, stack(0x000000bdb6200000,0x000000bdb6300000)]
  0x000001f265371000 JavaThread "jar transforms Thread 7" [_thread_blocked, id=17316, stack(0x000000bdb6300000,0x000000bdb6400000)]
  0x000001f265372000 JavaThread "jar transforms Thread 8" [_thread_blocked, id=12928, stack(0x000000bdb6400000,0x000000bdb6500000)]
  0x000001f265372800 JavaThread "jar transforms Thread 9" [_thread_blocked, id=2960, stack(0x000000bdb6500000,0x000000bdb6600000)]
  0x000001f26536d000 JavaThread "jar transforms Thread 10" [_thread_blocked, id=17992, stack(0x000000bdb6600000,0x000000bdb6700000)]
  0x000001f265377800 JavaThread "jar transforms Thread 11" [_thread_blocked, id=3956, stack(0x000000bdb6700000,0x000000bdb6800000)]
  0x000001f265376000 JavaThread "jar transforms Thread 12" [_thread_blocked, id=16844, stack(0x000000bdb6800000,0x000000bdb6900000)]
  0x000001f265379000 JavaThread "Memory manager" [_thread_blocked, id=12544, stack(0x000000bdb6900000,0x000000bdb6a00000)]

Other Threads:
  0x000001f2627b7800 VMThread "VM Thread" [stack: 0x000000bdb2200000,0x000000bdb2300000] [id=10732]
  0x000001f2629c0800 WatcherThread [stack: 0x000000bdb2c00000,0x000000bdb2d00000] [id=9388]
  0x000001f2476bc000 GCTaskThread "GC Thread#0" [stack: 0x000000bdb1d00000,0x000000bdb1e00000] [id=15984]
  0x000001f2638ad800 GCTaskThread "GC Thread#1" [stack: 0x000000bdb2f00000,0x000000bdb3000000] [id=9004]
  0x000001f263c1d800 GCTaskThread "GC Thread#2" [stack: 0x000000bdb3000000,0x000000bdb3100000] [id=18120]
  0x000001f263990800 GCTaskThread "GC Thread#3" [stack: 0x000000bdb3100000,0x000000bdb3200000] [id=4232]
  0x000001f263ba0000 GCTaskThread "GC Thread#4" [stack: 0x000000bdb3200000,0x000000bdb3300000] [id=6412]
  0x000001f263b60000 GCTaskThread "GC Thread#5" [stack: 0x000000bdb3300000,0x000000bdb3400000] [id=17048]
  0x000001f26331e800 GCTaskThread "GC Thread#6" [stack: 0x000000bdb3f00000,0x000000bdb4000000] [id=18428]
  0x000001f2638f5000 GCTaskThread "GC Thread#7" [stack: 0x000000bdb4000000,0x000000bdb4100000] [id=17596]
  0x000001f26331c800 GCTaskThread "GC Thread#8" [stack: 0x000000bdb4100000,0x000000bdb4200000] [id=3504]
  0x000001f263e9e800 GCTaskThread "GC Thread#9" [stack: 0x000000bdb4200000,0x000000bdb4300000] [id=17536]
  0x000001f2476eb800 ConcurrentGCThread "G1 Main Marker" [stack: 0x000000bdb1e00000,0x000000bdb1f00000] [id=17164]
  0x000001f2476ed000 ConcurrentGCThread "G1 Conc#0" [stack: 0x000000bdb1f00000,0x000000bdb2000000] [id=13620]
  0x000001f26347e800 ConcurrentGCThread "G1 Conc#1" [stack: 0x000000bdb4300000,0x000000bdb4400000] [id=10360]
  0x000001f262e24800 ConcurrentGCThread "G1 Conc#2" [stack: 0x000000bdb4400000,0x000000bdb4500000] [id=12916]
  0x000001f24776e800 ConcurrentGCThread "G1 Refine#0" [stack: 0x000000bdb2000000,0x000000bdb2100000] [id=17780]
  0x000001f261e07800 ConcurrentGCThread "G1 Young RemSet Sampling" [stack: 0x000000bdb2100000,0x000000bdb2200000] [id=7536]

Threads with active compile tasks:
C2 CompilerThread0   4877 6231 %     4       org.gradle.internal.instantiation.generator.AbstractClassGenerator::inspectType @ 77 (560 bytes)
C2 CompilerThread1   4878 6506       4       sun.reflect.generics.parser.SignatureParser::parseClassTypeSignature (118 bytes)
C2 CompilerThread2   4878 6507       4       sun.reflect.generics.parser.SignatureParser::parseFieldTypeSignature (73 bytes)

VM state:not at safepoint (normal execution)

VM Mutex/Monitor currently owned by a thread: None

Heap address: 0x0000000080000000, size: 2048 MB, Compressed Oops mode: 32-bit
Narrow klass base: 0x0000000000000000, Narrow klass shift: 3
Compressed class space size: 1073741824 Address: 0x0000000100000000

Heap:
 garbage-first heap   total 262144K, used 175940K [0x0000000080000000, 0x0000000100000000)
  region size 1024K, 143 young (146432K), 12 survivors (12288K)
 Metaspace       used 70552K, capacity 72297K, committed 72576K, reserved 1112064K
  class space    used 9121K, capacity 9757K, committed 9856K, reserved 1048576K
Heap Regions: E=young(eden), S=young(survivor), O=old, HS=humongous(starts), HC=humongous(continues), CS=collection set, F=free, A=archive, TAMS=top-at-mark-start (previous, next)
|   0|0x0000000080000000, 0x0000000080100000, 0x0000000080100000|100%| O|  |TAMS 0x0000000080100000, 0x0000000080000000| Untracked 
|   1|0x0000000080100000, 0x0000000080200000, 0x0000000080200000|100%| O|  |TAMS 0x0000000080200000, 0x0000000080100000| Untracked 
|   2|0x0000000080200000, 0x0000000080300000, 0x0000000080300000|100%| O|  |TAMS 0x0000000080300000, 0x0000000080200000| Untracked 
|   3|0x0000000080300000, 0x0000000080400000, 0x0000000080400000|100%|HS|  |TAMS 0x0000000080400000, 0x0000000080300000| Complete 
|   4|0x0000000080400000, 0x0000000080500000, 0x0000000080500000|100%|HC|  |TAMS 0x0000000080500000, 0x0000000080400000| Complete 
|   5|0x0000000080500000, 0x0000000080600000, 0x0000000080600000|100%|HC|  |TAMS 0x0000000080600000, 0x0000000080500000| Complete 
|   6|0x0000000080600000, 0x0000000080700000, 0x0000000080700000|100%| O|  |TAMS 0x0000000080700000, 0x0000000080600000| Untracked 
|   7|0x0000000080700000, 0x0000000080800000, 0x0000000080800000|100%| O|  |TAMS 0x0000000080800000, 0x0000000080700000| Untracked 
|   8|0x0000000080800000, 0x0000000080900000, 0x0000000080900000|100%| O|  |TAMS 0x0000000080900000, 0x0000000080800000| Untracked 
|   9|0x0000000080900000, 0x0000000080a00000, 0x0000000080a00000|100%| O|  |TAMS 0x0000000080a00000, 0x0000000080900000| Untracked 
|  10|0x0000000080a00000, 0x0000000080b00000, 0x0000000080b00000|100%| O|  |TAMS 0x0000000080b00000, 0x0000000080a00000| Untracked 
|  11|0x0000000080b00000, 0x0000000080c00000, 0x0000000080c00000|100%| O|  |TAMS 0x0000000080c00000, 0x0000000080b00000| Untracked 
|  12|0x0000000080c00000, 0x0000000080d00000, 0x0000000080d00000|100%| O|  |TAMS 0x0000000080d00000, 0x0000000080c00000| Untracked 
|  13|0x0000000080d00000, 0x0000000080e00000, 0x0000000080e00000|100%| O|  |TAMS 0x0000000080e00000, 0x0000000080d00000| Untracked 
|  14|0x0000000080e00000, 0x0000000080f00000, 0x0000000080f00000|100%| O|  |TAMS 0x0000000080f00000, 0x0000000080e00000| Untracked 
|  15|0x0000000080f00000, 0x0000000081000000, 0x0000000081000000|100%| O|  |TAMS 0x0000000081000000, 0x0000000080f00000| Untracked 
|  16|0x0000000081000000, 0x0000000081100000, 0x0000000081100000|100%|HS|  |TAMS 0x0000000081100000, 0x0000000081000000| Complete 
|  17|0x0000000081100000, 0x0000000081200000, 0x0000000081200000|100%|HS|  |TAMS 0x0000000081200000, 0x0000000081100000| Complete 
|  18|0x0000000081200000, 0x0000000081300000, 0x0000000081300000|100%|HS|  |TAMS 0x0000000081300000, 0x0000000081200000| Complete 
|  19|0x0000000081300000, 0x0000000081400000, 0x0000000081400000|100%|HC|  |TAMS 0x0000000081400000, 0x0000000081300000| Complete 
|  20|0x0000000081400000, 0x0000000081500000, 0x0000000081500000|100%| O|  |TAMS 0x0000000081500000, 0x0000000081400000| Untracked 
|  21|0x0000000081500000, 0x0000000081600000, 0x0000000081600000|100%| O|  |TAMS 0x0000000081600000, 0x0000000081500000| Untracked 
|  22|0x0000000081600000, 0x0000000081700000, 0x0000000081700000|100%| O|  |TAMS 0x0000000081700000, 0x0000000081600000| Untracked 
|  23|0x0000000081700000, 0x0000000081800000, 0x0000000081800000|100%| O|  |TAMS 0x0000000081800000, 0x0000000081700000| Untracked 
|  24|0x0000000081800000, 0x0000000081900000, 0x0000000081900000|100%| O|  |TAMS 0x0000000081900000, 0x0000000081800000| Untracked 
|  25|0x0000000081900000, 0x0000000081a00000, 0x0000000081a00000|100%| O|  |TAMS 0x0000000081a00000, 0x0000000081900000| Untracked 
|  26|0x0000000081a00000, 0x0000000081b00000, 0x0000000081b00000|100%| O|  |TAMS 0x0000000081b00000, 0x0000000081a00000| Untracked 
|  27|0x0000000081b00000, 0x0000000081c00000, 0x0000000081c00000|100%| O|  |TAMS 0x0000000081c00000, 0x0000000081b00000| Untracked 
|  28|0x0000000081c00000, 0x0000000081d00000, 0x0000000081d00000|100%| O|  |TAMS 0x0000000081d00000, 0x0000000081c00000| Untracked 
|  29|0x0000000081d00000, 0x0000000081e00000, 0x0000000081e00000|100%| O|  |TAMS 0x0000000081e00000, 0x0000000081d00000| Untracked 
|  30|0x0000000081e00000, 0x0000000081e94000, 0x0000000081f00000| 57%| O|  |TAMS 0x0000000081e94000, 0x0000000081e00000| Untracked 
|  31|0x0000000081f00000, 0x0000000082000000, 0x0000000082000000|100%|HS|  |TAMS 0x0000000081f00000, 0x0000000081f00000| Complete 
|  32|0x0000000082000000, 0x0000000082000000, 0x0000000082100000|  0%| F|  |TAMS 0x0000000082000000, 0x0000000082000000| Untracked 
|  33|0x0000000082100000, 0x0000000082100000, 0x0000000082200000|  0%| F|  |TAMS 0x0000000082100000, 0x0000000082100000| Untracked 
|  34|0x0000000082200000, 0x0000000082200000, 0x0000000082300000|  0%| F|  |TAMS 0x0000000082200000, 0x0000000082200000| Untracked 
|  35|0x0000000082300000, 0x0000000082300000, 0x0000000082400000|  0%| F|  |TAMS 0x0000000082300000, 0x0000000082300000| Untracked 
|  36|0x0000000082400000, 0x0000000082400000, 0x0000000082500000|  0%| F|  |TAMS 0x0000000082400000, 0x0000000082400000| Untracked 
|  37|0x0000000082500000, 0x0000000082500000, 0x0000000082600000|  0%| F|  |TAMS 0x0000000082500000, 0x0000000082500000| Untracked 
|  38|0x0000000082600000, 0x0000000082600000, 0x0000000082700000|  0%| F|  |TAMS 0x0000000082600000, 0x0000000082600000| Untracked 
|  39|0x0000000082700000, 0x0000000082700000, 0x0000000082800000|  0%| F|  |TAMS 0x0000000082700000, 0x0000000082700000| Untracked 
|  40|0x0000000082800000, 0x0000000082800000, 0x0000000082900000|  0%| F|  |TAMS 0x0000000082800000, 0x0000000082800000| Untracked 
|  41|0x0000000082900000, 0x0000000082900000, 0x0000000082a00000|  0%| F|  |TAMS 0x0000000082900000, 0x0000000082900000| Untracked 
|  42|0x0000000082a00000, 0x0000000082a00000, 0x0000000082b00000|  0%| F|  |TAMS 0x0000000082a00000, 0x0000000082a00000| Untracked 
|  43|0x0000000082b00000, 0x0000000082b00000, 0x0000000082c00000|  0%| F|  |TAMS 0x0000000082b00000, 0x0000000082b00000| Untracked 
|  44|0x0000000082c00000, 0x0000000082c00000, 0x0000000082d00000|  0%| F|  |TAMS 0x0000000082c00000, 0x0000000082c00000| Untracked 
|  45|0x0000000082d00000, 0x0000000082d00000, 0x0000000082e00000|  0%| F|  |TAMS 0x0000000082d00000, 0x0000000082d00000| Untracked 
|  46|0x0000000082e00000, 0x0000000082e00000, 0x0000000082f00000|  0%| F|  |TAMS 0x0000000082e00000, 0x0000000082e00000| Untracked 
|  47|0x0000000082f00000, 0x0000000082f00000, 0x0000000083000000|  0%| F|  |TAMS 0x0000000082f00000, 0x0000000082f00000| Untracked 
|  48|0x0000000083000000, 0x0000000083000000, 0x0000000083100000|  0%| F|  |TAMS 0x0000000083000000, 0x0000000083000000| Untracked 
|  49|0x0000000083100000, 0x0000000083100000, 0x0000000083200000|  0%| F|  |TAMS 0x0000000083100000, 0x0000000083100000| Untracked 
|  50|0x0000000083200000, 0x0000000083200000, 0x0000000083300000|  0%| F|  |TAMS 0x0000000083200000, 0x0000000083200000| Untracked 
|  51|0x0000000083300000, 0x0000000083300000, 0x0000000083400000|  0%| F|  |TAMS 0x0000000083300000, 0x0000000083300000| Untracked 
|  52|0x0000000083400000, 0x0000000083400000, 0x0000000083500000|  0%| F|  |TAMS 0x0000000083400000, 0x0000000083400000| Untracked 
|  53|0x0000000083500000, 0x0000000083500000, 0x0000000083600000|  0%| F|  |TAMS 0x0000000083500000, 0x0000000083500000| Untracked 
|  54|0x0000000083600000, 0x0000000083600000, 0x0000000083700000|  0%| F|  |TAMS 0x0000000083600000, 0x0000000083600000| Untracked 
|  55|0x0000000083700000, 0x0000000083700000, 0x0000000083800000|  0%| F|  |TAMS 0x0000000083700000, 0x0000000083700000| Untracked 
|  56|0x0000000083800000, 0x0000000083800000, 0x0000000083900000|  0%| F|  |TAMS 0x0000000083800000, 0x0000000083800000| Untracked 
|  57|0x0000000083900000, 0x0000000083900000, 0x0000000083a00000|  0%| F|  |TAMS 0x0000000083900000, 0x0000000083900000| Untracked 
|  58|0x0000000083a00000, 0x0000000083a00000, 0x0000000083b00000|  0%| F|  |TAMS 0x0000000083a00000, 0x0000000083a00000| Untracked 
|  59|0x0000000083b00000, 0x0000000083b00000, 0x0000000083c00000|  0%| F|  |TAMS 0x0000000083b00000, 0x0000000083b00000| Untracked 
|  60|0x0000000083c00000, 0x0000000083c00000, 0x0000000083d00000|  0%| F|  |TAMS 0x0000000083c00000, 0x0000000083c00000| Untracked 
|  61|0x0000000083d00000, 0x0000000083d00000, 0x0000000083e00000|  0%| F|  |TAMS 0x0000000083d00000, 0x0000000083d00000| Untracked 
|  62|0x0000000083e00000, 0x0000000083e00000, 0x0000000083f00000|  0%| F|  |TAMS 0x0000000083e00000, 0x0000000083e00000| Untracked 
|  63|0x0000000083f00000, 0x0000000083f00000, 0x0000000084000000|  0%| F|  |TAMS 0x0000000083f00000, 0x0000000083f00000| Untracked 
|  64|0x0000000084000000, 0x0000000084000000, 0x0000000084100000|  0%| F|  |TAMS 0x0000000084000000, 0x0000000084000000| Untracked 
|  65|0x0000000084100000, 0x0000000084100000, 0x0000000084200000|  0%| F|  |TAMS 0x0000000084100000, 0x0000000084100000| Untracked 
|  66|0x0000000084200000, 0x0000000084200000, 0x0000000084300000|  0%| F|  |TAMS 0x0000000084200000, 0x0000000084200000| Untracked 
|  67|0x0000000084300000, 0x0000000084300000, 0x0000000084400000|  0%| F|  |TAMS 0x0000000084300000, 0x0000000084300000| Untracked 
|  68|0x0000000084400000, 0x0000000084400000, 0x0000000084500000|  0%| F|  |TAMS 0x0000000084400000, 0x0000000084400000| Untracked 
|  69|0x0000000084500000, 0x0000000084500000, 0x0000000084600000|  0%| F|  |TAMS 0x0000000084500000, 0x0000000084500000| Untracked 
|  70|0x0000000084600000, 0x0000000084600000, 0x0000000084700000|  0%| F|  |TAMS 0x0000000084600000, 0x0000000084600000| Untracked 
|  71|0x0000000084700000, 0x0000000084700000, 0x0000000084800000|  0%| F|  |TAMS 0x0000000084700000, 0x0000000084700000| Untracked 
|  72|0x0000000084800000, 0x0000000084800000, 0x0000000084900000|  0%| F|  |TAMS 0x0000000084800000, 0x0000000084800000| Untracked 
|  73|0x0000000084900000, 0x0000000084900000, 0x0000000084a00000|  0%| F|  |TAMS 0x0000000084900000, 0x0000000084900000| Untracked 
|  74|0x0000000084a00000, 0x0000000084a00000, 0x0000000084b00000|  0%| F|  |TAMS 0x0000000084a00000, 0x0000000084a00000| Untracked 
|  75|0x0000000084b00000, 0x0000000084b00000, 0x0000000084c00000|  0%| F|  |TAMS 0x0000000084b00000, 0x0000000084b00000| Untracked 
|  76|0x0000000084c00000, 0x0000000084c00000, 0x0000000084d00000|  0%| F|  |TAMS 0x0000000084c00000, 0x0000000084c00000| Untracked 
|  77|0x0000000084d00000, 0x0000000084d00000, 0x0000000084e00000|  0%| F|  |TAMS 0x0000000084d00000, 0x0000000084d00000| Untracked 
|  78|0x0000000084e00000, 0x0000000084e00000, 0x0000000084f00000|  0%| F|  |TAMS 0x0000000084e00000, 0x0000000084e00000| Untracked 
|  79|0x0000000084f00000, 0x0000000084f00000, 0x0000000085000000|  0%| F|  |TAMS 0x0000000084f00000, 0x0000000084f00000| Untracked 
|  80|0x0000000085000000, 0x0000000085000000, 0x0000000085100000|  0%| F|  |TAMS 0x0000000085000000, 0x0000000085000000| Untracked 
|  81|0x0000000085100000, 0x0000000085100000, 0x0000000085200000|  0%| F|  |TAMS 0x0000000085100000, 0x0000000085100000| Untracked 
|  82|0x0000000085200000, 0x0000000085200000, 0x0000000085300000|  0%| F|  |TAMS 0x0000000085200000, 0x0000000085200000| Untracked 
|  83|0x0000000085300000, 0x0000000085300000, 0x0000000085400000|  0%| F|  |TAMS 0x0000000085300000, 0x0000000085300000| Untracked 
|  84|0x0000000085400000, 0x0000000085400000, 0x0000000085500000|  0%| F|  |TAMS 0x0000000085400000, 0x0000000085400000| Untracked 
|  85|0x0000000085500000, 0x0000000085500000, 0x0000000085600000|  0%| F|  |TAMS 0x0000000085500000, 0x0000000085500000| Untracked 
|  86|0x0000000085600000, 0x0000000085600000, 0x0000000085700000|  0%| F|  |TAMS 0x0000000085600000, 0x0000000085600000| Untracked 
|  87|0x0000000085700000, 0x0000000085700000, 0x0000000085800000|  0%| F|  |TAMS 0x0000000085700000, 0x0000000085700000| Untracked 
|  88|0x0000000085800000, 0x0000000085800000, 0x0000000085900000|  0%| F|  |TAMS 0x0000000085800000, 0x0000000085800000| Untracked 
|  89|0x0000000085900000, 0x0000000085900000, 0x0000000085a00000|  0%| F|  |TAMS 0x0000000085900000, 0x0000000085900000| Untracked 
|  90|0x0000000085a00000, 0x0000000085a00000, 0x0000000085b00000|  0%| F|  |TAMS 0x0000000085a00000, 0x0000000085a00000| Untracked 
|  91|0x0000000085b00000, 0x0000000085b00000, 0x0000000085c00000|  0%| F|  |TAMS 0x0000000085b00000, 0x0000000085b00000| Untracked 
|  92|0x0000000085c00000, 0x0000000085c00000, 0x0000000085d00000|  0%| F|  |TAMS 0x0000000085c00000, 0x0000000085c00000| Untracked 
|  93|0x0000000085d00000, 0x0000000085d00000, 0x0000000085e00000|  0%| F|  |TAMS 0x0000000085d00000, 0x0000000085d00000| Untracked 
|  94|0x0000000085e00000, 0x0000000085e00000, 0x0000000085f00000|  0%| F|  |TAMS 0x0000000085e00000, 0x0000000085e00000| Untracked 
|  95|0x0000000085f00000, 0x0000000085f00000, 0x0000000086000000|  0%| F|  |TAMS 0x0000000085f00000, 0x0000000085f00000| Untracked 
|  96|0x0000000086000000, 0x0000000086000000, 0x0000000086100000|  0%| F|  |TAMS 0x0000000086000000, 0x0000000086000000| Untracked 
|  97|0x0000000086100000, 0x0000000086100000, 0x0000000086200000|  0%| F|  |TAMS 0x0000000086100000, 0x0000000086100000| Untracked 
|  98|0x0000000086200000, 0x0000000086200000, 0x0000000086300000|  0%| F|  |TAMS 0x0000000086200000, 0x0000000086200000| Untracked 
|  99|0x0000000086300000, 0x0000000086300000, 0x0000000086400000|  0%| F|  |TAMS 0x0000000086300000, 0x0000000086300000| Untracked 
| 100|0x0000000086400000, 0x0000000086400000, 0x0000000086500000|  0%| F|  |TAMS 0x0000000086400000, 0x0000000086400000| Untracked 
| 101|0x0000000086500000, 0x0000000086500000, 0x0000000086600000|  0%| F|  |TAMS 0x0000000086500000, 0x0000000086500000| Untracked 
| 102|0x0000000086600000, 0x0000000086600000, 0x0000000086700000|  0%| F|  |TAMS 0x0000000086600000, 0x0000000086600000| Untracked 
| 103|0x0000000086700000, 0x0000000086700000, 0x0000000086800000|  0%| F|  |TAMS 0x0000000086700000, 0x0000000086700000| Untracked 
| 104|0x0000000086800000, 0x0000000086800000, 0x0000000086900000|  0%| F|  |TAMS 0x0000000086800000, 0x0000000086800000| Untracked 
| 105|0x0000000086900000, 0x0000000086900000, 0x0000000086a00000|  0%| F|  |TAMS 0x0000000086900000, 0x0000000086900000| Untracked 
| 106|0x0000000086a00000, 0x0000000086a00000, 0x0000000086b00000|  0%| F|  |TAMS 0x0000000086a00000, 0x0000000086a00000| Untracked 
| 107|0x0000000086b00000, 0x0000000086b00000, 0x0000000086c00000|  0%| F|  |TAMS 0x0000000086b00000, 0x0000000086b00000| Untracked 
| 108|0x0000000086c00000, 0x0000000086c00000, 0x0000000086d00000|  0%| F|  |TAMS 0x0000000086c00000, 0x0000000086c00000| Untracked 
| 109|0x0000000086d00000, 0x0000000086d00000, 0x0000000086e00000|  0%| F|  |TAMS 0x0000000086d00000, 0x0000000086d00000| Untracked 
| 110|0x0000000086e00000, 0x0000000086e00000, 0x0000000086f00000|  0%| F|  |TAMS 0x0000000086e00000, 0x0000000086e00000| Untracked 
| 111|0x0000000086f00000, 0x0000000086f00000, 0x0000000087000000|  0%| F|  |TAMS 0x0000000086f00000, 0x0000000086f00000| Untracked 
| 112|0x0000000087000000, 0x0000000087000000, 0x0000000087100000|  0%| F|  |TAMS 0x0000000087000000, 0x0000000087000000| Untracked 
| 113|0x0000000087100000, 0x0000000087200000, 0x0000000087200000|100%| E|  |TAMS 0x0000000087100000, 0x0000000087100000| Complete 
| 114|0x0000000087200000, 0x0000000087300000, 0x0000000087300000|100%| E|CS|TAMS 0x0000000087200000, 0x0000000087200000| Complete 
| 115|0x0000000087300000, 0x0000000087400000, 0x0000000087400000|100%| E|CS|TAMS 0x0000000087300000, 0x0000000087300000| Complete 
| 116|0x0000000087400000, 0x0000000087500000, 0x0000000087500000|100%| E|CS|TAMS 0x0000000087400000, 0x0000000087400000| Complete 
| 117|0x0000000087500000, 0x0000000087600000, 0x0000000087600000|100%| E|CS|TAMS 0x0000000087500000, 0x0000000087500000| Complete 
| 118|0x0000000087600000, 0x0000000087700000, 0x0000000087700000|100%| E|CS|TAMS 0x0000000087600000, 0x0000000087600000| Complete 
| 119|0x0000000087700000, 0x0000000087800000, 0x0000000087800000|100%| E|CS|TAMS 0x0000000087700000, 0x0000000087700000| Complete 
| 120|0x0000000087800000, 0x0000000087900000, 0x0000000087900000|100%| E|CS|TAMS 0x0000000087800000, 0x0000000087800000| Complete 
| 121|0x0000000087900000, 0x0000000087a00000, 0x0000000087a00000|100%| E|CS|TAMS 0x0000000087900000, 0x0000000087900000| Complete 
| 122|0x0000000087a00000, 0x0000000087b00000, 0x0000000087b00000|100%| E|CS|TAMS 0x0000000087a00000, 0x0000000087a00000| Complete 
| 123|0x0000000087b00000, 0x0000000087c00000, 0x0000000087c00000|100%| E|CS|TAMS 0x0000000087b00000, 0x0000000087b00000| Complete 
| 124|0x0000000087c00000, 0x0000000087d00000, 0x0000000087d00000|100%| E|CS|TAMS 0x0000000087c00000, 0x0000000087c00000| Complete 
| 125|0x0000000087d00000, 0x0000000087e00000, 0x0000000087e00000|100%| E|CS|TAMS 0x0000000087d00000, 0x0000000087d00000| Complete 
| 126|0x0000000087e00000, 0x0000000087f00000, 0x0000000087f00000|100%| E|CS|TAMS 0x0000000087e00000, 0x0000000087e00000| Complete 
| 127|0x0000000087f00000, 0x0000000088000000, 0x0000000088000000|100%| E|CS|TAMS 0x0000000087f00000, 0x0000000087f00000| Complete 
| 128|0x0000000088000000, 0x0000000088100000, 0x0000000088100000|100%| E|CS|TAMS 0x0000000088000000, 0x0000000088000000| Complete 
| 129|0x0000000088100000, 0x0000000088200000, 0x0000000088200000|100%| E|CS|TAMS 0x0000000088100000, 0x0000000088100000| Complete 
| 130|0x0000000088200000, 0x0000000088300000, 0x0000000088300000|100%| E|CS|TAMS 0x0000000088200000, 0x0000000088200000| Complete 
| 131|0x0000000088300000, 0x0000000088400000, 0x0000000088400000|100%| E|CS|TAMS 0x0000000088300000, 0x0000000088300000| Complete 
| 132|0x0000000088400000, 0x0000000088500000, 0x0000000088500000|100%| E|CS|TAMS 0x0000000088400000, 0x0000000088400000| Complete 
| 133|0x0000000088500000, 0x0000000088600000, 0x0000000088600000|100%| E|CS|TAMS 0x0000000088500000, 0x0000000088500000| Complete 
| 134|0x0000000088600000, 0x0000000088700000, 0x0000000088700000|100%| E|CS|TAMS 0x0000000088600000, 0x0000000088600000| Complete 
| 135|0x0000000088700000, 0x0000000088800000, 0x0000000088800000|100%| E|CS|TAMS 0x0000000088700000, 0x0000000088700000| Complete 
| 136|0x0000000088800000, 0x0000000088900000, 0x0000000088900000|100%| E|CS|TAMS 0x0000000088800000, 0x0000000088800000| Complete 
| 137|0x0000000088900000, 0x0000000088a00000, 0x0000000088a00000|100%| E|CS|TAMS 0x0000000088900000, 0x0000000088900000| Complete 
| 138|0x0000000088a00000, 0x0000000088b00000, 0x0000000088b00000|100%| E|CS|TAMS 0x0000000088a00000, 0x0000000088a00000| Complete 
| 139|0x0000000088b00000, 0x0000000088c00000, 0x0000000088c00000|100%| E|CS|TAMS 0x0000000088b00000, 0x0000000088b00000| Complete 
| 140|0x0000000088c00000, 0x0000000088d00000, 0x0000000088d00000|100%| E|CS|TAMS 0x0000000088c00000, 0x0000000088c00000| Complete 
| 141|0x0000000088d00000, 0x0000000088e00000, 0x0000000088e00000|100%| E|CS|TAMS 0x0000000088d00000, 0x0000000088d00000| Complete 
| 142|0x0000000088e00000, 0x0000000088f00000, 0x0000000088f00000|100%| E|CS|TAMS 0x0000000088e00000, 0x0000000088e00000| Complete 
| 143|0x0000000088f00000, 0x0000000089000000, 0x0000000089000000|100%| E|CS|TAMS 0x0000000088f00000, 0x0000000088f00000| Complete 
| 144|0x0000000089000000, 0x0000000089100000, 0x0000000089100000|100%| E|CS|TAMS 0x0000000089000000, 0x0000000089000000| Complete 
| 145|0x0000000089100000, 0x0000000089200000, 0x0000000089200000|100%| E|CS|TAMS 0x0000000089100000, 0x0000000089100000| Complete 
| 146|0x0000000089200000, 0x0000000089300000, 0x0000000089300000|100%| E|CS|TAMS 0x0000000089200000, 0x0000000089200000| Complete 
| 147|0x0000000089300000, 0x0000000089400000, 0x0000000089400000|100%| E|CS|TAMS 0x0000000089300000, 0x0000000089300000| Complete 
| 148|0x0000000089400000, 0x0000000089500000, 0x0000000089500000|100%| E|CS|TAMS 0x0000000089400000, 0x0000000089400000| Complete 
| 149|0x0000000089500000, 0x0000000089600000, 0x0000000089600000|100%| E|CS|TAMS 0x0000000089500000, 0x0000000089500000| Complete 
| 150|0x0000000089600000, 0x0000000089700000, 0x0000000089700000|100%| E|CS|TAMS 0x0000000089600000, 0x0000000089600000| Complete 
| 151|0x0000000089700000, 0x0000000089800000, 0x0000000089800000|100%| E|CS|TAMS 0x0000000089700000, 0x0000000089700000| Complete 
| 152|0x0000000089800000, 0x0000000089900000, 0x0000000089900000|100%| E|CS|TAMS 0x0000000089800000, 0x0000000089800000| Complete 
| 153|0x0000000089900000, 0x0000000089a00000, 0x0000000089a00000|100%| E|CS|TAMS 0x0000000089900000, 0x0000000089900000| Complete 
| 154|0x0000000089a00000, 0x0000000089b00000, 0x0000000089b00000|100%| E|CS|TAMS 0x0000000089a00000, 0x0000000089a00000| Complete 
| 155|0x0000000089b00000, 0x0000000089c00000, 0x0000000089c00000|100%| E|CS|TAMS 0x0000000089b00000, 0x0000000089b00000| Complete 
| 156|0x0000000089c00000, 0x0000000089d00000, 0x0000000089d00000|100%| E|CS|TAMS 0x0000000089c00000, 0x0000000089c00000| Complete 
| 157|0x0000000089d00000, 0x0000000089e00000, 0x0000000089e00000|100%| E|CS|TAMS 0x0000000089d00000, 0x0000000089d00000| Complete 
| 158|0x0000000089e00000, 0x0000000089f00000, 0x0000000089f00000|100%| E|CS|TAMS 0x0000000089e00000, 0x0000000089e00000| Complete 
| 159|0x0000000089f00000, 0x000000008a000000, 0x000000008a000000|100%| E|CS|TAMS 0x0000000089f00000, 0x0000000089f00000| Complete 
| 160|0x000000008a000000, 0x000000008a100000, 0x000000008a100000|100%| E|CS|TAMS 0x000000008a000000, 0x000000008a000000| Complete 
| 161|0x000000008a100000, 0x000000008a200000, 0x000000008a200000|100%| E|CS|TAMS 0x000000008a100000, 0x000000008a100000| Complete 
| 162|0x000000008a200000, 0x000000008a300000, 0x000000008a300000|100%| E|CS|TAMS 0x000000008a200000, 0x000000008a200000| Complete 
| 163|0x000000008a300000, 0x000000008a400000, 0x000000008a400000|100%| E|CS|TAMS 0x000000008a300000, 0x000000008a300000| Complete 
| 164|0x000000008a400000, 0x000000008a500000, 0x000000008a500000|100%| E|CS|TAMS 0x000000008a400000, 0x000000008a400000| Complete 
| 165|0x000000008a500000, 0x000000008a600000, 0x000000008a600000|100%| E|CS|TAMS 0x000000008a500000, 0x000000008a500000| Complete 
| 166|0x000000008a600000, 0x000000008a700000, 0x000000008a700000|100%| E|CS|TAMS 0x000000008a600000, 0x000000008a600000| Complete 
| 167|0x000000008a700000, 0x000000008a800000, 0x000000008a800000|100%| E|CS|TAMS 0x000000008a700000, 0x000000008a700000| Complete 
| 168|0x000000008a800000, 0x000000008a900000, 0x000000008a900000|100%| E|CS|TAMS 0x000000008a800000, 0x000000008a800000| Complete 
| 169|0x000000008a900000, 0x000000008aa00000, 0x000000008aa00000|100%| E|CS|TAMS 0x000000008a900000, 0x000000008a900000| Complete 
| 170|0x000000008aa00000, 0x000000008ab00000, 0x000000008ab00000|100%| E|CS|TAMS 0x000000008aa00000, 0x000000008aa00000| Complete 
| 171|0x000000008ab00000, 0x000000008ac00000, 0x000000008ac00000|100%| E|CS|TAMS 0x000000008ab00000, 0x000000008ab00000| Complete 
| 172|0x000000008ac00000, 0x000000008ad00000, 0x000000008ad00000|100%| E|CS|TAMS 0x000000008ac00000, 0x000000008ac00000| Complete 
| 173|0x000000008ad00000, 0x000000008ae00000, 0x000000008ae00000|100%| E|CS|TAMS 0x000000008ad00000, 0x000000008ad00000| Complete 
| 174|0x000000008ae00000, 0x000000008af00000, 0x000000008af00000|100%| E|CS|TAMS 0x000000008ae00000, 0x000000008ae00000| Complete 
| 175|0x000000008af00000, 0x000000008b000000, 0x000000008b000000|100%| E|CS|TAMS 0x000000008af00000, 0x000000008af00000| Complete 
| 176|0x000000008b000000, 0x000000008b100000, 0x000000008b100000|100%| E|CS|TAMS 0x000000008b000000, 0x000000008b000000| Complete 
| 177|0x000000008b100000, 0x000000008b200000, 0x000000008b200000|100%| E|CS|TAMS 0x000000008b100000, 0x000000008b100000| Complete 
| 178|0x000000008b200000, 0x000000008b300000, 0x000000008b300000|100%| E|CS|TAMS 0x000000008b200000, 0x000000008b200000| Complete 
| 179|0x000000008b300000, 0x000000008b400000, 0x000000008b400000|100%| E|CS|TAMS 0x000000008b300000, 0x000000008b300000| Complete 
| 180|0x000000008b400000, 0x000000008b500000, 0x000000008b500000|100%| E|CS|TAMS 0x000000008b400000, 0x000000008b400000| Complete 
| 181|0x000000008b500000, 0x000000008b600000, 0x000000008b600000|100%| E|CS|TAMS 0x000000008b500000, 0x000000008b500000| Complete 
| 182|0x000000008b600000, 0x000000008b700000, 0x000000008b700000|100%| E|CS|TAMS 0x000000008b600000, 0x000000008b600000| Complete 
| 183|0x000000008b700000, 0x000000008b800000, 0x000000008b800000|100%| E|CS|TAMS 0x000000008b700000, 0x000000008b700000| Complete 
| 184|0x000000008b800000, 0x000000008b900000, 0x000000008b900000|100%| E|CS|TAMS 0x000000008b800000, 0x000000008b800000| Complete 
| 185|0x000000008b900000, 0x000000008ba00000, 0x000000008ba00000|100%| E|CS|TAMS 0x000000008b900000, 0x000000008b900000| Complete 
| 186|0x000000008ba00000, 0x000000008bb00000, 0x000000008bb00000|100%| E|CS|TAMS 0x000000008ba00000, 0x000000008ba00000| Complete 
| 187|0x000000008bb00000, 0x000000008bc00000, 0x000000008bc00000|100%| E|CS|TAMS 0x000000008bb00000, 0x000000008bb00000| Complete 
| 188|0x000000008bc00000, 0x000000008bd00000, 0x000000008bd00000|100%| E|CS|TAMS 0x000000008bc00000, 0x000000008bc00000| Complete 
| 189|0x000000008bd00000, 0x000000008be00000, 0x000000008be00000|100%| E|CS|TAMS 0x000000008bd00000, 0x000000008bd00000| Complete 
| 190|0x000000008be00000, 0x000000008bf00000, 0x000000008bf00000|100%| E|CS|TAMS 0x000000008be00000, 0x000000008be00000| Complete 
| 191|0x000000008bf00000, 0x000000008c000000, 0x000000008c000000|100%| E|CS|TAMS 0x000000008bf00000, 0x000000008bf00000| Complete 
| 192|0x000000008c000000, 0x000000008c100000, 0x000000008c100000|100%| E|CS|TAMS 0x000000008c000000, 0x000000008c000000| Complete 
| 193|0x000000008c100000, 0x000000008c200000, 0x000000008c200000|100%| E|CS|TAMS 0x000000008c100000, 0x000000008c100000| Complete 
| 194|0x000000008c200000, 0x000000008c300000, 0x000000008c300000|100%| E|CS|TAMS 0x000000008c200000, 0x000000008c200000| Complete 
| 195|0x000000008c300000, 0x000000008c400000, 0x000000008c400000|100%| E|CS|TAMS 0x000000008c300000, 0x000000008c300000| Complete 
| 196|0x000000008c400000, 0x000000008c500000, 0x000000008c500000|100%| E|CS|TAMS 0x000000008c400000, 0x000000008c400000| Complete 
| 197|0x000000008c500000, 0x000000008c600000, 0x000000008c600000|100%| E|CS|TAMS 0x000000008c500000, 0x000000008c500000| Complete 
| 198|0x000000008c600000, 0x000000008c700000, 0x000000008c700000|100%| E|CS|TAMS 0x000000008c600000, 0x000000008c600000| Complete 
| 199|0x000000008c700000, 0x000000008c800000, 0x000000008c800000|100%| E|CS|TAMS 0x000000008c700000, 0x000000008c700000| Complete 
| 200|0x000000008c800000, 0x000000008c900000, 0x000000008c900000|100%| E|CS|TAMS 0x000000008c800000, 0x000000008c800000| Complete 
| 201|0x000000008c900000, 0x000000008ca00000, 0x000000008ca00000|100%| E|CS|TAMS 0x000000008c900000, 0x000000008c900000| Complete 
| 202|0x000000008ca00000, 0x000000008cb00000, 0x000000008cb00000|100%| E|CS|TAMS 0x000000008ca00000, 0x000000008ca00000| Complete 
| 203|0x000000008cb00000, 0x000000008cc00000, 0x000000008cc00000|100%| E|CS|TAMS 0x000000008cb00000, 0x000000008cb00000| Complete 
| 204|0x000000008cc00000, 0x000000008cd00000, 0x000000008cd00000|100%| E|CS|TAMS 0x000000008cc00000, 0x000000008cc00000| Complete 
| 205|0x000000008cd00000, 0x000000008ce00000, 0x000000008ce00000|100%| E|CS|TAMS 0x000000008cd00000, 0x000000008cd00000| Complete 
| 206|0x000000008ce00000, 0x000000008cf00000, 0x000000008cf00000|100%| E|CS|TAMS 0x000000008ce00000, 0x000000008ce00000| Complete 
| 207|0x000000008cf00000, 0x000000008d000000, 0x000000008d000000|100%| E|CS|TAMS 0x000000008cf00000, 0x000000008cf00000| Complete 
| 208|0x000000008d000000, 0x000000008d100000, 0x000000008d100000|100%| E|CS|TAMS 0x000000008d000000, 0x000000008d000000| Complete 
| 209|0x000000008d100000, 0x000000008d200000, 0x000000008d200000|100%| E|CS|TAMS 0x000000008d100000, 0x000000008d100000| Complete 
| 210|0x000000008d200000, 0x000000008d300000, 0x000000008d300000|100%| E|CS|TAMS 0x000000008d200000, 0x000000008d200000| Complete 
| 211|0x000000008d300000, 0x000000008d400000, 0x000000008d400000|100%| E|CS|TAMS 0x000000008d300000, 0x000000008d300000| Complete 
| 212|0x000000008d400000, 0x000000008d500000, 0x000000008d500000|100%| E|CS|TAMS 0x000000008d400000, 0x000000008d400000| Complete 
| 213|0x000000008d500000, 0x000000008d600000, 0x000000008d600000|100%| E|CS|TAMS 0x000000008d500000, 0x000000008d500000| Complete 
| 214|0x000000008d600000, 0x000000008d700000, 0x000000008d700000|100%| E|CS|TAMS 0x000000008d600000, 0x000000008d600000| Complete 
| 215|0x000000008d700000, 0x000000008d800000, 0x000000008d800000|100%| E|CS|TAMS 0x000000008d700000, 0x000000008d700000| Complete 
| 216|0x000000008d800000, 0x000000008d900000, 0x000000008d900000|100%| E|CS|TAMS 0x000000008d800000, 0x000000008d800000| Complete 
| 217|0x000000008d900000, 0x000000008da00000, 0x000000008da00000|100%| E|CS|TAMS 0x000000008d900000, 0x000000008d900000| Complete 
| 218|0x000000008da00000, 0x000000008db00000, 0x000000008db00000|100%| E|CS|TAMS 0x000000008da00000, 0x000000008da00000| Complete 
| 219|0x000000008db00000, 0x000000008dc00000, 0x000000008dc00000|100%| E|CS|TAMS 0x000000008db00000, 0x000000008db00000| Complete 
| 220|0x000000008dc00000, 0x000000008dd00000, 0x000000008dd00000|100%| E|CS|TAMS 0x000000008dc00000, 0x000000008dc00000| Complete 
| 221|0x000000008dd00000, 0x000000008de00000, 0x000000008de00000|100%| E|CS|TAMS 0x000000008dd00000, 0x000000008dd00000| Complete 
| 222|0x000000008de00000, 0x000000008df00000, 0x000000008df00000|100%| E|CS|TAMS 0x000000008de00000, 0x000000008de00000| Complete 
| 223|0x000000008df00000, 0x000000008e000000, 0x000000008e000000|100%| E|CS|TAMS 0x000000008df00000, 0x000000008df00000| Complete 
| 224|0x000000008e000000, 0x000000008e100000, 0x000000008e100000|100%| E|CS|TAMS 0x000000008e000000, 0x000000008e000000| Complete 
| 225|0x000000008e100000, 0x000000008e200000, 0x000000008e200000|100%| E|CS|TAMS 0x000000008e100000, 0x000000008e100000| Complete 
| 226|0x000000008e200000, 0x000000008e300000, 0x000000008e300000|100%| E|CS|TAMS 0x000000008e200000, 0x000000008e200000| Complete 
| 227|0x000000008e300000, 0x000000008e400000, 0x000000008e400000|100%| E|CS|TAMS 0x000000008e300000, 0x000000008e300000| Complete 
| 228|0x000000008e400000, 0x000000008e500000, 0x000000008e500000|100%| E|  |TAMS 0x000000008e400000, 0x000000008e400000| Complete 
| 229|0x000000008e500000, 0x000000008e600000, 0x000000008e600000|100%| E|CS|TAMS 0x000000008e500000, 0x000000008e500000| Complete 
| 230|0x000000008e600000, 0x000000008e700000, 0x000000008e700000|100%| E|CS|TAMS 0x000000008e600000, 0x000000008e600000| Complete 
| 231|0x000000008e700000, 0x000000008e800000, 0x000000008e800000|100%| E|CS|TAMS 0x000000008e700000, 0x000000008e700000| Complete 
| 232|0x000000008e800000, 0x000000008e900000, 0x000000008e900000|100%| E|CS|TAMS 0x000000008e800000, 0x000000008e800000| Complete 
| 233|0x000000008e900000, 0x000000008ea00000, 0x000000008ea00000|100%| E|CS|TAMS 0x000000008e900000, 0x000000008e900000| Complete 
| 234|0x000000008ea00000, 0x000000008eb00000, 0x000000008eb00000|100%| E|CS|TAMS 0x000000008ea00000, 0x000000008ea00000| Complete 
| 235|0x000000008eb00000, 0x000000008ec00000, 0x000000008ec00000|100%| E|CS|TAMS 0x000000008eb00000, 0x000000008eb00000| Complete 
| 236|0x000000008ec00000, 0x000000008ec3d0d8, 0x000000008ed00000| 23%| S|CS|TAMS 0x000000008ec00000, 0x000000008ec00000| Complete 
| 237|0x000000008ed00000, 0x000000008ee00000, 0x000000008ee00000|100%| S|CS|TAMS 0x000000008ed00000, 0x000000008ed00000| Complete 
| 238|0x000000008ee00000, 0x000000008ef00000, 0x000000008ef00000|100%| S|CS|TAMS 0x000000008ee00000, 0x000000008ee00000| Complete 
| 239|0x000000008ef00000, 0x000000008f000000, 0x000000008f000000|100%| S|CS|TAMS 0x000000008ef00000, 0x000000008ef00000| Complete 
| 240|0x000000008f000000, 0x000000008f100000, 0x000000008f100000|100%| S|CS|TAMS 0x000000008f000000, 0x000000008f000000| Complete 
| 241|0x000000008f100000, 0x000000008f200000, 0x000000008f200000|100%| S|CS|TAMS 0x000000008f100000, 0x000000008f100000| Complete 
| 242|0x000000008f200000, 0x000000008f300000, 0x000000008f300000|100%| S|CS|TAMS 0x000000008f200000, 0x000000008f200000| Complete 
| 243|0x000000008f300000, 0x000000008f400000, 0x000000008f400000|100%| S|CS|TAMS 0x000000008f300000, 0x000000008f300000| Complete 
| 244|0x000000008f400000, 0x000000008f500000, 0x000000008f500000|100%| S|CS|TAMS 0x000000008f400000, 0x000000008f400000| Complete 
| 245|0x000000008f500000, 0x000000008f600000, 0x000000008f600000|100%| S|CS|TAMS 0x000000008f500000, 0x000000008f500000| Complete 
| 246|0x000000008f600000, 0x000000008f700000, 0x000000008f700000|100%| S|CS|TAMS 0x000000008f600000, 0x000000008f600000| Complete 
| 247|0x000000008f700000, 0x000000008f800000, 0x000000008f800000|100%| S|CS|TAMS 0x000000008f700000, 0x000000008f700000| Complete 
| 248|0x000000008f800000, 0x000000008f900000, 0x000000008f900000|100%| E|CS|TAMS 0x000000008f800000, 0x000000008f800000| Complete 
| 249|0x000000008f900000, 0x000000008fa00000, 0x000000008fa00000|100%| E|CS|TAMS 0x000000008f900000, 0x000000008f900000| Complete 
| 250|0x000000008fa00000, 0x000000008fb00000, 0x000000008fb00000|100%| E|CS|TAMS 0x000000008fa00000, 0x000000008fa00000| Complete 
| 251|0x000000008fb00000, 0x000000008fc00000, 0x000000008fc00000|100%| E|CS|TAMS 0x000000008fb00000, 0x000000008fb00000| Complete 
| 252|0x000000008fc00000, 0x000000008fd00000, 0x000000008fd00000|100%| E|CS|TAMS 0x000000008fc00000, 0x000000008fc00000| Complete 
| 253|0x000000008fd00000, 0x000000008fe00000, 0x000000008fe00000|100%| E|CS|TAMS 0x000000008fd00000, 0x000000008fd00000| Complete 
| 254|0x000000008fe00000, 0x000000008ff00000, 0x000000008ff00000|100%| E|CS|TAMS 0x000000008fe00000, 0x000000008fe00000| Complete 
| 255|0x000000008ff00000, 0x0000000090000000, 0x0000000090000000|100%| E|CS|TAMS 0x000000008ff00000, 0x000000008ff00000| Complete 

Card table byte_map: [0x000001f25aad0000,0x000001f25aed0000] _byte_map_base: 0x000001f25a6d0000

Marking Bits (Prev, Next): (CMBitMap*) 0x000001f2476e2990, (CMBitMap*) 0x000001f2476e2958
 Prev Bits: [0x000001f25d2d0000, 0x000001f25f2d0000)
 Next Bits: [0x000001f25b2d0000, 0x000001f25d2d0000)

Polling page: 0x000001f245830000

Metaspace:

Usage:
  Non-class:     61.14 MB capacity,    60.05 MB ( 98%) used,   939.08 KB (  1%) free+waste,   177.50 KB ( <1%) overhead. 
      Class:      9.53 MB capacity,     8.92 MB ( 94%) used,   544.95 KB (  6%) free+waste,    83.13 KB ( <1%) overhead. 
       Both:     70.67 MB capacity,    68.96 MB ( 98%) used,     1.45 MB (  2%) free+waste,   260.63 KB ( <1%) overhead. 

Virtual space:
  Non-class space:       62.00 MB reserved,      61.25 MB ( 99%) committed 
      Class space:        1.00 GB reserved,       9.63 MB ( <1%) committed 
             Both:        1.06 GB reserved,      70.88 MB (  7%) committed 

Chunk freelists:
   Non-Class:  50.00 KB
       Class:  2.00 KB
        Both:  52.00 KB

MaxMetaspaceSize: 17179869184.00 GB
CompressedClassSpaceSize: 1.00 GB

CodeHeap 'non-profiled nmethods': size=120000Kb used=4076Kb max_used=4076Kb free=115923Kb
 bounds [0x000001f252c50000, 0x000001f253050000, 0x000001f25a180000]
CodeHeap 'profiled nmethods': size=120000Kb used=14085Kb max_used=14085Kb free=105914Kb
 bounds [0x000001f24b720000, 0x000001f24c4f0000, 0x000001f252c50000]
CodeHeap 'non-nmethods': size=5760Kb used=2264Kb max_used=2308Kb free=3495Kb
 bounds [0x000001f24b180000, 0x000001f24b3f0000, 0x000001f24b720000]
 total_blobs=7473 nmethods=6614 adapters=770
 compilation: enabled
              stopped_count=0, restarted_count=0
 full_count=0

Compilation events (20 events):
Event: 4.841 Thread 0x000001f26282d000 6595       3       org.gradle.api.internal.artifacts.result.DefaultResolvedComponentResult::getDependencies (8 bytes)
Event: 4.841 Thread 0x000001f26282d000 nmethod 6595 0x000001f24c4bac10 code [0x000001f24c4bae00, 0x000001f24c4bb228]
Event: 4.841 Thread 0x000001f26282d000 6597       3       com.android.build.gradle.internal.utils.ViolatingPluginDetector$detect$violatingPlugins$1::invoke (12 bytes)
Event: 4.841 Thread 0x000001f26282d000 nmethod 6597 0x000001f24c4bb410 code [0x000001f24c4bb5e0, 0x000001f24c4bb8e8]
Event: 4.841 Thread 0x000001f26282d000 6593       1       com.android.build.gradle.internal.utils.ViolatingPluginDetector::access$getPluginToSearch$p (5 bytes)
Event: 4.841 Thread 0x000001f26282d000 nmethod 6593 0x000001f253049a10 code [0x000001f253049bc0, 0x000001f253049c58]
Event: 4.841 Thread 0x000001f26282d000 6592       1       org.gradle.api.internal.artifacts.result.DefaultResolvedComponentResult::getId (5 bytes)
Event: 4.841 Thread 0x000001f26282d000 nmethod 6592 0x000001f253049d10 code [0x000001f253049ec0, 0x000001f253049f78]
Event: 4.841 Thread 0x000001f26282d000 6594       1       com.android.build.gradle.internal.utils.DependencyInfo::getDependencyGroup (5 bytes)
Event: 4.841 Thread 0x000001f26282d000 nmethod 6594 0x000001f25304a010 code [0x000001f25304a1c0, 0x000001f25304a278]
Event: 4.841 Thread 0x000001f26282d000 6598       3       org.gradle.api.internal.project.DefaultProject::getIdentityPath (10 bytes)
Event: 4.841 Thread 0x000001f26282d000 nmethod 6598 0x000001f24c4bba10 code [0x000001f24c4bbbc0, 0x000001f24c4bbd18]
Event: 4.841 Thread 0x000001f26282d000 6599       1       org.gradle.api.internal.project.DefaultProjectStateRegistry::access$000 (5 bytes)
Event: 4.841 Thread 0x000001f26282d000 nmethod 6599 0x000001f25304a310 code [0x000001f25304a4c0, 0x000001f25304a558]
Event: 4.844 Thread 0x000001f26282d000 6600       3       java.util.TreeSet::add (22 bytes)
Event: 4.844 Thread 0x000001f26282d000 nmethod 6600 0x000001f24c4bbe10 code [0x000001f24c4bbfe0, 0x000001f24c4bc208]
Event: 4.845 Thread 0x000001f26282d000 6601       3       com.google.common.collect.CompactLinkedHashMap::insertEntry (26 bytes)
Event: 4.846 Thread 0x000001f26282d000 nmethod 6601 0x000001f24c4bc310 code [0x000001f24c4bc520, 0x000001f24c4bca98]
Event: 4.846 Thread 0x000001f26282d000 6602       3       org.gradle.api.internal.project.taskfactory.DefaultTaskClassInfoStore::createTaskAction (215 bytes)
Event: 4.848 Thread 0x000001f26282d000 nmethod 6602 0x000001f24c4bcd10 code [0x000001f24c4bd380, 0x000001f24c4c0e38]

GC Heap History (14 events):
Event: 0.499 GC heap before
{Heap before GC invocations=0 (full 0):
 garbage-first heap   total 262144K, used 29696K [0x0000000080000000, 0x0000000100000000)
  region size 1024K, 24 young (24576K), 0 survivors (0K)
 Metaspace       used 10177K, capacity 10363K, committed 10624K, reserved 1058816K
  class space    used 1064K, capacity 1141K, committed 1152K, reserved 1048576K
}
Event: 0.502 GC heap after
{Heap after GC invocations=1 (full 0):
 garbage-first heap   total 262144K, used 9088K [0x0000000080000000, 0x0000000100000000)
  region size 1024K, 3 young (3072K), 3 survivors (3072K)
 Metaspace       used 10177K, capacity 10363K, committed 10624K, reserved 1058816K
  class space    used 1064K, capacity 1141K, committed 1152K, reserved 1048576K
}
Event: 1.486 GC heap before
{Heap before GC invocations=1 (full 0):
 garbage-first heap   total 262144K, used 105344K [0x0000000080000000, 0x0000000100000000)
  region size 1024K, 98 young (100352K), 3 survivors (3072K)
 Metaspace       used 20592K, capacity 21124K, committed 21248K, reserved 1067008K
  class space    used 2518K, capacity 2722K, committed 2816K, reserved 1048576K
}
Event: 1.491 GC heap after
{Heap after GC invocations=2 (full 0):
 garbage-first heap   total 262144K, used 16361K [0x0000000080000000, 0x0000000100000000)
  region size 1024K, 11 young (11264K), 11 survivors (11264K)
 Metaspace       used 20592K, capacity 21124K, committed 21248K, reserved 1067008K
  class space    used 2518K, capacity 2722K, committed 2816K, reserved 1048576K
}
Event: 1.754 GC heap before
{Heap before GC invocations=3 (full 0):
 garbage-first heap   total 262144K, used 60393K [0x0000000080000000, 0x0000000100000000)
  region size 1024K, 54 young (55296K), 11 survivors (11264K)
 Metaspace       used 25041K, capacity 25609K, committed 25728K, reserved 1071104K
  class space    used 3250K, capacity 3455K, committed 3456K, reserved 1048576K
}
Event: 1.759 GC heap after
{Heap after GC invocations=4 (full 0):
 garbage-first heap   total 262144K, used 18015K [0x0000000080000000, 0x0000000100000000)
  region size 1024K, 2 young (2048K), 2 survivors (2048K)
 Metaspace       used 25041K, capacity 25609K, committed 25728K, reserved 1071104K
  class space    used 3250K, capacity 3455K, committed 3456K, reserved 1048576K
}
Event: 2.291 GC heap before
{Heap before GC invocations=4 (full 0):
 garbage-first heap   total 262144K, used 84575K [0x0000000080000000, 0x0000000100000000)
  region size 1024K, 69 young (70656K), 2 survivors (2048K)
 Metaspace       used 35006K, capacity 35798K, committed 35840K, reserved 1081344K
  class space    used 4534K, capacity 4832K, committed 4864K, reserved 1048576K
}
Event: 2.295 GC heap after
{Heap after GC invocations=5 (full 0):
 garbage-first heap   total 262144K, used 21562K [0x0000000080000000, 0x0000000100000000)
  region size 1024K, 6 young (6144K), 6 survivors (6144K)
 Metaspace       used 35006K, capacity 35798K, committed 35840K, reserved 1081344K
  class space    used 4534K, capacity 4832K, committed 4864K, reserved 1048576K
}
Event: 2.934 GC heap before
{Heap before GC invocations=6 (full 0):
 garbage-first heap   total 262144K, used 134202K [0x0000000080000000, 0x0000000100000000)
  region size 1024K, 113 young (115712K), 6 survivors (6144K)
 Metaspace       used 43784K, capacity 44806K, committed 44928K, reserved 1087488K
  class space    used 5620K, capacity 5970K, committed 6016K, reserved 1048576K
}
Event: 2.940 GC heap after
{Heap after GC invocations=7 (full 0):
 garbage-first heap   total 262144K, used 27788K [0x0000000080000000, 0x0000000100000000)
  region size 1024K, 12 young (12288K), 12 survivors (12288K)
 Metaspace       used 43784K, capacity 44806K, committed 44928K, reserved 1087488K
  class space    used 5620K, capacity 5970K, committed 6016K, reserved 1048576K
}
Event: 3.890 GC heap before
{Heap before GC invocations=7 (full 0):
 garbage-first heap   total 262144K, used 167052K [0x0000000080000000, 0x0000000100000000)
  region size 1024K, 145 young (148480K), 12 survivors (12288K)
 Metaspace       used 57018K, capacity 58489K, committed 58752K, reserved 1099776K
  class space    used 7206K, capacity 7718K, committed 7808K, reserved 1048576K
}
Event: 3.898 GC heap after
{Heap after GC invocations=8 (full 0):
 garbage-first heap   total 262144K, used 42315K [0x0000000080000000, 0x0000000100000000)
  region size 1024K, 17 young (17408K), 17 survivors (17408K)
 Metaspace       used 57018K, capacity 58489K, committed 58752K, reserved 1099776K
  class space    used 7206K, capacity 7718K, committed 7808K, reserved 1048576K
}
Event: 3.979 GC heap before
{Heap before GC invocations=8 (full 0):
 garbage-first heap   total 262144K, used 49483K [0x0000000080000000, 0x0000000100000000)
  region size 1024K, 25 young (25600K), 17 survivors (17408K)
 Metaspace       used 58484K, capacity 60028K, committed 60160K, reserved 1101824K
  class space    used 7402K, capacity 7954K, committed 8064K, reserved 1048576K
}
Event: 3.989 GC heap after
{Heap after GC invocations=9 (full 0):
 garbage-first heap   total 262144K, used 42820K [0x0000000080000000, 0x0000000100000000)
  region size 1024K, 12 young (12288K), 12 survivors (12288K)
 Metaspace       used 58484K, capacity 60028K, committed 60160K, reserved 1101824K
  class space    used 7402K, capacity 7954K, committed 8064K, reserved 1048576K
}

Deoptimization events (20 events):
Event: 4.407 Thread 0x000001f264671000 Uncommon trap: trap_request=0xffffff4d fr.pc=0x000001f252dfb2f8 relative=0x0000000000000338
Event: 4.407 Thread 0x000001f264671000 Uncommon trap: reason=unstable_if action=reinterpret pc=0x000001f252dfb2f8 method=java.util.StringJoiner.add(Ljava/lang/CharSequence;)Ljava/util/StringJoiner; @ 33 c2
Event: 4.407 Thread 0x000001f264671000 DEOPT PACKING pc=0x000001f252dfb2f8 sp=0x000000bdb38f63c0
Event: 4.407 Thread 0x000001f264671000 DEOPT UNPACKING pc=0x000001f24b1a78af sp=0x000000bdb38f6370 mode 2
Event: 4.449 Thread 0x000001f264671000 Uncommon trap: trap_request=0xffffff4d fr.pc=0x000001f252e2ce70 relative=0x0000000000005d70
Event: 4.449 Thread 0x000001f264671000 Uncommon trap: reason=unstable_if action=reinterpret pc=0x000001f252e2ce70 method=org.codehaus.groovy.runtime.metaclass.MetaMethodIndex.isOverridden(Lgroovy/lang/MetaMethod;Lgroovy/lang/MetaMethod;)Z @ 33 c2
Event: 4.449 Thread 0x000001f264671000 DEOPT PACKING pc=0x000001f252e2ce70 sp=0x000000bdb38f5200
Event: 4.449 Thread 0x000001f264671000 DEOPT UNPACKING pc=0x000001f24b1a78af sp=0x000000bdb38f5218 mode 2
Event: 4.781 Thread 0x000001f264671000 Uncommon trap: trap_request=0xffffffdc fr.pc=0x000001f253044658 relative=0x0000000000000298
Event: 4.781 Thread 0x000001f264671000 Uncommon trap: reason=class_check action=make_not_entrant pc=0x000001f253044658 method=java.util.ArrayList.toArray([Ljava/lang/Object;)[Ljava/lang/Object; @ 21 c2
Event: 4.781 Thread 0x000001f264671000 DEOPT PACKING pc=0x000001f253044658 sp=0x000000bdb38f8f10
Event: 4.781 Thread 0x000001f264671000 DEOPT UNPACKING pc=0x000001f24b1a78af sp=0x000000bdb38f8ee0 mode 2
Event: 4.831 Thread 0x000001f264671000 Uncommon trap: trap_request=0xffffff4d fr.pc=0x000001f252ea9770 relative=0x0000000000000c50
Event: 4.831 Thread 0x000001f264671000 Uncommon trap: reason=unstable_if action=reinterpret pc=0x000001f252ea9770 method=com.esotericsoftware.kryo.io.Input.readString()Ljava/lang/String; @ 28 c2
Event: 4.831 Thread 0x000001f264671000 DEOPT PACKING pc=0x000001f252ea9770 sp=0x000000bdb38f8f10
Event: 4.831 Thread 0x000001f264671000 DEOPT UNPACKING pc=0x000001f24b1a78af sp=0x000000bdb38f8ee8 mode 2
Event: 4.832 Thread 0x000001f264671000 Uncommon trap: trap_request=0xffffff4d fr.pc=0x000001f252e7fa74 relative=0x00000000000001b4
Event: 4.832 Thread 0x000001f264671000 Uncommon trap: reason=unstable_if action=reinterpret pc=0x000001f252e7fa74 method=com.esotericsoftware.kryo.io.Input.require(I)I @ 65 c2
Event: 4.832 Thread 0x000001f264671000 DEOPT PACKING pc=0x000001f252e7fa74 sp=0x000000bdb38f8e10
Event: 4.832 Thread 0x000001f264671000 DEOPT UNPACKING pc=0x000001f24b1a78af sp=0x000000bdb38f8dd0 mode 2

Classes redefined (0 events):
No events

Internal exceptions (20 events):
Event: 4.451 Thread 0x000001f264671000 Exception <a 'java/lang/ClassNotFoundException'{0x000000008a954e18}: com/android/builder/core/AbstractBuildTypeCustomizer> (0x000000008a954e18) thrown at [./src/hotspot/share/classfile/systemDictionary.cpp, line 231]
Event: 4.452 Thread 0x000001f264671000 Exception <a 'java/lang/ClassNotFoundException'{0x000000008a989d30}: com/android/build/gradle/internal/dsl/BuildTypeCustomizer> (0x000000008a989d30) thrown at [./src/hotspot/share/classfile/systemDictionary.cpp, line 231]
Event: 4.454 Thread 0x000001f264671000 Exception <a 'java/lang/ClassNotFoundException'{0x000000008a8165f8}: com/android/build/gradle/internal/dsl/BuildType_DecoratedCustomizer> (0x000000008a8165f8) thrown at [./src/hotspot/share/classfile/systemDictionary.cpp, line 231]
Event: 4.458 Thread 0x000001f264671000 Exception <a 'java/lang/ClassNotFoundException'{0x000000008a8d84a0}: build_1osgj45hq859454xyu56ficmu$_run_closure1$_closure4BeanInfo> (0x000000008a8d84a0) thrown at [./src/hotspot/share/classfile/systemDictionary.cpp, line 231]
Event: 4.458 Thread 0x000001f264671000 Exception <a 'java/lang/ClassNotFoundException'{0x000000008a8e8c08}: build_1osgj45hq859454xyu56ficmu$_run_closure1$_closure4Customizer> (0x000000008a8e8c08) thrown at [./src/hotspot/share/classfile/systemDictionary.cpp, line 231]
Event: 4.460 Thread 0x000001f264671000 Exception <a 'java/lang/ClassNotFoundException'{0x000000008a711e58}: build_1osgj45hq859454xyu56ficmu$_run_closure1BeanInfo> (0x000000008a711e58) thrown at [./src/hotspot/share/classfile/systemDictionary.cpp, line 231]
Event: 4.460 Thread 0x000001f264671000 Exception <a 'java/lang/ClassNotFoundException'{0x000000008a721c68}: build_1osgj45hq859454xyu56ficmu$_run_closure1Customizer> (0x000000008a721c68) thrown at [./src/hotspot/share/classfile/systemDictionary.cpp, line 231]
Event: 4.463 Thread 0x000001f264671000 Exception <a 'java/lang/ClassNotFoundException'{0x000000008a77f460}: org/gradle/api/JavaVersionBeanInfo> (0x000000008a77f460) thrown at [./src/hotspot/share/classfile/systemDictionary.cpp, line 231]
Event: 4.463 Thread 0x000001f264671000 Exception <a 'java/lang/ClassNotFoundException'{0x000000008a7a9988}: org/gradle/api/JavaVersionCustomizer> (0x000000008a7a9988) thrown at [./src/hotspot/share/classfile/systemDictionary.cpp, line 231]
Event: 4.465 Thread 0x000001f264671000 Exception <a 'java/lang/ClassNotFoundException'{0x000000008a7fe5d8}: com/android/build/gradle/internal/CompileOptions_DecoratedBeanInfo> (0x000000008a7fe5d8) thrown at [./src/hotspot/share/classfile/systemDictionary.cpp, line 231]
Event: 4.466 Thread 0x000001f264671000 Exception <a 'java/lang/ClassNotFoundException'{0x000000008a615f40}: com/android/build/gradle/internal/CompileOptionsBeanInfo> (0x000000008a615f40) thrown at [./src/hotspot/share/classfile/systemDictionary.cpp, line 231]
Event: 4.466 Thread 0x000001f264671000 Exception <a 'java/lang/ClassNotFoundException'{0x000000008a62db28}: com/android/build/gradle/internal/CompileOptionsCustomizer> (0x000000008a62db28) thrown at [./src/hotspot/share/classfile/systemDictionary.cpp, line 231]
Event: 4.466 Thread 0x000001f264671000 Exception <a 'java/lang/ClassNotFoundException'{0x000000008a6520f8}: com/android/build/gradle/internal/CompileOptions_DecoratedCustomizer> (0x000000008a6520f8) thrown at [./src/hotspot/share/classfile/systemDictionary.cpp, line 231]
Event: 4.807 Thread 0x000001f264671000 Exception <a 'java/lang/ClassNotFoundException'{0x0000000087bc8f68}: com/android/build/gradle/internal/api/ApkVariantOutputImpl_DecoratedBeanInfo> (0x0000000087bc8f68) thrown at [./src/hotspot/share/classfile/systemDictionary.cpp, line 231]
Event: 4.807 Thread 0x000001f264671000 Exception <a 'java/lang/ClassNotFoundException'{0x0000000087be2988}: com/android/build/gradle/internal/api/ApkVariantOutputImplBeanInfo> (0x0000000087be2988) thrown at [./src/hotspot/share/classfile/systemDictionary.cpp, line 231]
Event: 4.807 Thread 0x000001f264671000 Exception <a 'java/lang/ClassNotFoundException'{0x0000000087bfcb58}: com/android/build/gradle/internal/api/BaseVariantOutputImplBeanInfo> (0x0000000087bfcb58) thrown at [./src/hotspot/share/classfile/systemDictionary.cpp, line 231]
Event: 4.807 Thread 0x000001f264671000 Exception <a 'java/lang/ClassNotFoundException'{0x0000000087a172a8}: com/android/build/gradle/internal/api/BaseVariantOutputImplCustomizer> (0x0000000087a172a8) thrown at [./src/hotspot/share/classfile/systemDictionary.cpp, line 231]
Event: 4.808 Thread 0x000001f264671000 Exception <a 'java/lang/ClassNotFoundException'{0x0000000087a43b78}: com/android/build/gradle/internal/api/ApkVariantOutputImplCustomizer> (0x0000000087a43b78) thrown at [./src/hotspot/share/classfile/systemDictionary.cpp, line 231]
Event: 4.808 Thread 0x000001f264671000 Exception <a 'java/lang/ClassNotFoundException'{0x0000000087a6c850}: com/android/build/gradle/internal/api/ApkVariantOutputImpl_DecoratedCustomizer> (0x0000000087a6c850) thrown at [./src/hotspot/share/classfile/systemDictionary.cpp, line 231]
Event: 4.814 Thread 0x000001f264671000 Exception <a 'java/lang/NoClassDefFoundError'{0x00000000879d2b28}: org/jetbrains/kotlin/gradle/plugin/KotlinBasePluginWrapper> (0x00000000879d2b28) thrown at [./src/hotspot/share/classfile/systemDictionary.cpp, line 220]

Events (20 events):
Event: 4.848 loading class org/gradle/api/internal/tasks/DefaultTaskInputs$6
Event: 4.848 loading class org/gradle/api/internal/tasks/DefaultTaskInputs$6 done
Event: 4.849 loading class org/gradle/api/internal/tasks/TaskPropertyUtils
Event: 4.849 loading class org/gradle/api/internal/tasks/TaskPropertyUtils done
Event: 4.849 loading class org/gradle/internal/reflect/validation/TypeValidationContext$1
Event: 4.849 loading class org/gradle/internal/reflect/validation/TypeValidationContext$1 done
Event: 4.849 loading class org/gradle/api/internal/tasks/properties/BeanPropertyContext
Event: 4.849 loading class org/gradle/api/internal/tasks/properties/BeanPropertyContext done
Event: 4.849 loading class com/android/build/gradle/tasks/PackageAndroidArtifact$1
Event: 4.849 loading class com/android/build/gradle/tasks/PackageAndroidArtifact$1 done
Event: 4.849 loading class com/android/build/api/variant/BuiltArtifact
Event: 4.849 loading class com/android/build/api/variant/BuiltArtifact done
Event: 4.850 loading class com/android/tools/build/apkzlib/utils/IOExceptionWrapper
Event: 4.850 loading class com/android/tools/build/apkzlib/utils/IOExceptionWrapper done
Event: 4.850 loading class java/util/zip/ZipOutputStream
Event: 4.851 loading class java/util/zip/ZipOutputStream done
Event: 4.851 loading class com/android/build/gradle/tasks/PackageApplication$Companion
Event: 4.851 loading class com/android/build/gradle/tasks/PackageApplication$Companion done
Event: 4.851 loading class com/android/builder/files/KeyedFileCache
Event: 4.851 loading class com/android/builder/files/KeyedFileCache done


Dynamic libraries:
0x00007ff6accd0000 - 0x00007ff6accda000 	C:\Program Files\Android\Android Studio\jre\bin\java.exe
0x00007ffcaa0c0000 - 0x00007ffcaa2c7000 	C:\WINDOWS\SYSTEM32\ntdll.dll
0x00007ffca8720000 - 0x00007ffca87dd000 	C:\WINDOWS\System32\KERNEL32.DLL
0x00007ffca7880000 - 0x00007ffca7bf4000 	C:\WINDOWS\System32\KERNELBASE.dll
0x00007ffca4b70000 - 0x00007ffca4c01000 	C:\WINDOWS\SYSTEM32\apphelp.dll
0x00007ffca7640000 - 0x00007ffca7751000 	C:\WINDOWS\System32\ucrtbase.dll
0x00007ffca4a30000 - 0x00007ffca4a47000 	C:\Program Files\Android\Android Studio\jre\bin\VCRUNTIME140.dll
0x00007ffca3e80000 - 0x00007ffca3e99000 	C:\Program Files\Android\Android Studio\jre\bin\jli.dll
0x00007ffca9620000 - 0x00007ffca97cc000 	C:\WINDOWS\System32\USER32.dll
0x00007ffc97ac0000 - 0x00007ffc97d65000 	C:\WINDOWS\WinSxS\amd64_microsoft.windows.common-controls_6595b64144ccf1df_6.0.22000.120_none_9d947278b86cc467\COMCTL32.dll
0x00007ffca82d0000 - 0x00007ffca8373000 	C:\WINDOWS\System32\msvcrt.dll
0x00007ffca7c00000 - 0x00007ffca7c26000 	C:\WINDOWS\System32\win32u.dll
0x00007ffca8500000 - 0x00007ffca8529000 	C:\WINDOWS\System32\GDI32.dll
0x00007ffca7760000 - 0x00007ffca7872000 	C:\WINDOWS\System32\gdi32full.dll
0x00007ffca75a0000 - 0x00007ffca763d000 	C:\WINDOWS\System32\msvcp_win.dll
0x00007ffcaa040000 - 0x00007ffcaa071000 	C:\WINDOWS\System32\IMM32.DLL
0x00007ffc92d30000 - 0x00007ffc92dcd000 	C:\Program Files\Android\Android Studio\jre\bin\msvcp140.dll
0x00007ffc60890000 - 0x00007ffc6135f000 	C:\Program Files\Android\Android Studio\jre\bin\server\jvm.dll
0x00007ffca9570000 - 0x00007ffca961c000 	C:\WINDOWS\System32\ADVAPI32.dll
0x00007ffca9a00000 - 0x00007ffca9a9d000 	C:\WINDOWS\System32\sechost.dll
0x00007ffca9f10000 - 0x00007ffcaa031000 	C:\WINDOWS\System32\RPCRT4.dll
0x00007ffca8530000 - 0x00007ffca8538000 	C:\WINDOWS\System32\PSAPI.DLL
0x00007ffc9e240000 - 0x00007ffc9e273000 	C:\WINDOWS\SYSTEM32\WINMM.dll
0x00007ffc9f340000 - 0x00007ffc9f34a000 	C:\WINDOWS\SYSTEM32\VERSION.dll
0x00007ffc8f260000 - 0x00007ffc8f269000 	C:\WINDOWS\SYSTEM32\WSOCK32.dll
0x00007ffca93f0000 - 0x00007ffca945f000 	C:\WINDOWS\System32\WS2_32.dll
0x00007ffca67b0000 - 0x00007ffca67c8000 	C:\WINDOWS\SYSTEM32\kernel.appcore.dll
0x00007ffc90210000 - 0x00007ffc90221000 	C:\Program Files\Android\Android Studio\jre\bin\verify.dll
0x00007ffc8dea0000 - 0x00007ffc8e0c1000 	C:\WINDOWS\SYSTEM32\DBGHELP.DLL
0x00007ffc8c830000 - 0x00007ffc8c861000 	C:\WINDOWS\SYSTEM32\dbgcore.DLL
0x00007ffca7c30000 - 0x00007ffca7cb0000 	C:\WINDOWS\System32\bcryptPrimitives.dll
0x00007ffc86530000 - 0x00007ffc86559000 	C:\Program Files\Android\Android Studio\jre\bin\java.dll
0x00007ffc97060000 - 0x00007ffc9706b000 	C:\Program Files\Android\Android Studio\jre\bin\jimage.dll
0x00007ffc84d90000 - 0x00007ffc84da8000 	C:\Program Files\Android\Android Studio\jre\bin\zip.dll
0x00007ffca89d0000 - 0x00007ffca917a000 	C:\WINDOWS\System32\SHELL32.dll
0x00007ffca5750000 - 0x00007ffca5fb2000 	C:\WINDOWS\SYSTEM32\windows.storage.dll
0x00007ffca7f50000 - 0x00007ffca82c8000 	C:\WINDOWS\System32\combase.dll
0x00007ffca55e0000 - 0x00007ffca5746000 	C:\WINDOWS\SYSTEM32\wintypes.dll
0x00007ffca8410000 - 0x00007ffca84fa000 	C:\WINDOWS\System32\SHCORE.dll
0x00007ffca88c0000 - 0x00007ffca891d000 	C:\WINDOWS\System32\shlwapi.dll
0x00007ffca74d0000 - 0x00007ffca74f1000 	C:\WINDOWS\SYSTEM32\profapi.dll
0x00007ffc80fc0000 - 0x00007ffc80fda000 	C:\Program Files\Android\Android Studio\jre\bin\net.dll
0x00007ffca2150000 - 0x00007ffca225c000 	C:\WINDOWS\SYSTEM32\WINHTTP.dll
0x00007ffca6bc0000 - 0x00007ffca6c27000 	C:\WINDOWS\system32\mswsock.dll
0x00007ffc80fa0000 - 0x00007ffc80fb4000 	C:\Program Files\Android\Android Studio\jre\bin\nio.dll
0x00007ffc8c9c0000 - 0x00007ffc8c9e7000 	C:\Users\Yash\.gradle\native\8bec1ad78214c89d9ad589b4d07fe93259594b29d510b10fafb7a158f7737e5d\windows-amd64\native-platform.dll
0x00007ffc7a2b0000 - 0x00007ffc7a3ed000 	C:\Users\Yash\.gradle\native\53dbd7edfb1c66fb8903c78663c9afc45aea4f116125fa6feffd364cf09443e8\windows-amd64\native-platform-file-events.dll
0x00007ffc96fb0000 - 0x00007ffc96fba000 	C:\Program Files\Android\Android Studio\jre\bin\management.dll
0x00007ffc93cb0000 - 0x00007ffc93cbc000 	C:\Program Files\Android\Android Studio\jre\bin\management_ext.dll
0x00007ffca6e00000 - 0x00007ffca6e18000 	C:\WINDOWS\SYSTEM32\CRYPTSP.dll
0x00007ffca6710000 - 0x00007ffca6745000 	C:\WINDOWS\system32\rsaenh.dll
0x00007ffca6cb0000 - 0x00007ffca6cd9000 	C:\WINDOWS\SYSTEM32\USERENV.dll
0x00007ffca6f80000 - 0x00007ffca6fa7000 	C:\WINDOWS\SYSTEM32\bcrypt.dll
0x00007ffca6e20000 - 0x00007ffca6e2c000 	C:\WINDOWS\SYSTEM32\CRYPTBASE.dll
0x00007ffca62f0000 - 0x00007ffca631d000 	C:\WINDOWS\SYSTEM32\IPHLPAPI.DLL
0x00007ffca9460000 - 0x00007ffca9469000 	C:\WINDOWS\System32\NSI.dll
0x00007ffca1fb0000 - 0x00007ffca1fc9000 	C:\WINDOWS\SYSTEM32\dhcpcsvc6.DLL
0x00007ffca2420000 - 0x00007ffca243e000 	C:\WINDOWS\SYSTEM32\dhcpcsvc.DLL
0x00007ffca6320000 - 0x00007ffca6407000 	C:\WINDOWS\SYSTEM32\DNSAPI.dll

dbghelp: loaded successfully - version: 4.0.5 - missing functions: none
symbol engine: initialized successfully - sym options: 0x614 - pdb path: .;C:\Program Files\Android\Android Studio\jre\bin;C:\WINDOWS\SYSTEM32;C:\WINDOWS\WinSxS\amd64_microsoft.windows.common-controls_6595b64144ccf1df_6.0.22000.120_none_9d947278b86cc467;C:\Program Files\Android\Android Studio\jre\bin\server;C:\Users\Yash\.gradle\native\8bec1ad78214c89d9ad589b4d07fe93259594b29d510b10fafb7a158f7737e5d\windows-amd64;C:\Users\Yash\.gradle\native\53dbd7edfb1c66fb8903c78663c9afc45aea4f116125fa6feffd364cf09443e8\windows-amd64

VM Arguments:
jvm_args: --add-opens=java.base/java.util=ALL-UNNAMED --add-opens=java.base/java.lang=ALL-UNNAMED --add-opens=java.base/java.lang.invoke=ALL-UNNAMED --add-opens=java.base/java.util=ALL-UNNAMED --add-opens=java.prefs/java.util.prefs=ALL-UNNAMED --add-opens=java.prefs/java.util.prefs=ALL-UNNAMED --add-opens=java.base/java.nio.charset=ALL-UNNAMED --add-opens=java.base/java.net=ALL-UNNAMED --add-opens=java.base/java.util.concurrent.atomic=ALL-UNNAMED -Xmx2048m -Dfile.encoding=UTF-8 -Duser.country=IN -Duser.language=en -Duser.variant 
java_command: org.gradle.launcher.daemon.bootstrap.GradleDaemon 7.0.2
java_class_path (initial): C:\Users\Yash\.gradle\wrapper\dists\gradle-7.0.2-bin\857tjihv64xamwrf0h14cai3r\gradle-7.0.2\lib\gradle-launcher-7.0.2.jar
Launcher Type: SUN_STANDARD

[Global flags]
     intx CICompilerCount                          = 4                                         {product} {ergonomic}
     uint ConcGCThreads                            = 3                                         {product} {ergonomic}
     uint G1ConcRefinementThreads                  = 10                                        {product} {ergonomic}
   size_t G1HeapRegionSize                         = 1048576                                   {product} {ergonomic}
    uintx GCDrainStackTargetSize                   = 64                                        {product} {ergonomic}
   size_t InitialHeapSize                          = 268435456                                 {product} {ergonomic}
   size_t MarkStackSize                            = 4194304                                   {product} {ergonomic}
   size_t MaxHeapSize                              = 2147483648                                {product} {command line}
   size_t MaxNewSize                               = 1287651328                                {product} {ergonomic}
   size_t MinHeapDeltaBytes                        = 1048576                                   {product} {ergonomic}
    uintx NonNMethodCodeHeapSize                   = 5836300                                {pd product} {ergonomic}
    uintx NonProfiledCodeHeapSize                  = 122910970                              {pd product} {ergonomic}
    uintx ProfiledCodeHeapSize                     = 122910970                              {pd product} {ergonomic}
    uintx ReservedCodeCacheSize                    = 251658240                              {pd product} {ergonomic}
     bool SegmentedCodeCache                       = true                                      {product} {ergonomic}
     bool UseCompressedClassPointers               = true                                 {lp64_product} {ergonomic}
     bool UseCompressedOops                        = true                                 {lp64_product} {ergonomic}
     bool UseG1GC                                  = true                                      {product} {ergonomic}
     bool UseLargePagesIndividualAllocation        = false                                  {pd product} {ergonomic}

Logging:
Log output configuration:
 #0: stdout all=warning uptime,level,tags
 #1: stderr all=off uptime,level,tags

Environment Variables:
PATH=C:\WINDOWS\system32;C:\WINDOWS;C:\WINDOWS\System32\Wbem;C:\WINDOWS\System32\WindowsPowerShell\v1.0\;C:\WINDOWS\System32\OpenSSH\;C:\Program Files\Git\cmd;C:\Users\Yash\AppData\Local\Microsoft\WindowsApps;
USERNAME=Yash
OS=Windows_NT
PROCESSOR_IDENTIFIER=AMD64 Family 23 Model 113 Stepping 0, AuthenticAMD



---------------  S Y S T E M  ---------------

OS: Windows 10 , 64 bit Build 22000 (10.0.22000.282)
OS uptime: 1 days 4:07 hours

CPU:total 12 (initial active 12) (12 cores per cpu, 2 threads per core) family 23 model 113 stepping 0 microcode 0x0, cmov, cx8, fxsr, mmx, sse, sse2, sse3, ssse3, sse4.1, sse4.2, popcnt, avx, avx2, aes, clmul, mmxext, 3dnowpref, lzcnt, sse4a, ht, tsc, tscinvbit, tscinv, bmi1, bmi2, adx,

Memory: 4k page, system-wide physical 16324M (6548M free)
TotalPageFile size 30148M (AvailPageFile size 5M)
current process WorkingSet (physical memory assigned to process): 431M, peak: 432M
current process commit charge ("private bytes"): 533M, peak: 535M

vm_info: OpenJDK 64-Bit Server VM (11.0.10+0-b96-7249189) for windows-amd64 JRE (11.0.10+0-b96-7249189), built on Mar 31 2021 21:44:00 by "builder" with MS VC++ 14.0 (VS2015)

END.
