#
# There is insufficient memory for the Java Runtime Environment to continue.
# Native memory allocation (malloc) failed to allocate 1048576 bytes for AllocateHeap
# Possible reasons:
#   The system is out of physical RAM or swap space
#   The process is running with CompressedOops enabled, and the Java Heap may be blocking the growth of the native heap
# Possible solutions:
#   Reduce memory load on the system
#   Increase physical memory or swap space
#   Check if swap backing store is full
#   Decrease Java heap size (-Xmx/-Xms)
#   Decrease number of Java threads
#   Decrease Java thread stack sizes (-Xss)
#   Set larger code cache with -XX:ReservedCodeCacheSize=
#   JVM is running with Unscaled Compressed Oops mode in which the Java heap is
#     placed in the first 4GB address space. The Java Heap base address is the
#     maximum limit for the native heap growth. Please use -XX:HeapBaseMinAddress
#     to set the Java Heap base and to place the Java Heap above 4GB virtual address.
# This output file may be truncated or incomplete.
#
#  Out of Memory Error (./src/hotspot/share/memory/allocation.cpp:46), pid=2120, tid=16572
#
# JRE version: OpenJDK Runtime Environment (11.0.10) (build 11.0.10+0-b96-7249189)
# Java VM: OpenJDK 64-Bit Server VM (11.0.10+0-b96-7249189, mixed mode, tiered, compressed oops, g1 gc, windows-amd64)
# No core dump will be written. Minidumps are not enabled by default on client versions of Windows
#

---------------  S U M M A R Y ------------

Command Line: --add-opens=java.base/java.util=ALL-UNNAMED --add-opens=java.base/java.lang=ALL-UNNAMED --add-opens=java.base/java.lang.invoke=ALL-UNNAMED --add-opens=java.base/java.util=ALL-UNNAMED --add-opens=java.prefs/java.util.prefs=ALL-UNNAMED --add-opens=java.prefs/java.util.prefs=ALL-UNNAMED --add-opens=java.base/java.nio.charset=ALL-UNNAMED --add-opens=java.base/java.net=ALL-UNNAMED --add-opens=java.base/java.util.concurrent.atomic=ALL-UNNAMED -Xmx2048m -Dfile.encoding=UTF-8 -Duser.country=IN -Duser.language=en -Duser.variant org.gradle.launcher.daemon.bootstrap.GradleDaemon 7.0.2

Host: AMD Ryzen 5 3600X 6-Core Processor             , 12 cores, 15G,  Windows 10 , 64 bit Build 22000 (10.0.22000.282)
Time: Fri Nov  5 16:30:30 2021 India Standard Time elapsed time: 6.364264 seconds (0d 0h 0m 6s)

---------------  T H R E A D  ---------------

Current thread (0x000002ea3bf48800):  VMThread "VM Thread" [stack: 0x000000f602200000,0x000000f602300000] [id=16572]

Stack: [0x000000f602200000,0x000000f602300000]
[error occurred during error reporting (printing stack bounds), id 0xc0000005, EXCEPTION_ACCESS_VIOLATION (0xc0000005) at pc=0x000002ea24880f2d]

Native frames: (J=compiled Java code, j=interpreted, Vv=VM code, C=native code)
V  [jvm.dll+0x5ecfaa]
V  [jvm.dll+0x722bd5]
V  [jvm.dll+0x72412d]
V  [jvm.dll+0x724745]
V  [jvm.dll+0x7246fb]
V  [jvm.dll+0x5ec348]
V  [jvm.dll+0x5ecad8]
C  [ntdll.dll+0xa82ff]
C  [ntdll.dll+0x35a0a]
C  [ntdll.dll+0xa730e]
C  0x000002ea24880f2d

VM_Operation (0x000000f6074f6bf0): CollectForMetadataAllocation, mode: safepoint, requested by thread 0x000002ea436ab800


---------------  P R O C E S S  ---------------

Threads class SMR info:
_java_thread_list=0x000002ea3ebe5020, length=77, elements={
0x000002ea20d9e800, 0x000002ea3bf4b000, 0x000002ea3bf4e800, 0x000002ea3bfa8800,
0x000002ea3bfa9800, 0x000002ea3bfab000, 0x000002ea3bfae000, 0x000002ea3bfbb800,
0x000002ea3bfbc800, 0x000002ea3c12d800, 0x000002ea3dfa7000, 0x000002ea3c1f4000,
0x000002ea3c888000, 0x000002ea3dbc0800, 0x000002ea3e167800, 0x000002ea3d3c5000,
0x000002ea3e2c8800, 0x000002ea3d5c8000, 0x000002ea3d5c8800, 0x000002ea3cdcc800,
0x000002ea3e7f6800, 0x000002ea3e7f7800, 0x000002ea3e7f8800, 0x000002ea3e7f9000,
0x000002ea3e9d6800, 0x000002ea3e9d8800, 0x000002ea3e9d7800, 0x000002ea3e9d9000,
0x000002ea3e9da000, 0x000002ea402fc800, 0x000002ea3e9db800, 0x000002ea3e9da800,
0x000002ea3e9e2000, 0x000002ea3e9dd000, 0x000002ea3e9de000, 0x000002ea3e9df800,
0x000002ea3e9e3000, 0x000002ea3e9e3800, 0x000002ea3e9e0800, 0x000002ea3e9e4800,
0x000002ea3e9e1000, 0x000002ea3e9df000, 0x000002ea3e9f0800, 0x000002ea3e9ee000,
0x000002ea3e9f2000, 0x000002ea3e9f2800, 0x000002ea3e9f3800, 0x000002ea3e9f1000,
0x000002ea3e9f4800, 0x000002ea3e9ee800, 0x000002ea3e9f5000, 0x000002ea3e9ef800,
0x000002ea3e9fb800, 0x000002ea3e9f7800, 0x000002ea3e9f6000, 0x000002ea3e9f8800,
0x000002ea3e9fa000, 0x000002ea3e9f7000, 0x000002ea3e9fb000, 0x000002ea3e9f9000,
0x000002ea436a6000, 0x000002ea436a0800, 0x000002ea436a1000, 0x000002ea436a2000,
0x000002ea436a5000, 0x000002ea436a7000, 0x000002ea436a4800, 0x000002ea436a7800,
0x000002ea436a8800, 0x000002ea436a3000, 0x000002ea436ab800, 0x000002ea436aa000,
0x000002ea436ad800, 0x000002ea436ac800, 0x000002ea436ae000, 0x000002ea436af000,
0x000002ea436a9800
}

Java Threads: ( => current thread )
  0x000002ea20d9e800 JavaThread "main" [_thread_blocked, id=16912, stack(0x000000f601c00000,0x000000f601d00000)]
  0x000002ea3bf4b000 JavaThread "Reference Handler" daemon [_thread_blocked, id=11604, stack(0x000000f602300000,0x000000f602400000)]
  0x000002ea3bf4e800 JavaThread "Finalizer" daemon [_thread_blocked, id=6596, stack(0x000000f602400000,0x000000f602500000)]
  0x000002ea3bfa8800 JavaThread "Signal Dispatcher" daemon [_thread_blocked, id=8164, stack(0x000000f602500000,0x000000f602600000)]
  0x000002ea3bfa9800 JavaThread "Attach Listener" daemon [_thread_blocked, id=17280, stack(0x000000f602600000,0x000000f602700000)]
  0x000002ea3bfab000 JavaThread "Service Thread" daemon [_thread_blocked, id=17212, stack(0x000000f602700000,0x000000f602800000)]
  0x000002ea3bfae000 JavaThread "C2 CompilerThread0" daemon [_thread_blocked, id=9864, stack(0x000000f602800000,0x000000f602900000)]
  0x000002ea3bfbb800 JavaThread "C1 CompilerThread0" daemon [_thread_blocked, id=16832, stack(0x000000f602900000,0x000000f602a00000)]
  0x000002ea3bfbc800 JavaThread "Sweeper thread" daemon [_thread_blocked, id=2444, stack(0x000000f602a00000,0x000000f602b00000)]
  0x000002ea3c12d800 JavaThread "Common-Cleaner" daemon [_thread_blocked, id=7256, stack(0x000000f602b00000,0x000000f602c00000)]
  0x000002ea3dfa7000 JavaThread "Daemon health stats" [_thread_blocked, id=220, stack(0x000000f603400000,0x000000f603500000)]
  0x000002ea3c1f4000 JavaThread "Incoming local TCP Connector on port 62376" [_thread_in_native, id=7892, stack(0x000000f602d00000,0x000000f602e00000)]
  0x000002ea3c888000 JavaThread "Daemon periodic checks" [_thread_blocked, id=16960, stack(0x000000f602e00000,0x000000f602f00000)]
  0x000002ea3dbc0800 JavaThread "Daemon" [_thread_blocked, id=16592, stack(0x000000f603500000,0x000000f603600000)]
  0x000002ea3e167800 JavaThread "Handler for socket connection from /127.0.0.1:62376 to /127.0.0.1:62377" [_thread_in_native, id=7476, stack(0x000000f603600000,0x000000f603700000)]
  0x000002ea3d3c5000 JavaThread "Cancel handler" [_thread_blocked, id=16800, stack(0x000000f603700000,0x000000f603800000)]
  0x000002ea3e2c8800 JavaThread "Daemon worker" [_thread_blocked, id=16488, stack(0x000000f603800000,0x000000f603900000)]
  0x000002ea3d5c8000 JavaThread "C2 CompilerThread1" daemon [_thread_blocked, id=14436, stack(0x000000f603900000,0x000000f603a00000)]
  0x000002ea3d5c8800 JavaThread "Asynchronous log dispatcher for DefaultDaemonConnection: socket connection from /127.0.0.1:62376 to /127.0.0.1:62377" [_thread_blocked, id=16236, stack(0x000000f603a00000,0x000000f603b00000)]
  0x000002ea3cdcc800 JavaThread "Stdin handler" [_thread_blocked, id=9584, stack(0x000000f603b00000,0x000000f603c00000)]
  0x000002ea3e7f6800 JavaThread "Daemon client event forwarder" [_thread_blocked, id=15464, stack(0x000000f603c00000,0x000000f603d00000)]
  0x000002ea3e7f7800 JavaThread "Cache worker for file hash cache (C:\Users\Yash\.gradle\caches\7.0.2\fileHashes)" [_thread_blocked, id=17576, stack(0x000000f603d00000,0x000000f603e00000)]
  0x000002ea3e7f8800 JavaThread "File lock request listener" [_thread_in_native, id=17744, stack(0x000000f603e00000,0x000000f603f00000)]
  0x000002ea3e7f9000 JavaThread "Cache worker for journal cache (C:\Users\Yash\.gradle\caches\journal-1)" [_thread_blocked, id=17976, stack(0x000000f604500000,0x000000f604600000)]
  0x000002ea3e9d6800 JavaThread "Cache worker for file hash cache (G:\UMoney\.gradle\7.0.2\fileHashes)" [_thread_blocked, id=3648, stack(0x000000f604600000,0x000000f604700000)]
  0x000002ea3e9d8800 JavaThread "File watcher server" daemon [_thread_blocked, id=16944, stack(0x000000f604700000,0x000000f604800000)]
  0x000002ea3e9d7800 JavaThread "File watcher consumer" daemon [_thread_blocked, id=17064, stack(0x000000f604800000,0x000000f604900000)]
  0x000002ea3e9d9000 JavaThread "Cache worker for checksums cache (G:\UMoney\.gradle\checksums)" [_thread_blocked, id=2924, stack(0x000000f604900000,0x000000f604a00000)]
  0x000002ea3e9da000 JavaThread "Cache worker for cache directory md-supplier (C:\Users\Yash\.gradle\caches\7.0.2\md-supplier)" [_thread_blocked, id=17884, stack(0x000000f604a00000,0x000000f604b00000)]
  0x000002ea402fc800 JavaThread "C2 CompilerThread2" daemon [_thread_blocked, id=18416, stack(0x000000f604b00000,0x000000f604c00000)]
  0x000002ea3e9db800 JavaThread "Cache worker for cache directory md-rule (C:\Users\Yash\.gradle\caches\7.0.2\md-rule)" [_thread_blocked, id=2968, stack(0x000000f604c00000,0x000000f604d00000)]
  0x000002ea3e9da800 JavaThread "Cache worker for execution history cache (C:\Users\Yash\.gradle\caches\7.0.2\executionHistory)" [_thread_blocked, id=10132, stack(0x000000f604d00000,0x000000f604e00000)]
  0x000002ea3e9e2000 JavaThread "jar transforms" [_thread_blocked, id=16576, stack(0x000000f604e00000,0x000000f604f00000)]
  0x000002ea3e9dd000 JavaThread "jar transforms Thread 2" [_thread_blocked, id=7036, stack(0x000000f604f00000,0x000000f605000000)]
  0x000002ea3e9de000 JavaThread "Cache worker for file content cache (C:\Users\Yash\.gradle\caches\7.0.2\fileContent)" [_thread_blocked, id=17696, stack(0x000000f605000000,0x000000f605100000)]
  0x000002ea3e9df800 JavaThread "Cache worker for dependencies-accessors (G:\UMoney\.gradle\7.0.2\dependencies-accessors)" [_thread_blocked, id=6392, stack(0x000000f605100000,0x000000f605200000)]
  0x000002ea3e9e3000 JavaThread "jar transforms Thread 3" [_thread_blocked, id=15196, stack(0x000000f605200000,0x000000f605300000)]
  0x000002ea3e9e3800 JavaThread "Cache worker for Build Output Cleanup Cache (G:\UMoney\.gradle\buildOutputCleanup)" [_thread_blocked, id=14296, stack(0x000000f605300000,0x000000f605400000)]
  0x000002ea3e9e0800 JavaThread "Build operations" [_thread_blocked, id=8880, stack(0x000000f605400000,0x000000f605500000)]
  0x000002ea3e9e4800 JavaThread "Build operations Thread 2" [_thread_blocked, id=14900, stack(0x000000f605500000,0x000000f605600000)]
  0x000002ea3e9e1000 JavaThread "Build operations Thread 3" [_thread_blocked, id=14460, stack(0x000000f605600000,0x000000f605700000)]
  0x000002ea3e9df000 JavaThread "Build operations Thread 4" [_thread_blocked, id=17776, stack(0x000000f605700000,0x000000f605800000)]
  0x000002ea3e9f0800 JavaThread "Build operations Thread 5" [_thread_blocked, id=17032, stack(0x000000f605800000,0x000000f605900000)]
  0x000002ea3e9ee000 JavaThread "Build operations Thread 6" [_thread_blocked, id=9656, stack(0x000000f605900000,0x000000f605a00000)]
  0x000002ea3e9f2000 JavaThread "Build operations Thread 7" [_thread_blocked, id=16620, stack(0x000000f605a00000,0x000000f605b00000)]
  0x000002ea3e9f2800 JavaThread "Build operations Thread 8" [_thread_blocked, id=16692, stack(0x000000f605b00000,0x000000f605c00000)]
  0x000002ea3e9f3800 JavaThread "Build operations Thread 9" [_thread_blocked, id=10124, stack(0x000000f605c00000,0x000000f605d00000)]
  0x000002ea3e9f1000 JavaThread "Build operations Thread 10" [_thread_blocked, id=15936, stack(0x000000f605d00000,0x000000f605e00000)]
  0x000002ea3e9f4800 JavaThread "Build operations Thread 11" [_thread_blocked, id=4032, stack(0x000000f605e00000,0x000000f605f00000)]
  0x000002ea3e9ee800 JavaThread "Build operations Thread 12" [_thread_blocked, id=6416, stack(0x000000f605f00000,0x000000f606000000)]
  0x000002ea3e9f5000 JavaThread "jar transforms Thread 4" [_thread_blocked, id=8420, stack(0x000000f606000000,0x000000f606100000)]
  0x000002ea3e9ef800 JavaThread "jar transforms Thread 5" [_thread_blocked, id=8244, stack(0x000000f606100000,0x000000f606200000)]
  0x000002ea3e9fb800 JavaThread "jar transforms Thread 6" [_thread_blocked, id=7400, stack(0x000000f606200000,0x000000f606300000)]
  0x000002ea3e9f7800 JavaThread "jar transforms Thread 7" [_thread_blocked, id=6076, stack(0x000000f606300000,0x000000f606400000)]
  0x000002ea3e9f6000 JavaThread "jar transforms Thread 8" [_thread_blocked, id=8372, stack(0x000000f606400000,0x000000f606500000)]
  0x000002ea3e9f8800 JavaThread "jar transforms Thread 9" [_thread_blocked, id=15104, stack(0x000000f606500000,0x000000f606600000)]
  0x000002ea3e9fa000 JavaThread "jar transforms Thread 10" [_thread_blocked, id=4080, stack(0x000000f606600000,0x000000f606700000)]
  0x000002ea3e9f7000 JavaThread "jar transforms Thread 11" [_thread_blocked, id=13820, stack(0x000000f606700000,0x000000f606800000)]
  0x000002ea3e9fb000 JavaThread "jar transforms Thread 12" [_thread_blocked, id=15692, stack(0x000000f606800000,0x000000f606900000)]
  0x000002ea3e9f9000 JavaThread "Memory manager" [_thread_blocked, id=7628, stack(0x000000f606900000,0x000000f606a00000)]
  0x000002ea436a6000 JavaThread "build event listener" [_thread_blocked, id=17948, stack(0x000000f606a00000,0x000000f606b00000)]
  0x000002ea436a0800 JavaThread "pool-3-thread-1" [_thread_blocked, id=15972, stack(0x000000f606b00000,0x000000f606c00000)]
  0x000002ea436a1000 JavaThread "build event listener" [_thread_blocked, id=11928, stack(0x000000f606c00000,0x000000f606d00000)]
  0x000002ea436a2000 JavaThread "Execution worker for ':'" [_thread_blocked, id=16752, stack(0x000000f606d00000,0x000000f606e00000)]
  0x000002ea436a5000 JavaThread "Execution worker for ':' Thread 2" [_thread_blocked, id=18200, stack(0x000000f606e00000,0x000000f606f00000)]
  0x000002ea436a7000 JavaThread "Execution worker for ':' Thread 3" [_thread_blocked, id=11544, stack(0x000000f606f00000,0x000000f607000000)]
  0x000002ea436a4800 JavaThread "Execution worker for ':' Thread 4" [_thread_blocked, id=9860, stack(0x000000f607000000,0x000000f607100000)]
  0x000002ea436a7800 JavaThread "Execution worker for ':' Thread 5" [_thread_blocked, id=2956, stack(0x000000f607100000,0x000000f607200000)]
  0x000002ea436a8800 JavaThread "Execution worker for ':' Thread 6" [_thread_blocked, id=5288, stack(0x000000f607200000,0x000000f607300000)]
  0x000002ea436a3000 JavaThread "Execution worker for ':' Thread 7" [_thread_blocked, id=10312, stack(0x000000f607300000,0x000000f607400000)]
  0x000002ea436ab800 JavaThread "Execution worker for ':' Thread 8" [_thread_blocked, id=13076, stack(0x000000f607400000,0x000000f607500000)]
  0x000002ea436aa000 JavaThread "Execution worker for ':' Thread 9" [_thread_blocked, id=15596, stack(0x000000f607500000,0x000000f607600000)]
  0x000002ea436ad800 JavaThread "Execution worker for ':' Thread 10" [_thread_blocked, id=12308, stack(0x000000f607600000,0x000000f607700000)]
  0x000002ea436ac800 JavaThread "Execution worker for ':' Thread 11" [_thread_blocked, id=2580, stack(0x000000f607700000,0x000000f607800000)]
  0x000002ea436ae000 JavaThread "Cache worker for execution history cache (G:\UMoney\.gradle\7.0.2\executionHistory)" [_thread_blocked, id=8284, stack(0x000000f607800000,0x000000f607900000)]
  0x000002ea436af000 JavaThread "WorkerExecutor Queue" [_thread_blocked, id=2344, stack(0x000000f607900000,0x000000f607a00000)]
  0x000002ea436a9800 JavaThread "WorkerExecutor Queue Thread 2" [_thread_blocked, id=6908, stack(0x000000f607a00000,0x000000f607b00000)]

Other Threads:
=>0x000002ea3bf48800 VMThread "VM Thread" [stack: 0x000000f602200000,0x000000f602300000] [id=16572]
  0x000002ea3c172000 WatcherThread [stack: 0x000000f602c00000,0x000000f602d00000] [id=17060]
  0x000002ea20db8800 GCTaskThread "GC Thread#0" [stack: 0x000000f601d00000,0x000000f601e00000] [id=14640]
  0x000002ea3d29f800 GCTaskThread "GC Thread#1" [stack: 0x000000f602f00000,0x000000f603000000] [id=8060]
  0x000002ea3d17e000 GCTaskThread "GC Thread#2" [stack: 0x000000f603000000,0x000000f603100000] [id=1304]
  0x000002ea3ca27800 GCTaskThread "GC Thread#3" [stack: 0x000000f603100000,0x000000f603200000] [id=18388]
  0x000002ea3c86a800 GCTaskThread "GC Thread#4" [stack: 0x000000f603200000,0x000000f603300000] [id=8068]
  0x000002ea3d096800 GCTaskThread "GC Thread#5" [stack: 0x000000f603300000,0x000000f603400000] [id=16644]
  0x000002ea3e2c7800 GCTaskThread "GC Thread#6" [stack: 0x000000f603f00000,0x000000f604000000] [id=15612]
  0x000002ea3cfd4800 GCTaskThread "GC Thread#7" [stack: 0x000000f604000000,0x000000f604100000] [id=10196]
  0x000002ea3e435800 GCTaskThread "GC Thread#8" [stack: 0x000000f604100000,0x000000f604200000] [id=12708]
  0x000002ea3d570800 GCTaskThread "GC Thread#9" [stack: 0x000000f604200000,0x000000f604300000] [id=17332]
  0x000002ea20de8000 ConcurrentGCThread "G1 Main Marker" [stack: 0x000000f601e00000,0x000000f601f00000] [id=16412]
  0x000002ea20dea000 ConcurrentGCThread "G1 Conc#0" [stack: 0x000000f601f00000,0x000000f602000000] [id=17828]
  0x000002ea3e2c2800 ConcurrentGCThread "G1 Conc#1" [stack: 0x000000f604300000,0x000000f604400000] [id=5452]
  0x000002ea3cdcd800 ConcurrentGCThread "G1 Conc#2" [stack: 0x000000f604400000,0x000000f604500000] [id=13580]
  0x000002ea3b598000 ConcurrentGCThread "G1 Refine#0" [stack: 0x000000f602000000,0x000000f602100000] [id=9032]
  0x000002ea3b59b000 ConcurrentGCThread "G1 Young RemSet Sampling" [stack: 0x000000f602100000,0x000000f602200000] [id=15060]

Threads with active compile tasks:

VM state:at safepoint (normal execution)

VM Mutex/Monitor currently owned by a thread:  ([mutex/lock_event])
[0x000002ea20d9aa10] Threads_lock - owner thread: 0x000002ea3bf48800
[0x000002ea20d99f60] Heap_lock - owner thread: 0x000002ea436ab800

Heap address: 0x0000000080000000, size: 2048 MB, Compressed Oops mode: 32-bit
Narrow klass base: 0x0000000000000000, Narrow klass shift: 3
Compressed class space size: 1073741824 Address: 0x0000000100000000

Heap:
 garbage-first heap   total 262144K, used 65041K [0x0000000080000000, 0x0000000100000000)
  region size 1024K, 11 young (11264K), 11 survivors (11264K)
 Metaspace       used 82986K, capacity 85374K, committed 85452K, reserved 1130496K
  class space    used 10822K, capacity 11692K, committed 11724K, reserved 1048576K
Heap Regions: E=young(eden), S=young(survivor), O=old, HS=humongous(starts), HC=humongous(continues), CS=collection set, F=free, A=archive, TAMS=top-at-mark-start (previous, next)
|   0|0x0000000080000000, 0x0000000080100000, 0x0000000080100000|100%| O|  |TAMS 0x0000000080100000, 0x0000000080100000| Untracked 
|   1|0x0000000080100000, 0x0000000080200000, 0x0000000080200000|100%| O|  |TAMS 0x0000000080200000, 0x0000000080200000| Untracked 
|   2|0x0000000080200000, 0x0000000080300000, 0x0000000080300000|100%| O|  |TAMS 0x0000000080300000, 0x0000000080300000| Untracked 
|   3|0x0000000080300000, 0x0000000080400000, 0x0000000080400000|100%|HS|  |TAMS 0x0000000080400000, 0x0000000080400000| Complete 
|   4|0x0000000080400000, 0x0000000080500000, 0x0000000080500000|100%|HC|  |TAMS 0x0000000080500000, 0x0000000080500000| Complete 
|   5|0x0000000080500000, 0x0000000080600000, 0x0000000080600000|100%|HC|  |TAMS 0x0000000080600000, 0x0000000080600000| Complete 
|   6|0x0000000080600000, 0x0000000080700000, 0x0000000080700000|100%| O|  |TAMS 0x0000000080700000, 0x0000000080700000| Untracked 
|   7|0x0000000080700000, 0x0000000080800000, 0x0000000080800000|100%| O|  |TAMS 0x0000000080800000, 0x0000000080800000| Untracked 
|   8|0x0000000080800000, 0x0000000080900000, 0x0000000080900000|100%| O|  |TAMS 0x0000000080900000, 0x0000000080900000| Untracked 
|   9|0x0000000080900000, 0x0000000080a00000, 0x0000000080a00000|100%| O|  |TAMS 0x0000000080a00000, 0x0000000080a00000| Untracked 
|  10|0x0000000080a00000, 0x0000000080b00000, 0x0000000080b00000|100%| O|  |TAMS 0x0000000080b00000, 0x0000000080b00000| Untracked 
|  11|0x0000000080b00000, 0x0000000080c00000, 0x0000000080c00000|100%| O|  |TAMS 0x0000000080c00000, 0x0000000080c00000| Untracked 
|  12|0x0000000080c00000, 0x0000000080d00000, 0x0000000080d00000|100%| O|  |TAMS 0x0000000080d00000, 0x0000000080d00000| Untracked 
|  13|0x0000000080d00000, 0x0000000080e00000, 0x0000000080e00000|100%| O|  |TAMS 0x0000000080e00000, 0x0000000080e00000| Untracked 
|  14|0x0000000080e00000, 0x0000000080f00000, 0x0000000080f00000|100%| O|  |TAMS 0x0000000080f00000, 0x0000000080f00000| Untracked 
|  15|0x0000000080f00000, 0x0000000081000000, 0x0000000081000000|100%| O|  |TAMS 0x0000000081000000, 0x0000000081000000| Untracked 
|  16|0x0000000081000000, 0x0000000081100000, 0x0000000081100000|100%| O|  |TAMS 0x0000000081100000, 0x0000000081100000| Untracked 
|  17|0x0000000081100000, 0x0000000081200000, 0x0000000081200000|100%|HS|  |TAMS 0x0000000081200000, 0x0000000081200000| Complete 
|  18|0x0000000081200000, 0x0000000081300000, 0x0000000081300000|100%|HS|  |TAMS 0x0000000081300000, 0x0000000081300000| Complete 
|  19|0x0000000081300000, 0x0000000081400000, 0x0000000081400000|100%|HS|  |TAMS 0x0000000081400000, 0x0000000081400000| Complete 
|  20|0x0000000081400000, 0x0000000081500000, 0x0000000081500000|100%|HC|  |TAMS 0x0000000081500000, 0x0000000081500000| Complete 
|  21|0x0000000081500000, 0x0000000081600000, 0x0000000081600000|100%| O|  |TAMS 0x0000000081600000, 0x0000000081600000| Untracked 
|  22|0x0000000081600000, 0x0000000081700000, 0x0000000081700000|100%| O|  |TAMS 0x0000000081700000, 0x0000000081700000| Untracked 
|  23|0x0000000081700000, 0x0000000081800000, 0x0000000081800000|100%| O|  |TAMS 0x0000000081800000, 0x0000000081800000| Untracked 
|  24|0x0000000081800000, 0x0000000081900000, 0x0000000081900000|100%| O|  |TAMS 0x0000000081900000, 0x0000000081900000| Untracked 
|  25|0x0000000081900000, 0x0000000081a00000, 0x0000000081a00000|100%| O|  |TAMS 0x0000000081a00000, 0x0000000081a00000| Untracked 
|  26|0x0000000081a00000, 0x0000000081b00000, 0x0000000081b00000|100%| O|  |TAMS 0x0000000081b00000, 0x0000000081b00000| Untracked 
|  27|0x0000000081b00000, 0x0000000081c00000, 0x0000000081c00000|100%| O|  |TAMS 0x0000000081c00000, 0x0000000081c00000| Untracked 
|  28|0x0000000081c00000, 0x0000000081d00000, 0x0000000081d00000|100%| O|  |TAMS 0x0000000081d00000, 0x0000000081d00000| Untracked 
|  29|0x0000000081d00000, 0x0000000081e00000, 0x0000000081e00000|100%| O|  |TAMS 0x0000000081e00000, 0x0000000081e00000| Untracked 
|  30|0x0000000081e00000, 0x0000000081f00000, 0x0000000081f00000|100%| O|  |TAMS 0x0000000081ef4000, 0x0000000081f00000| Untracked 
|  31|0x0000000081f00000, 0x0000000082000000, 0x0000000082000000|100%| O|  |TAMS 0x0000000081f00000, 0x0000000082000000| Untracked 
|  32|0x0000000082000000, 0x0000000082100000, 0x0000000082100000|100%| O|  |TAMS 0x0000000082000000, 0x0000000082100000| Untracked 
|  33|0x0000000082100000, 0x0000000082200000, 0x0000000082200000|100%| O|  |TAMS 0x0000000082100000, 0x0000000082200000| Untracked 
|  34|0x0000000082200000, 0x0000000082300000, 0x0000000082300000|100%| O|  |TAMS 0x0000000082200000, 0x0000000082300000| Untracked 
|  35|0x0000000082300000, 0x0000000082400000, 0x0000000082400000|100%| O|  |TAMS 0x0000000082300000, 0x0000000082400000| Untracked 
|  36|0x0000000082400000, 0x0000000082500000, 0x0000000082500000|100%| O|  |TAMS 0x0000000082400000, 0x0000000082500000| Untracked 
|  37|0x0000000082500000, 0x0000000082600000, 0x0000000082600000|100%| O|  |TAMS 0x0000000082500000, 0x0000000082600000| Untracked 
|  38|0x0000000082600000, 0x0000000082700000, 0x0000000082700000|100%| O|  |TAMS 0x0000000082600000, 0x0000000082700000| Untracked 
|  39|0x0000000082700000, 0x0000000082800000, 0x0000000082800000|100%| O|  |TAMS 0x0000000082700000, 0x0000000082800000| Untracked 
|  40|0x0000000082800000, 0x0000000082900000, 0x0000000082900000|100%| O|  |TAMS 0x0000000082800000, 0x0000000082900000| Untracked 
|  41|0x0000000082900000, 0x0000000082a00000, 0x0000000082a00000|100%| O|  |TAMS 0x0000000082900000, 0x0000000082a00000| Untracked 
|  42|0x0000000082a00000, 0x0000000082b00000, 0x0000000082b00000|100%| O|  |TAMS 0x0000000082a00000, 0x0000000082b00000| Untracked 
|  43|0x0000000082b00000, 0x0000000082c00000, 0x0000000082c00000|100%| O|  |TAMS 0x0000000082b00000, 0x0000000082c00000| Untracked 
|  44|0x0000000082c00000, 0x0000000082d00000, 0x0000000082d00000|100%| O|  |TAMS 0x0000000082c00000, 0x0000000082d00000| Untracked 
|  45|0x0000000082d00000, 0x0000000082e00000, 0x0000000082e00000|100%| O|  |TAMS 0x0000000082d00000, 0x0000000082e00000| Untracked 
|  46|0x0000000082e00000, 0x0000000082f00000, 0x0000000082f00000|100%| O|  |TAMS 0x0000000082e00000, 0x0000000082f00000| Untracked 
|  47|0x0000000082f00000, 0x0000000083000000, 0x0000000083000000|100%| O|  |TAMS 0x0000000082f00000, 0x0000000083000000| Untracked 
|  48|0x0000000083000000, 0x0000000083100000, 0x0000000083100000|100%| O|  |TAMS 0x0000000083000000, 0x0000000083100000| Untracked 
|  49|0x0000000083100000, 0x0000000083200000, 0x0000000083200000|100%| O|  |TAMS 0x0000000083100000, 0x0000000083200000| Untracked 
|  50|0x0000000083200000, 0x0000000083300000, 0x0000000083300000|100%| O|  |TAMS 0x0000000083200000, 0x0000000083300000| Untracked 
|  51|0x0000000083300000, 0x0000000083400000, 0x0000000083400000|100%| O|  |TAMS 0x0000000083300000, 0x0000000083400000| Untracked 
|  52|0x0000000083400000, 0x00000000834bc600, 0x0000000083500000| 73%| O|  |TAMS 0x0000000083400000, 0x00000000834bc600| Untracked 
|  53|0x0000000083500000, 0x0000000083500000, 0x0000000083600000|  0%| F|  |TAMS 0x0000000083500000, 0x0000000083500000| Untracked 
|  54|0x0000000083600000, 0x0000000083600000, 0x0000000083700000|  0%| F|  |TAMS 0x0000000083600000, 0x0000000083600000| Untracked 
|  55|0x0000000083700000, 0x0000000083700000, 0x0000000083800000|  0%| F|  |TAMS 0x0000000083700000, 0x0000000083700000| Untracked 
|  56|0x0000000083800000, 0x0000000083800000, 0x0000000083900000|  0%| F|  |TAMS 0x0000000083800000, 0x0000000083800000| Untracked 
|  57|0x0000000083900000, 0x0000000083900000, 0x0000000083a00000|  0%| F|  |TAMS 0x0000000083900000, 0x0000000083900000| Untracked 
|  58|0x0000000083a00000, 0x0000000083a00000, 0x0000000083b00000|  0%| F|  |TAMS 0x0000000083a00000, 0x0000000083a00000| Untracked 
|  59|0x0000000083b00000, 0x0000000083b00000, 0x0000000083c00000|  0%| F|  |TAMS 0x0000000083b00000, 0x0000000083b00000| Untracked 
|  60|0x0000000083c00000, 0x0000000083c00000, 0x0000000083d00000|  0%| F|  |TAMS 0x0000000083c00000, 0x0000000083c00000| Untracked 
|  61|0x0000000083d00000, 0x0000000083d00000, 0x0000000083e00000|  0%| F|  |TAMS 0x0000000083d00000, 0x0000000083d00000| Untracked 
|  62|0x0000000083e00000, 0x0000000083e00000, 0x0000000083f00000|  0%| F|  |TAMS 0x0000000083e00000, 0x0000000083e00000| Untracked 
|  63|0x0000000083f00000, 0x0000000083f00000, 0x0000000084000000|  0%| F|  |TAMS 0x0000000083f00000, 0x0000000083f00000| Untracked 
|  64|0x0000000084000000, 0x0000000084000000, 0x0000000084100000|  0%| F|  |TAMS 0x0000000084000000, 0x0000000084000000| Untracked 
|  65|0x0000000084100000, 0x0000000084100000, 0x0000000084200000|  0%| F|  |TAMS 0x0000000084100000, 0x0000000084100000| Untracked 
|  66|0x0000000084200000, 0x0000000084200000, 0x0000000084300000|  0%| F|  |TAMS 0x0000000084200000, 0x0000000084200000| Untracked 
|  67|0x0000000084300000, 0x0000000084300000, 0x0000000084400000|  0%| F|  |TAMS 0x0000000084300000, 0x0000000084300000| Untracked 
|  68|0x0000000084400000, 0x0000000084400000, 0x0000000084500000|  0%| F|  |TAMS 0x0000000084400000, 0x0000000084400000| Untracked 
|  69|0x0000000084500000, 0x0000000084500000, 0x0000000084600000|  0%| F|  |TAMS 0x0000000084500000, 0x0000000084500000| Untracked 
|  70|0x0000000084600000, 0x0000000084600000, 0x0000000084700000|  0%| F|  |TAMS 0x0000000084600000, 0x0000000084600000| Untracked 
|  71|0x0000000084700000, 0x0000000084700000, 0x0000000084800000|  0%| F|  |TAMS 0x0000000084700000, 0x0000000084700000| Untracked 
|  72|0x0000000084800000, 0x0000000084800000, 0x0000000084900000|  0%| F|  |TAMS 0x0000000084800000, 0x0000000084800000| Untracked 
|  73|0x0000000084900000, 0x0000000084900000, 0x0000000084a00000|  0%| F|  |TAMS 0x0000000084900000, 0x0000000084900000| Untracked 
|  74|0x0000000084a00000, 0x0000000084a00000, 0x0000000084b00000|  0%| F|  |TAMS 0x0000000084a00000, 0x0000000084a00000| Untracked 
|  75|0x0000000084b00000, 0x0000000084b00000, 0x0000000084c00000|  0%| F|  |TAMS 0x0000000084b00000, 0x0000000084b00000| Untracked 
|  76|0x0000000084c00000, 0x0000000084c00000, 0x0000000084d00000|  0%| F|  |TAMS 0x0000000084c00000, 0x0000000084c00000| Untracked 
|  77|0x0000000084d00000, 0x0000000084d00000, 0x0000000084e00000|  0%| F|  |TAMS 0x0000000084d00000, 0x0000000084d00000| Untracked 
|  78|0x0000000084e00000, 0x0000000084e00000, 0x0000000084f00000|  0%| F|  |TAMS 0x0000000084e00000, 0x0000000084e00000| Untracked 
|  79|0x0000000084f00000, 0x0000000084f00000, 0x0000000085000000|  0%| F|  |TAMS 0x0000000084f00000, 0x0000000084f00000| Untracked 
|  80|0x0000000085000000, 0x0000000085000000, 0x0000000085100000|  0%| F|  |TAMS 0x0000000085000000, 0x0000000085000000| Untracked 
|  81|0x0000000085100000, 0x0000000085100000, 0x0000000085200000|  0%| F|  |TAMS 0x0000000085100000, 0x0000000085100000| Untracked 
|  82|0x0000000085200000, 0x0000000085200000, 0x0000000085300000|  0%| F|  |TAMS 0x0000000085200000, 0x0000000085200000| Untracked 
|  83|0x0000000085300000, 0x0000000085300000, 0x0000000085400000|  0%| F|  |TAMS 0x0000000085300000, 0x0000000085300000| Untracked 
|  84|0x0000000085400000, 0x0000000085400000, 0x0000000085500000|  0%| F|  |TAMS 0x0000000085400000, 0x0000000085400000| Untracked 
|  85|0x0000000085500000, 0x0000000085500000, 0x0000000085600000|  0%| F|  |TAMS 0x0000000085500000, 0x0000000085500000| Untracked 
|  86|0x0000000085600000, 0x0000000085600000, 0x0000000085700000|  0%| F|  |TAMS 0x0000000085600000, 0x0000000085600000| Untracked 
|  87|0x0000000085700000, 0x0000000085700000, 0x0000000085800000|  0%| F|  |TAMS 0x0000000085700000, 0x0000000085700000| Untracked 
|  88|0x0000000085800000, 0x0000000085800000, 0x0000000085900000|  0%| F|  |TAMS 0x0000000085800000, 0x0000000085800000| Untracked 
|  89|0x0000000085900000, 0x0000000085900000, 0x0000000085a00000|  0%| F|  |TAMS 0x0000000085900000, 0x0000000085900000| Untracked 
|  90|0x0000000085a00000, 0x0000000085a00000, 0x0000000085b00000|  0%| F|  |TAMS 0x0000000085a00000, 0x0000000085a00000| Untracked 
|  91|0x0000000085b00000, 0x0000000085b00000, 0x0000000085c00000|  0%| F|  |TAMS 0x0000000085b00000, 0x0000000085b00000| Untracked 
|  92|0x0000000085c00000, 0x0000000085c00000, 0x0000000085d00000|  0%| F|  |TAMS 0x0000000085c00000, 0x0000000085c00000| Untracked 
|  93|0x0000000085d00000, 0x0000000085d00000, 0x0000000085e00000|  0%| F|  |TAMS 0x0000000085d00000, 0x0000000085d00000| Untracked 
|  94|0x0000000085e00000, 0x0000000085e00000, 0x0000000085f00000|  0%| F|  |TAMS 0x0000000085e00000, 0x0000000085e00000| Untracked 
|  95|0x0000000085f00000, 0x0000000085f00000, 0x0000000086000000|  0%| F|  |TAMS 0x0000000085f00000, 0x0000000085f00000| Untracked 
|  96|0x0000000086000000, 0x0000000086000000, 0x0000000086100000|  0%| F|  |TAMS 0x0000000086000000, 0x0000000086000000| Untracked 
|  97|0x0000000086100000, 0x0000000086100000, 0x0000000086200000|  0%| F|  |TAMS 0x0000000086100000, 0x0000000086100000| Untracked 
|  98|0x0000000086200000, 0x0000000086200000, 0x0000000086300000|  0%| F|  |TAMS 0x0000000086200000, 0x0000000086200000| Untracked 
|  99|0x0000000086300000, 0x0000000086300000, 0x0000000086400000|  0%| F|  |TAMS 0x0000000086300000, 0x0000000086300000| Untracked 
| 100|0x0000000086400000, 0x0000000086400000, 0x0000000086500000|  0%| F|  |TAMS 0x0000000086400000, 0x0000000086400000| Untracked 
| 101|0x0000000086500000, 0x0000000086500000, 0x0000000086600000|  0%| F|  |TAMS 0x0000000086500000, 0x0000000086500000| Untracked 
| 102|0x0000000086600000, 0x0000000086600000, 0x0000000086700000|  0%| F|  |TAMS 0x0000000086600000, 0x0000000086600000| Untracked 
| 103|0x0000000086700000, 0x0000000086700000, 0x0000000086800000|  0%| F|  |TAMS 0x0000000086700000, 0x0000000086700000| Untracked 
| 104|0x0000000086800000, 0x0000000086800000, 0x0000000086900000|  0%| F|  |TAMS 0x0000000086800000, 0x0000000086800000| Untracked 
| 105|0x0000000086900000, 0x0000000086900000, 0x0000000086a00000|  0%| F|  |TAMS 0x0000000086900000, 0x0000000086900000| Untracked 
| 106|0x0000000086a00000, 0x0000000086a00000, 0x0000000086b00000|  0%| F|  |TAMS 0x0000000086a00000, 0x0000000086a00000| Untracked 
| 107|0x0000000086b00000, 0x0000000086b00000, 0x0000000086c00000|  0%| F|  |TAMS 0x0000000086b00000, 0x0000000086b00000| Untracked 
| 108|0x0000000086c00000, 0x0000000086c00000, 0x0000000086d00000|  0%| F|  |TAMS 0x0000000086c00000, 0x0000000086c00000| Untracked 
| 109|0x0000000086d00000, 0x0000000086d00000, 0x0000000086e00000|  0%| F|  |TAMS 0x0000000086d00000, 0x0000000086d00000| Untracked 
| 110|0x0000000086e00000, 0x0000000086e00000, 0x0000000086f00000|  0%| F|  |TAMS 0x0000000086e00000, 0x0000000086e00000| Untracked 
| 111|0x0000000086f00000, 0x0000000086f00000, 0x0000000087000000|  0%| F|  |TAMS 0x0000000086f00000, 0x0000000086f00000| Untracked 
| 112|0x0000000087000000, 0x0000000087000000, 0x0000000087100000|  0%| F|  |TAMS 0x0000000087000000, 0x0000000087000000| Untracked 
| 113|0x0000000087100000, 0x0000000087100000, 0x0000000087200000|  0%| F|  |TAMS 0x0000000087100000, 0x0000000087100000| Untracked 
| 114|0x0000000087200000, 0x0000000087200000, 0x0000000087300000|  0%| F|  |TAMS 0x0000000087200000, 0x0000000087200000| Untracked 
| 115|0x0000000087300000, 0x0000000087300000, 0x0000000087400000|  0%| F|  |TAMS 0x0000000087300000, 0x0000000087300000| Untracked 
| 116|0x0000000087400000, 0x0000000087400000, 0x0000000087500000|  0%| F|  |TAMS 0x0000000087400000, 0x0000000087400000| Untracked 
| 117|0x0000000087500000, 0x0000000087500000, 0x0000000087600000|  0%| F|  |TAMS 0x0000000087500000, 0x0000000087500000| Untracked 
| 118|0x0000000087600000, 0x0000000087600000, 0x0000000087700000|  0%| F|  |TAMS 0x0000000087600000, 0x0000000087600000| Untracked 
| 119|0x0000000087700000, 0x0000000087700000, 0x0000000087800000|  0%| F|  |TAMS 0x0000000087700000, 0x0000000087700000| Untracked 
| 120|0x0000000087800000, 0x0000000087800000, 0x0000000087900000|  0%| F|  |TAMS 0x0000000087800000, 0x0000000087800000| Untracked 
| 121|0x0000000087900000, 0x0000000087900000, 0x0000000087a00000|  0%| F|  |TAMS 0x0000000087900000, 0x0000000087900000| Untracked 
| 122|0x0000000087a00000, 0x0000000087a00000, 0x0000000087b00000|  0%| F|  |TAMS 0x0000000087a00000, 0x0000000087a00000| Untracked 
| 123|0x0000000087b00000, 0x0000000087b00000, 0x0000000087c00000|  0%| F|  |TAMS 0x0000000087b00000, 0x0000000087b00000| Untracked 
| 124|0x0000000087c00000, 0x0000000087c00000, 0x0000000087d00000|  0%| F|  |TAMS 0x0000000087c00000, 0x0000000087c00000| Untracked 
| 125|0x0000000087d00000, 0x0000000087d00000, 0x0000000087e00000|  0%| F|  |TAMS 0x0000000087d00000, 0x0000000087d00000| Untracked 
| 126|0x0000000087e00000, 0x0000000087e00000, 0x0000000087f00000|  0%| F|  |TAMS 0x0000000087e00000, 0x0000000087e00000| Untracked 
| 127|0x0000000087f00000, 0x0000000087f00000, 0x0000000088000000|  0%| F|  |TAMS 0x0000000087f00000, 0x0000000087f00000| Untracked 
| 128|0x0000000088000000, 0x0000000088000000, 0x0000000088100000|  0%| F|  |TAMS 0x0000000088000000, 0x0000000088000000| Untracked 
| 129|0x0000000088100000, 0x0000000088100000, 0x0000000088200000|  0%| F|  |TAMS 0x0000000088100000, 0x0000000088100000| Untracked 
| 130|0x0000000088200000, 0x0000000088200000, 0x0000000088300000|  0%| F|  |TAMS 0x0000000088200000, 0x0000000088200000| Untracked 
| 131|0x0000000088300000, 0x0000000088300000, 0x0000000088400000|  0%| F|  |TAMS 0x0000000088300000, 0x0000000088300000| Untracked 
| 132|0x0000000088400000, 0x0000000088400000, 0x0000000088500000|  0%| F|  |TAMS 0x0000000088400000, 0x0000000088400000| Untracked 
| 133|0x0000000088500000, 0x0000000088500000, 0x0000000088600000|  0%| F|  |TAMS 0x0000000088500000, 0x0000000088500000| Untracked 
| 134|0x0000000088600000, 0x0000000088600000, 0x0000000088700000|  0%| F|  |TAMS 0x0000000088600000, 0x0000000088600000| Untracked 
| 135|0x0000000088700000, 0x0000000088700000, 0x0000000088800000|  0%| F|  |TAMS 0x0000000088700000, 0x0000000088700000| Untracked 
| 136|0x0000000088800000, 0x0000000088800000, 0x0000000088900000|  0%| F|  |TAMS 0x0000000088800000, 0x0000000088800000| Untracked 
| 137|0x0000000088900000, 0x0000000088900000, 0x0000000088a00000|  0%| F|  |TAMS 0x0000000088900000, 0x0000000088900000| Untracked 
| 138|0x0000000088a00000, 0x0000000088a00000, 0x0000000088b00000|  0%| F|  |TAMS 0x0000000088a00000, 0x0000000088a00000| Untracked 
| 139|0x0000000088b00000, 0x0000000088b00000, 0x0000000088c00000|  0%| F|  |TAMS 0x0000000088b00000, 0x0000000088b00000| Untracked 
| 140|0x0000000088c00000, 0x0000000088c00000, 0x0000000088d00000|  0%| F|  |TAMS 0x0000000088c00000, 0x0000000088c00000| Untracked 
| 141|0x0000000088d00000, 0x0000000088d00000, 0x0000000088e00000|  0%| F|  |TAMS 0x0000000088d00000, 0x0000000088d00000| Untracked 
| 142|0x0000000088e00000, 0x0000000088e00000, 0x0000000088f00000|  0%| F|  |TAMS 0x0000000088e00000, 0x0000000088e00000| Untracked 
| 143|0x0000000088f00000, 0x0000000088f00000, 0x0000000089000000|  0%| F|  |TAMS 0x0000000088f00000, 0x0000000088f00000| Untracked 
| 144|0x0000000089000000, 0x0000000089000000, 0x0000000089100000|  0%| F|  |TAMS 0x0000000089000000, 0x0000000089000000| Untracked 
| 145|0x0000000089100000, 0x0000000089100000, 0x0000000089200000|  0%| F|  |TAMS 0x0000000089100000, 0x0000000089100000| Untracked 
| 146|0x0000000089200000, 0x0000000089200000, 0x0000000089300000|  0%| F|  |TAMS 0x0000000089200000, 0x0000000089200000| Untracked 
| 147|0x0000000089300000, 0x0000000089300000, 0x0000000089400000|  0%| F|  |TAMS 0x0000000089300000, 0x0000000089300000| Untracked 
| 148|0x0000000089400000, 0x0000000089400000, 0x0000000089500000|  0%| F|  |TAMS 0x0000000089400000, 0x0000000089400000| Untracked 
| 149|0x0000000089500000, 0x0000000089500000, 0x0000000089600000|  0%| F|  |TAMS 0x0000000089500000, 0x0000000089500000| Untracked 
| 150|0x0000000089600000, 0x0000000089600000, 0x0000000089700000|  0%| F|  |TAMS 0x0000000089600000, 0x0000000089600000| Untracked 
| 151|0x0000000089700000, 0x0000000089700000, 0x0000000089800000|  0%| F|  |TAMS 0x0000000089700000, 0x0000000089700000| Untracked 
| 152|0x0000000089800000, 0x0000000089800000, 0x0000000089900000|  0%| F|  |TAMS 0x0000000089800000, 0x0000000089800000| Untracked 
| 153|0x0000000089900000, 0x0000000089900000, 0x0000000089a00000|  0%| F|  |TAMS 0x0000000089900000, 0x0000000089900000| Untracked 
| 154|0x0000000089a00000, 0x0000000089a00000, 0x0000000089b00000|  0%| F|  |TAMS 0x0000000089a00000, 0x0000000089a00000| Untracked 
| 155|0x0000000089b00000, 0x0000000089b00000, 0x0000000089c00000|  0%| F|  |TAMS 0x0000000089b00000, 0x0000000089b00000| Untracked 
| 156|0x0000000089c00000, 0x0000000089c00000, 0x0000000089d00000|  0%| F|  |TAMS 0x0000000089c00000, 0x0000000089c00000| Untracked 
| 157|0x0000000089d00000, 0x0000000089d00000, 0x0000000089e00000|  0%| F|  |TAMS 0x0000000089d00000, 0x0000000089d00000| Untracked 
| 158|0x0000000089e00000, 0x0000000089e00000, 0x0000000089f00000|  0%| F|  |TAMS 0x0000000089e00000, 0x0000000089e00000| Untracked 
| 159|0x0000000089f00000, 0x0000000089f00000, 0x000000008a000000|  0%| F|  |TAMS 0x0000000089f00000, 0x0000000089f00000| Untracked 
| 160|0x000000008a000000, 0x000000008a000000, 0x000000008a100000|  0%| F|  |TAMS 0x000000008a000000, 0x000000008a000000| Untracked 
| 161|0x000000008a100000, 0x000000008a100000, 0x000000008a200000|  0%| F|  |TAMS 0x000000008a100000, 0x000000008a100000| Untracked 
| 162|0x000000008a200000, 0x000000008a200000, 0x000000008a300000|  0%| F|  |TAMS 0x000000008a200000, 0x000000008a200000| Untracked 
| 163|0x000000008a300000, 0x000000008a300000, 0x000000008a400000|  0%| F|  |TAMS 0x000000008a300000, 0x000000008a300000| Untracked 
| 164|0x000000008a400000, 0x000000008a400000, 0x000000008a500000|  0%| F|  |TAMS 0x000000008a400000, 0x000000008a400000| Untracked 
| 165|0x000000008a500000, 0x000000008a500000, 0x000000008a600000|  0%| F|  |TAMS 0x000000008a500000, 0x000000008a500000| Untracked 
| 166|0x000000008a600000, 0x000000008a600000, 0x000000008a700000|  0%| F|  |TAMS 0x000000008a600000, 0x000000008a600000| Untracked 
| 167|0x000000008a700000, 0x000000008a700000, 0x000000008a800000|  0%| F|  |TAMS 0x000000008a700000, 0x000000008a700000| Untracked 
| 168|0x000000008a800000, 0x000000008a800000, 0x000000008a900000|  0%| F|  |TAMS 0x000000008a800000, 0x000000008a800000| Untracked 
| 169|0x000000008a900000, 0x000000008a900000, 0x000000008aa00000|  0%| F|  |TAMS 0x000000008a900000, 0x000000008a900000| Untracked 
| 170|0x000000008aa00000, 0x000000008aa00000, 0x000000008ab00000|  0%| F|  |TAMS 0x000000008aa00000, 0x000000008aa00000| Untracked 
| 171|0x000000008ab00000, 0x000000008ab00000, 0x000000008ac00000|  0%| F|  |TAMS 0x000000008ab00000, 0x000000008ab00000| Untracked 
| 172|0x000000008ac00000, 0x000000008ac00000, 0x000000008ad00000|  0%| F|  |TAMS 0x000000008ac00000, 0x000000008ac00000| Untracked 
| 173|0x000000008ad00000, 0x000000008ad00000, 0x000000008ae00000|  0%| F|  |TAMS 0x000000008ad00000, 0x000000008ad00000| Untracked 
| 174|0x000000008ae00000, 0x000000008ae00000, 0x000000008af00000|  0%| F|  |TAMS 0x000000008ae00000, 0x000000008ae00000| Untracked 
| 175|0x000000008af00000, 0x000000008af00000, 0x000000008b000000|  0%| F|  |TAMS 0x000000008af00000, 0x000000008af00000| Untracked 
| 176|0x000000008b000000, 0x000000008b000000, 0x000000008b100000|  0%| F|  |TAMS 0x000000008b000000, 0x000000008b000000| Untracked 
| 177|0x000000008b100000, 0x000000008b100000, 0x000000008b200000|  0%| F|  |TAMS 0x000000008b100000, 0x000000008b100000| Untracked 
| 178|0x000000008b200000, 0x000000008b200000, 0x000000008b300000|  0%| F|  |TAMS 0x000000008b200000, 0x000000008b200000| Untracked 
| 179|0x000000008b300000, 0x000000008b300000, 0x000000008b400000|  0%| F|  |TAMS 0x000000008b300000, 0x000000008b300000| Untracked 
| 180|0x000000008b400000, 0x000000008b400000, 0x000000008b500000|  0%| F|  |TAMS 0x000000008b400000, 0x000000008b400000| Untracked 
| 181|0x000000008b500000, 0x000000008b500000, 0x000000008b600000|  0%| F|  |TAMS 0x000000008b500000, 0x000000008b500000| Untracked 
| 182|0x000000008b600000, 0x000000008b600000, 0x000000008b700000|  0%| F|  |TAMS 0x000000008b600000, 0x000000008b600000| Untracked 
| 183|0x000000008b700000, 0x000000008b700000, 0x000000008b800000|  0%| F|  |TAMS 0x000000008b700000, 0x000000008b700000| Untracked 
| 184|0x000000008b800000, 0x000000008b800000, 0x000000008b900000|  0%| F|  |TAMS 0x000000008b800000, 0x000000008b800000| Untracked 
| 185|0x000000008b900000, 0x000000008b900000, 0x000000008ba00000|  0%| F|  |TAMS 0x000000008b900000, 0x000000008b900000| Untracked 
| 186|0x000000008ba00000, 0x000000008ba00000, 0x000000008bb00000|  0%| F|  |TAMS 0x000000008ba00000, 0x000000008ba00000| Untracked 
| 187|0x000000008bb00000, 0x000000008bb00000, 0x000000008bc00000|  0%| F|  |TAMS 0x000000008bb00000, 0x000000008bb00000| Untracked 
| 188|0x000000008bc00000, 0x000000008bc00000, 0x000000008bd00000|  0%| F|  |TAMS 0x000000008bc00000, 0x000000008bc00000| Untracked 
| 189|0x000000008bd00000, 0x000000008bd00000, 0x000000008be00000|  0%| F|  |TAMS 0x000000008bd00000, 0x000000008bd00000| Untracked 
| 190|0x000000008be00000, 0x000000008be00000, 0x000000008bf00000|  0%| F|  |TAMS 0x000000008be00000, 0x000000008be00000| Untracked 
| 191|0x000000008bf00000, 0x000000008bf00000, 0x000000008c000000|  0%| F|  |TAMS 0x000000008bf00000, 0x000000008bf00000| Untracked 
| 192|0x000000008c000000, 0x000000008c000000, 0x000000008c100000|  0%| F|  |TAMS 0x000000008c000000, 0x000000008c000000| Untracked 
| 193|0x000000008c100000, 0x000000008c100000, 0x000000008c200000|  0%| F|  |TAMS 0x000000008c100000, 0x000000008c100000| Untracked 
| 194|0x000000008c200000, 0x000000008c200000, 0x000000008c300000|  0%| F|  |TAMS 0x000000008c200000, 0x000000008c200000| Untracked 
| 195|0x000000008c300000, 0x000000008c300000, 0x000000008c400000|  0%| F|  |TAMS 0x000000008c300000, 0x000000008c300000| Untracked 
| 196|0x000000008c400000, 0x000000008c400000, 0x000000008c500000|  0%| F|  |TAMS 0x000000008c400000, 0x000000008c400000| Untracked 
| 197|0x000000008c500000, 0x000000008c500000, 0x000000008c600000|  0%| F|  |TAMS 0x000000008c500000, 0x000000008c500000| Untracked 
| 198|0x000000008c600000, 0x000000008c600000, 0x000000008c700000|  0%| F|  |TAMS 0x000000008c600000, 0x000000008c600000| Untracked 
| 199|0x000000008c700000, 0x000000008c700000, 0x000000008c800000|  0%| F|  |TAMS 0x000000008c700000, 0x000000008c700000| Untracked 
| 200|0x000000008c800000, 0x000000008c800000, 0x000000008c900000|  0%| F|  |TAMS 0x000000008c800000, 0x000000008c800000| Untracked 
| 201|0x000000008c900000, 0x000000008c900000, 0x000000008ca00000|  0%| F|  |TAMS 0x000000008c900000, 0x000000008c900000| Untracked 
| 202|0x000000008ca00000, 0x000000008ca00000, 0x000000008cb00000|  0%| F|  |TAMS 0x000000008ca00000, 0x000000008ca00000| Untracked 
| 203|0x000000008cb00000, 0x000000008cb00000, 0x000000008cc00000|  0%| F|  |TAMS 0x000000008cb00000, 0x000000008cb00000| Untracked 
| 204|0x000000008cc00000, 0x000000008cc00000, 0x000000008cd00000|  0%| F|  |TAMS 0x000000008cc00000, 0x000000008cc00000| Untracked 
| 205|0x000000008cd00000, 0x000000008cd00000, 0x000000008ce00000|  0%| F|  |TAMS 0x000000008cd00000, 0x000000008cd00000| Untracked 
| 206|0x000000008ce00000, 0x000000008ce00000, 0x000000008cf00000|  0%| F|  |TAMS 0x000000008ce00000, 0x000000008ce00000| Untracked 
| 207|0x000000008cf00000, 0x000000008cf00000, 0x000000008d000000|  0%| F|  |TAMS 0x000000008cf00000, 0x000000008cf00000| Untracked 
| 208|0x000000008d000000, 0x000000008d000000, 0x000000008d100000|  0%| F|  |TAMS 0x000000008d000000, 0x000000008d000000| Untracked 
| 209|0x000000008d100000, 0x000000008d100000, 0x000000008d200000|  0%| F|  |TAMS 0x000000008d100000, 0x000000008d100000| Untracked 
| 210|0x000000008d200000, 0x000000008d200000, 0x000000008d300000|  0%| F|  |TAMS 0x000000008d200000, 0x000000008d200000| Untracked 
| 211|0x000000008d300000, 0x000000008d300000, 0x000000008d400000|  0%| F|  |TAMS 0x000000008d300000, 0x000000008d300000| Untracked 
| 212|0x000000008d400000, 0x000000008d400000, 0x000000008d500000|  0%| F|  |TAMS 0x000000008d400000, 0x000000008d400000| Untracked 
| 213|0x000000008d500000, 0x000000008d500000, 0x000000008d600000|  0%| F|  |TAMS 0x000000008d500000, 0x000000008d500000| Untracked 
| 214|0x000000008d600000, 0x000000008d600000, 0x000000008d700000|  0%| F|  |TAMS 0x000000008d600000, 0x000000008d600000| Untracked 
| 215|0x000000008d700000, 0x000000008d700000, 0x000000008d800000|  0%| F|  |TAMS 0x000000008d700000, 0x000000008d700000| Untracked 
| 216|0x000000008d800000, 0x000000008d800000, 0x000000008d900000|  0%| F|  |TAMS 0x000000008d800000, 0x000000008d800000| Untracked 
| 217|0x000000008d900000, 0x000000008d900000, 0x000000008da00000|  0%| F|  |TAMS 0x000000008d900000, 0x000000008d900000| Untracked 
| 218|0x000000008da00000, 0x000000008da00000, 0x000000008db00000|  0%| F|  |TAMS 0x000000008da00000, 0x000000008da00000| Untracked 
| 219|0x000000008db00000, 0x000000008db00000, 0x000000008dc00000|  0%| F|  |TAMS 0x000000008db00000, 0x000000008db00000| Untracked 
| 220|0x000000008dc00000, 0x000000008dc00000, 0x000000008dd00000|  0%| F|  |TAMS 0x000000008dc00000, 0x000000008dc00000| Untracked 
| 221|0x000000008dd00000, 0x000000008dd00000, 0x000000008de00000|  0%| F|  |TAMS 0x000000008dd00000, 0x000000008dd00000| Untracked 
| 222|0x000000008de00000, 0x000000008de00000, 0x000000008df00000|  0%| F|  |TAMS 0x000000008de00000, 0x000000008de00000| Untracked 
| 223|0x000000008df00000, 0x000000008df00000, 0x000000008e000000|  0%| F|  |TAMS 0x000000008df00000, 0x000000008df00000| Untracked 
| 224|0x000000008e000000, 0x000000008e000000, 0x000000008e100000|  0%| F|  |TAMS 0x000000008e000000, 0x000000008e000000| Untracked 
| 225|0x000000008e100000, 0x000000008e100000, 0x000000008e200000|  0%| F|  |TAMS 0x000000008e100000, 0x000000008e100000| Untracked 
| 226|0x000000008e200000, 0x000000008e200000, 0x000000008e300000|  0%| F|  |TAMS 0x000000008e200000, 0x000000008e200000| Untracked 
| 227|0x000000008e300000, 0x000000008e300000, 0x000000008e400000|  0%| F|  |TAMS 0x000000008e300000, 0x000000008e300000| Untracked 
| 228|0x000000008e400000, 0x000000008e400000, 0x000000008e500000|  0%| F|  |TAMS 0x000000008e400000, 0x000000008e400000| Untracked 
| 229|0x000000008e500000, 0x000000008e500000, 0x000000008e600000|  0%| F|  |TAMS 0x000000008e500000, 0x000000008e500000| Untracked 
| 230|0x000000008e600000, 0x000000008e600000, 0x000000008e700000|  0%| F|  |TAMS 0x000000008e600000, 0x000000008e600000| Untracked 
| 231|0x000000008e700000, 0x000000008e700000, 0x000000008e800000|  0%| F|  |TAMS 0x000000008e700000, 0x000000008e700000| Untracked 
| 232|0x000000008e800000, 0x000000008e800000, 0x000000008e900000|  0%| F|  |TAMS 0x000000008e800000, 0x000000008e800000| Untracked 
| 233|0x000000008e900000, 0x000000008e900000, 0x000000008ea00000|  0%| F|  |TAMS 0x000000008e900000, 0x000000008e900000| Untracked 
| 234|0x000000008ea00000, 0x000000008ea00000, 0x000000008eb00000|  0%| F|  |TAMS 0x000000008ea00000, 0x000000008ea00000| Untracked 
| 235|0x000000008eb00000, 0x000000008eb00000, 0x000000008ec00000|  0%| F|  |TAMS 0x000000008eb00000, 0x000000008eb00000| Untracked 
| 236|0x000000008ec00000, 0x000000008ec00000, 0x000000008ed00000|  0%| F|  |TAMS 0x000000008ec00000, 0x000000008ec00000| Untracked 
| 237|0x000000008ed00000, 0x000000008ed00000, 0x000000008ee00000|  0%| F|  |TAMS 0x000000008ed00000, 0x000000008ed00000| Untracked 
| 238|0x000000008ee00000, 0x000000008ee00000, 0x000000008ef00000|  0%| F|  |TAMS 0x000000008ee00000, 0x000000008ee00000| Untracked 
| 239|0x000000008ef00000, 0x000000008ef00000, 0x000000008f000000|  0%| F|  |TAMS 0x000000008ef00000, 0x000000008ef00000| Untracked 
| 240|0x000000008f000000, 0x000000008f000000, 0x000000008f100000|  0%| F|  |TAMS 0x000000008f000000, 0x000000008f000000| Untracked 
| 241|0x000000008f100000, 0x000000008f100000, 0x000000008f200000|  0%| F|  |TAMS 0x000000008f100000, 0x000000008f100000| Untracked 
| 242|0x000000008f200000, 0x000000008f200000, 0x000000008f300000|  0%| F|  |TAMS 0x000000008f200000, 0x000000008f200000| Untracked 
| 243|0x000000008f300000, 0x000000008f3c7ee0, 0x000000008f400000| 78%| S|CS|TAMS 0x000000008f300000, 0x000000008f300000| Complete 
| 244|0x000000008f400000, 0x000000008f500000, 0x000000008f500000|100%| S|CS|TAMS 0x000000008f400000, 0x000000008f400000| Complete 
| 245|0x000000008f500000, 0x000000008f600000, 0x000000008f600000|100%| S|CS|TAMS 0x000000008f500000, 0x000000008f500000| Complete 
| 246|0x000000008f600000, 0x000000008f700000, 0x000000008f700000|100%| S|CS|TAMS 0x000000008f600000, 0x000000008f600000| Complete 
| 247|0x000000008f700000, 0x000000008f800000, 0x000000008f800000|100%| S|CS|TAMS 0x000000008f700000, 0x000000008f700000| Complete 
| 248|0x000000008f800000, 0x000000008f900000, 0x000000008f900000|100%| S|CS|TAMS 0x000000008f800000, 0x000000008f800000| Complete 
| 249|0x000000008f900000, 0x000000008fa00000, 0x000000008fa00000|100%| S|CS|TAMS 0x000000008f900000, 0x000000008f900000| Complete 
| 250|0x000000008fa00000, 0x000000008fb00000, 0x000000008fb00000|100%| S|CS|TAMS 0x000000008fa00000, 0x000000008fa00000| Complete 
| 251|0x000000008fb00000, 0x000000008fc00000, 0x000000008fc00000|100%| S|CS|TAMS 0x000000008fb00000, 0x000000008fb00000| Complete 
| 252|0x000000008fc00000, 0x000000008fd00000, 0x000000008fd00000|100%| S|CS|TAMS 0x000000008fc00000, 0x000000008fc00000| Complete 
| 253|0x000000008fd00000, 0x000000008fe00000, 0x000000008fe00000|100%| S|CS|TAMS 0x000000008fd00000, 0x000000008fd00000| Complete 
| 254|0x000000008fe00000, 0x000000008fe00000, 0x000000008ff00000|  0%| F|  |TAMS 0x000000008fe00000, 0x000000008fe00000| Untracked 
| 255|0x000000008ff00000, 0x000000008ff00000, 0x0000000090000000|  0%| F|  |TAMS 0x000000008ff00000, 0x000000008ff00000| Untracked 

Card table byte_map: [0x000002ea341d0000,0x000002ea345d0000] _byte_map_base: 0x000002ea33dd0000

Marking Bits (Prev, Next): (CMBitMap*) 0x000002ea20ddf330, (CMBitMap*) 0x000002ea20ddf2f8
 Prev Bits: [0x000002ea369d0000, 0x000002ea389d0000)
 Next Bits: [0x000002ea349d0000, 0x000002ea369d0000)

Polling page: 0x000002ea20570000

Metaspace:

Usage:
  Non-class:     71.96 MB capacity,    70.47 MB ( 98%) used,     1.23 MB (  2%) free+waste,   257.19 KB ( <1%) overhead. 
      Class:     11.42 MB capacity,    10.57 MB ( 93%) used,   748.34 KB (  6%) free+waste,   120.69 KB (  1%) overhead. 
       Both:     83.37 MB capacity,    81.04 MB ( 97%) used,     1.96 MB (  2%) free+waste,   377.88 KB ( <1%) overhead. 

Virtual space:
  Non-class space:       80.00 MB reserved,      72.00 MB ( 90%) committed 
      Class space:        1.00 GB reserved,      11.45 MB (  1%) committed 
             Both:        1.08 GB reserved,      83.45 MB (  8%) committed 

Chunk freelists:
   Non-Class:  46.00 KB
       Class:  20.00 KB
        Both:  66.00 KB

MaxMetaspaceSize: 17179869184.00 GB
CompressedClassSpaceSize: 1.00 GB

CodeHeap 'non-profiled nmethods': size=120000Kb used=5176Kb max_used=5176Kb free=114824Kb
 bounds [0x000002ea2c350000, 0x000002ea2c860000, 0x000002ea33880000]
CodeHeap 'profiled nmethods': size=120000Kb used=18282Kb max_used=18282Kb free=101718Kb
 bounds [0x000002ea24e20000, 0x000002ea26000000, 0x000002ea2c350000]
CodeHeap 'non-nmethods': size=5760Kb used=2274Kb max_used=2336Kb free=3486Kb
 bounds [0x000002ea24880000, 0x000002ea24af0000, 0x000002ea24e20000]
 total_blobs=9510 nmethods=8639 adapters=782
 compilation: enabled
              stopped_count=0, restarted_count=0
 full_count=0

Compilation events (20 events):
Event: 6.344 Thread 0x000002ea3bfbb800 8665       3       org.apache.xerces.dom.ElementImpl::setupDefaultAttributes (23 bytes)
Event: 6.344 Thread 0x000002ea3bfbb800 nmethod 8665 0x000002ea25ff4890 code [0x000002ea25ff4a80, 0x000002ea25ff4ff8]
Event: 6.344 Thread 0x000002ea3bfbb800 8673       3       org.apache.xerces.impl.XMLEntityScanner::scanContent (702 bytes)
Event: 6.345 Thread 0x000002ea3bfbb800 nmethod 8673 0x000002ea25ff5210 code [0x000002ea25ff54c0, 0x000002ea25ff6558]
Event: 6.345 Thread 0x000002ea3bfbb800 8671       3       org.apache.xerces.util.XMLChar::isInvalid (13 bytes)
Event: 6.345 Thread 0x000002ea3bfbb800 nmethod 8671 0x000002ea25ff6b90 code [0x000002ea25ff6d60, 0x000002ea25ff7038]
Event: 6.345 Thread 0x000002ea3bfbb800 8672       3       org.apache.xerces.util.XMLChar::isValid (34 bytes)
Event: 6.345 Thread 0x000002ea3bfbb800 nmethod 8672 0x000002ea25ff7110 code [0x000002ea25ff72c0, 0x000002ea25ff74d8]
Event: 6.345 Thread 0x000002ea3bfbb800 8668       3       org.apache.xerces.impl.XMLDocumentFragmentScannerImpl$ElementStack::popElement (21 bytes)
Event: 6.345 Thread 0x000002ea3bfbb800 nmethod 8668 0x000002ea25ff7590 code [0x000002ea25ff7760, 0x000002ea25ff7a78]
Event: 6.345 Thread 0x000002ea3bfbb800 8666       3       org.apache.xerces.dom.ElementImpl::getDefaultAttributes (48 bytes)
Event: 6.346 Thread 0x000002ea3bfbb800 nmethod 8666 0x000002ea25ff7c10 code [0x000002ea25ff7e80, 0x000002ea25ff8c98]
Event: 6.346 Thread 0x000002ea3bfbb800 8667       3       org.apache.xerces.dom.CoreDocumentImpl::getDoctype (16 bytes)
Event: 6.346 Thread 0x000002ea3bfbb800 nmethod 8667 0x000002ea25ff8f90 code [0x000002ea25ff9160, 0x000002ea25ff9428]
Event: 6.346 Thread 0x000002ea3bfbb800 8669       3       org.apache.xerces.dom.AttributeMap::<init> (27 bytes)
Event: 6.346 Thread 0x000002ea3bfbb800 nmethod 8669 0x000002ea25ff9510 code [0x000002ea25ff96e0, 0x000002ea25ff9a48]
Event: 6.346 Thread 0x000002ea3bfbb800 8670       3       org.apache.xerces.dom.NamedNodeMapImpl::<init> (10 bytes)
Event: 6.346 Thread 0x000002ea3bfbb800 nmethod 8670 0x000002ea25ff9b90 code [0x000002ea25ff9d40, 0x000002ea25ff9ef8]
Event: 6.353 Thread 0x000002ea3bfbb800 8674       3       org.apache.xerces.dom.ElementImpl::getAttributes (36 bytes)
Event: 6.353 Thread 0x000002ea3bfbb800 nmethod 8674 0x000002ea25ff9f90 code [0x000002ea25ffa180, 0x000002ea25ffa6c8]

GC Heap History (20 events):
Event: 0.450 GC heap before
{Heap before GC invocations=0 (full 0):
 garbage-first heap   total 262144K, used 29696K [0x0000000080000000, 0x0000000100000000)
  region size 1024K, 24 young (24576K), 0 survivors (0K)
 Metaspace       used 10195K, capacity 10367K, committed 10624K, reserved 1058816K
  class space    used 1065K, capacity 1141K, committed 1152K, reserved 1048576K
}
Event: 0.454 GC heap after
{Heap after GC invocations=1 (full 0):
 garbage-first heap   total 262144K, used 9169K [0x0000000080000000, 0x0000000100000000)
  region size 1024K, 3 young (3072K), 3 survivors (3072K)
 Metaspace       used 10195K, capacity 10367K, committed 10624K, reserved 1058816K
  class space    used 1065K, capacity 1141K, committed 1152K, reserved 1048576K
}
Event: 1.534 GC heap before
{Heap before GC invocations=1 (full 0):
 garbage-first heap   total 262144K, used 105425K [0x0000000080000000, 0x0000000100000000)
  region size 1024K, 98 young (100352K), 3 survivors (3072K)
 Metaspace       used 20606K, capacity 21128K, committed 21248K, reserved 1067008K
  class space    used 2520K, capacity 2722K, committed 2816K, reserved 1048576K
}
Event: 1.542 GC heap after
{Heap after GC invocations=2 (full 0):
 garbage-first heap   total 262144K, used 16846K [0x0000000080000000, 0x0000000100000000)
  region size 1024K, 11 young (11264K), 11 survivors (11264K)
 Metaspace       used 20606K, capacity 21128K, committed 21248K, reserved 1067008K
  class space    used 2520K, capacity 2722K, committed 2816K, reserved 1048576K
}
Event: 1.812 GC heap before
{Heap before GC invocations=3 (full 0):
 garbage-first heap   total 262144K, used 57806K [0x0000000080000000, 0x0000000100000000)
  region size 1024K, 51 young (52224K), 11 survivors (11264K)
 Metaspace       used 24599K, capacity 25156K, committed 25472K, reserved 1071104K
  class space    used 3182K, capacity 3388K, committed 3456K, reserved 1048576K
}
Event: 1.818 GC heap after
{Heap after GC invocations=4 (full 0):
 garbage-first heap   total 262144K, used 18385K [0x0000000080000000, 0x0000000100000000)
  region size 1024K, 2 young (2048K), 2 survivors (2048K)
 Metaspace       used 24599K, capacity 25156K, committed 25472K, reserved 1071104K
  class space    used 3182K, capacity 3388K, committed 3456K, reserved 1048576K
}
Event: 2.398 GC heap before
{Heap before GC invocations=4 (full 0):
 garbage-first heap   total 262144K, used 89041K [0x0000000080000000, 0x0000000100000000)
  region size 1024K, 72 young (73728K), 2 survivors (2048K)
 Metaspace       used 35025K, capacity 35834K, committed 35840K, reserved 1081344K
  class space    used 4538K, capacity 4864K, committed 4864K, reserved 1048576K
}
Event: 2.404 GC heap after
{Heap after GC invocations=5 (full 0):
 garbage-first heap   total 262144K, used 21953K [0x0000000080000000, 0x0000000100000000)
  region size 1024K, 6 young (6144K), 6 survivors (6144K)
 Metaspace       used 35025K, capacity 35834K, committed 35840K, reserved 1081344K
  class space    used 4538K, capacity 4864K, committed 4864K, reserved 1048576K
}
Event: 3.047 GC heap before
{Heap before GC invocations=6 (full 0):
 garbage-first heap   total 262144K, used 131521K [0x0000000080000000, 0x0000000100000000)
  region size 1024K, 110 young (112640K), 6 survivors (6144K)
 Metaspace       used 43595K, capacity 44577K, committed 44620K, reserved 1087488K
  class space    used 5581K, capacity 5935K, committed 5964K, reserved 1048576K
}
Event: 3.054 GC heap after
{Heap after GC invocations=7 (full 0):
 garbage-first heap   total 262144K, used 28195K [0x0000000080000000, 0x0000000100000000)
  region size 1024K, 12 young (12288K), 12 survivors (12288K)
 Metaspace       used 43595K, capacity 44577K, committed 44620K, reserved 1087488K
  class space    used 5581K, capacity 5935K, committed 5964K, reserved 1048576K
}
Event: 4.038 GC heap before
{Heap before GC invocations=7 (full 0):
 garbage-first heap   total 262144K, used 164387K [0x0000000080000000, 0x0000000100000000)
  region size 1024K, 142 young (145408K), 12 survivors (12288K)
 Metaspace       used 56271K, capacity 57700K, committed 57932K, reserved 1099776K
  class space    used 7108K, capacity 7649K, committed 7756K, reserved 1048576K
}
Event: 4.047 GC heap after
{Heap after GC invocations=8 (full 0):
 garbage-first heap   total 262144K, used 42252K [0x0000000080000000, 0x0000000100000000)
  region size 1024K, 17 young (17408K), 17 survivors (17408K)
 Metaspace       used 56271K, capacity 57700K, committed 57932K, reserved 1099776K
  class space    used 7108K, capacity 7649K, committed 7756K, reserved 1048576K
}
Event: 4.184 GC heap before
{Heap before GC invocations=8 (full 0):
 garbage-first heap   total 262144K, used 56588K [0x0000000080000000, 0x0000000100000000)
  region size 1024K, 32 young (32768K), 17 survivors (17408K)
 Metaspace       used 58699K, capacity 60171K, committed 60236K, reserved 1101824K
  class space    used 7437K, capacity 8000K, committed 8012K, reserved 1048576K
}
Event: 4.196 GC heap after
{Heap after GC invocations=9 (full 0):
 garbage-first heap   total 262144K, used 43984K [0x0000000080000000, 0x0000000100000000)
  region size 1024K, 12 young (12288K), 12 survivors (12288K)
 Metaspace       used 58699K, capacity 60171K, committed 60236K, reserved 1101824K
  class space    used 7437K, capacity 8000K, committed 8012K, reserved 1048576K
}
Event: 5.241 GC heap before
{Heap before GC invocations=10 (full 0):
 garbage-first heap   total 262144K, used 188368K [0x0000000080000000, 0x0000000100000000)
  region size 1024K, 153 young (156672K), 12 survivors (12288K)
 Metaspace       used 71468K, capacity 73203K, committed 73420K, reserved 1112064K
  class space    used 9256K, capacity 9882K, committed 9932K, reserved 1048576K
}
Event: 5.249 GC heap after
{Heap after GC invocations=11 (full 0):
 garbage-first heap   total 262144K, used 54374K [0x0000000080000000, 0x0000000100000000)
  region size 1024K, 12 young (12288K), 12 survivors (12288K)
 Metaspace       used 71468K, capacity 73203K, committed 73420K, reserved 1112064K
  class space    used 9256K, capacity 9882K, committed 9932K, reserved 1048576K
}
Event: 6.320 GC heap before
{Heap before GC invocations=11 (full 0):
 garbage-first heap   total 262144K, used 196710K [0x0000000080000000, 0x0000000100000000)
  region size 1024K, 152 young (155648K), 12 survivors (12288K)
 Metaspace       used 82673K, capacity 85098K, committed 85452K, reserved 1122304K
  class space    used 10778K, capacity 11621K, committed 11724K, reserved 1048576K
}
Event: 6.331 GC heap after
{Heap after GC invocations=12 (full 0):
 garbage-first heap   total 262144K, used 64896K [0x0000000080000000, 0x0000000100000000)
  region size 1024K, 11 young (11264K), 11 survivors (11264K)
 Metaspace       used 82673K, capacity 85098K, committed 85452K, reserved 1122304K
  class space    used 10778K, capacity 11621K, committed 11724K, reserved 1048576K
}
Event: 6.356 GC heap before
{Heap before GC invocations=12 (full 0):
 garbage-first heap   total 262144K, used 65920K [0x0000000080000000, 0x0000000100000000)
  region size 1024K, 13 young (13312K), 11 survivors (11264K)
 Metaspace       used 82986K, capacity 85374K, committed 85452K, reserved 1128448K
  class space    used 10822K, capacity 11692K, committed 11724K, reserved 1048576K
}
Event: 6.363 GC heap after
{Heap after GC invocations=13 (full 0):
 garbage-first heap   total 262144K, used 65041K [0x0000000080000000, 0x0000000100000000)
  region size 1024K, 11 young (11264K), 11 survivors (11264K)
 Metaspace       used 82986K, capacity 85374K, committed 85452K, reserved 1128448K
  class space    used 10822K, capacity 11692K, committed 11724K, reserved 1048576K
}

Deoptimization events (20 events):
Event: 6.193 Thread 0x000002ea3e9f2800 Uncommon trap: trap_request=0xffffff4d fr.pc=0x000002ea2c66dee4 relative=0x0000000000000304
Event: 6.193 Thread 0x000002ea3e9f2800 Uncommon trap: reason=unstable_if action=reinterpret pc=0x000002ea2c66dee4 method=java.util.concurrent.ConcurrentHashMap.addCount(JI)V @ 168 c2
Event: 6.193 Thread 0x000002ea3e9f2800 DEOPT PACKING pc=0x000002ea2c66dee4 sp=0x000000f605bfdc90
Event: 6.193 Thread 0x000002ea3e9f2800 DEOPT UNPACKING pc=0x000002ea248a78af sp=0x000000f605bfdbd0 mode 2
Event: 6.205 Thread 0x000002ea3e9d7800 Uncommon trap: trap_request=0xffffff4d fr.pc=0x000002ea2c833ebc relative=0x00000000000002bc
Event: 6.205 Thread 0x000002ea3e9d7800 Uncommon trap: reason=unstable_if action=reinterpret pc=0x000002ea2c833ebc method=org.gradle.internal.file.DefaultFileHierarchySet$Node.isChildOfOrThis(Ljava/lang/String;I)Z @ 35 c2
Event: 6.205 Thread 0x000002ea3e9d7800 DEOPT PACKING pc=0x000002ea2c833ebc sp=0x000000f6048fee30
Event: 6.205 Thread 0x000002ea3e9d7800 DEOPT UNPACKING pc=0x000002ea248a78af sp=0x000000f6048feda8 mode 2
Event: 6.209 Thread 0x000002ea436a4800 Uncommon trap: trap_request=0xffffff6e fr.pc=0x000002ea2c8185b8 relative=0x0000000000000758
Event: 6.209 Thread 0x000002ea436a4800 Uncommon trap: reason=speculate_class_check action=maybe_recompile pc=0x000002ea2c8185b8 method=sun.security.provider.DigestBase.implCompressMultiBlock([BII)I @ 11 c2
Event: 6.209 Thread 0x000002ea436a4800 DEOPT PACKING pc=0x000002ea2c8185b8 sp=0x000000f6070f7790
Event: 6.209 Thread 0x000002ea436a4800 DEOPT UNPACKING pc=0x000002ea248a78af sp=0x000000f6070f76c8 mode 2
Event: 6.242 Thread 0x000002ea3e9ee000 Uncommon trap: trap_request=0xffffff4d fr.pc=0x000002ea2c816e18 relative=0x0000000000000558
Event: 6.242 Thread 0x000002ea3e9ee000 Uncommon trap: reason=unstable_if action=reinterpret pc=0x000002ea2c816e18 method=java.util.concurrent.ConcurrentLinkedQueue.updateHead(Ljava/util/concurrent/ConcurrentLinkedQueue$Node;Ljava/util/concurrent/ConcurrentLinkedQueue$Node;)V @ 14 c2
Event: 6.242 Thread 0x000002ea3e9ee000 DEOPT PACKING pc=0x000002ea2c816e18 sp=0x000000f6059fb350
Event: 6.242 Thread 0x000002ea3e9ee000 DEOPT UNPACKING pc=0x000002ea248a78af sp=0x000000f6059fb298 mode 2
Event: 6.267 Thread 0x000002ea3e9e3800 DEOPT PACKING pc=0x000002ea25f1a2f0 sp=0x000000f6053fe560
Event: 6.267 Thread 0x000002ea3e9e3800 DEOPT UNPACKING pc=0x000002ea248a76ce sp=0x000000f6053fda18 mode 0
Event: 6.271 Thread 0x000002ea3e9e3800 DEOPT PACKING pc=0x000002ea25f1a2f0 sp=0x000000f6053fe5e0
Event: 6.271 Thread 0x000002ea3e9e3800 DEOPT UNPACKING pc=0x000002ea248a76ce sp=0x000000f6053fda98 mode 0

Classes redefined (0 events):
No events

Internal exceptions (20 events):
Event: 5.841 Thread 0x000002ea436a2000 Exception <a 'java/lang/NoSuchMethodError'{0x000000008b5a0928}: 'java.lang.Object java.lang.invoke.Invokers$Holder.linkToTargetMethod(java.lang.Object, java.lang.Object, java.lang.Object, int, java.lang.Object, java.lang.Object)'> (0x000000008b5a0928) thrown at [./src/hotspot/share/interpreter/linkResolver.cpp, line 773]
Event: 5.846 Thread 0x000002ea436a2000 Exception <a 'java/lang/IncompatibleClassChangeError'{0x000000008b423828}: Found class java.lang.Object, but interface was expected> (0x000000008b423828) thrown at [./src/hotspot/share/interpreter/linkResolver.cpp, line 839]
Event: 5.864 Thread 0x000002ea436a2000 Exception <a 'java/lang/NoSuchMethodError'{0x000000008b3d6de8}: 'void java.lang.invoke.DirectMethodHandle$Holder.invokeVirtual(java.lang.Object, java.lang.Object)'> (0x000000008b3d6de8) thrown at [./src/hotspot/share/interpreter/linkResolver.cpp, line 773]
Event: 5.884 Thread 0x000002ea436a2000 Exception <a 'java/lang/NoSuchMethodError'{0x000000008b18edc8}: 'void java.lang.invoke.DirectMethodHandle$Holder.invokeStatic(java.lang.Object, java.lang.Object, java.lang.Object, java.lang.Object, java.lang.Object, java.lang.Object, java.lang.Object)'> (0x000000008b18edc8) thrown at [./src/hotspot/share/interpreter/linkResolver.cpp, line 773]
Event: 5.891 Thread 0x000002ea3e7f6800 Exception <a 'java/lang/NoSuchMethodError'{0x000000008b0dea10}: <clinit>> (0x000000008b0dea10) thrown at [./src/hotspot/share/prims/jni.cpp, line 1362]
Event: 5.903 Thread 0x000002ea436a2000 Exception <a 'sun/nio/fs/WindowsException'{0x000000008af90b30}> (0x000000008af90b30) thrown at [./src/hotspot/share/prims/jni.cpp, line 615]
Event: 5.903 Thread 0x000002ea436a2000 Exception <a 'sun/nio/fs/WindowsException'{0x000000008af919a0}> (0x000000008af919a0) thrown at [./src/hotspot/share/prims/jni.cpp, line 615]
Event: 5.922 Thread 0x000002ea436af000 Exception <a 'sun/nio/fs/WindowsException'{0x000000008ad75b60}> (0x000000008ad75b60) thrown at [./src/hotspot/share/prims/jni.cpp, line 615]
Event: 6.011 Thread 0x000002ea3e9e0800 Exception <a 'java/lang/NoSuchMethodError'{0x000000008a357d48}: 'java.lang.Object java.lang.invoke.DirectMethodHandle$Holder.invokeSpecialIFC(java.lang.Object, java.lang.Object, java.lang.Object)'> (0x000000008a357d48) thrown at [./src/hotspot/share/interpreter/linkResolver.cpp, line 773]
Event: 6.011 Thread 0x000002ea3e9f0800 Exception <a 'java/lang/NoSuchMethodError'{0x000000008a2cdec0}: 'java.lang.Object java.lang.invoke.DirectMethodHandle$Holder.invokeSpecialIFC(java.lang.Object, java.lang.Object, java.lang.Object)'> (0x000000008a2cdec0) thrown at [./src/hotspot/share/interpreter/linkResolver.cpp, line 773]
Event: 6.011 Thread 0x000002ea3e9f1000 Exception <a 'java/lang/NoSuchMethodError'{0x000000008a2f4c88}: 'java.lang.Object java.lang.invoke.DirectMethodHandle$Holder.invokeSpecialIFC(java.lang.Object, java.lang.Object, java.lang.Object)'> (0x000000008a2f4c88) thrown at [./src/hotspot/share/interpreter/linkResolver.cpp, line 773]
Event: 6.011 Thread 0x000002ea3e9f2800 Exception <a 'java/lang/NoSuchMethodError'{0x000000008a2390c0}: 'java.lang.Object java.lang.invoke.DirectMethodHandle$Holder.invokeSpecialIFC(java.lang.Object, java.lang.Object, java.lang.Object)'> (0x000000008a2390c0) thrown at [./src/hotspot/share/interpreter/linkResolver.cpp, line 773]
Event: 6.011 Thread 0x000002ea3e9f4800 Exception <a 'java/lang/NoSuchMethodError'{0x000000008a388de8}: 'java.lang.Object java.lang.invoke.DirectMethodHandle$Holder.invokeSpecialIFC(java.lang.Object, java.lang.Object, java.lang.Object)'> (0x000000008a388de8) thrown at [./src/hotspot/share/interpreter/linkResolver.cpp, line 773]
Event: 6.011 Thread 0x000002ea3e9f2000 Exception <a 'java/lang/NoSuchMethodError'{0x000000008a4245b0}: 'java.lang.Object java.lang.invoke.DirectMethodHandle$Holder.invokeSpecialIFC(java.lang.Object, java.lang.Object, java.lang.Object)'> (0x000000008a4245b0) thrown at [./src/hotspot/share/interpreter/linkResolver.cpp, line 773]
Event: 6.011 Thread 0x000002ea3e9ee800 Exception <a 'java/lang/NoSuchMethodError'{0x000000008a2b0570}: 'java.lang.Object java.lang.invoke.DirectMethodHandle$Holder.invokeSpecialIFC(java.lang.Object, java.lang.Object, java.lang.Object)'> (0x000000008a2b0570) thrown at [./src/hotspot/share/interpreter/linkResolver.cpp, line 773]
Event: 6.011 Thread 0x000002ea436a4800 Exception <a 'java/lang/NoSuchMethodError'{0x000000008a5e2278}: 'java.lang.Object java.lang.invoke.DirectMethodHandle$Holder.invokeSpecialIFC(java.lang.Object, java.lang.Object, java.lang.Object)'> (0x000000008a5e2278) thrown at [./src/hotspot/share/interpreter/linkResolver.cpp, line 773]
Event: 6.011 Thread 0x000002ea3e9e4800 Exception <a 'java/lang/NoSuchMethodError'{0x000000008a259348}: 'java.lang.Object java.lang.invoke.DirectMethodHandle$Holder.invokeSpecialIFC(java.lang.Object, java.lang.Object, java.lang.Object)'> (0x000000008a259348) thrown at [./src/hotspot/share/interpreter/linkResolver.cpp, line 773]
Event: 6.011 Thread 0x000002ea3e9df000 Exception <a 'java/lang/NoSuchMethodError'{0x000000008a288640}: 'java.lang.Object java.lang.invoke.DirectMethodHandle$Holder.invokeSpecialIFC(java.lang.Object, java.lang.Object, java.lang.Object)'> (0x000000008a288640) thrown at [./src/hotspot/share/interpreter/linkResolver.cpp, line 773]
Event: 6.029 Thread 0x000002ea3e9f3800 Exception <a 'java/lang/NoSuchMethodError'{0x0000000089f7e8f8}: 'int java.lang.invoke.DirectMethodHandle$Holder.invokeStaticInit(java.lang.Object, java.lang.Object, java.lang.Object, java.lang.Object, java.lang.Object)'> (0x0000000089f7e8f8) thrown at [./src/hotspot/share/interpreter/linkResolver.cpp, line 773]
Event: 6.209 Thread 0x000002ea436a4800 Exception <a 'java/lang/NoSuchMethodError'{0x0000000087eb4c28}: <clinit>> (0x0000000087eb4c28) thrown at [./src/hotspot/share/prims/jni.cpp, line 1362]

Events (20 events):
Event: 6.353 loading class com/android/ide/common/rendering/api/StyleItemResourceValue done
Event: 6.354 loading class com/android/ide/common/resources/DataFile$FileType
Event: 6.354 loading class com/android/ide/common/resources/DataFile$FileType done
Event: 6.354 loading class com/google/common/collect/LinkedListMultimap$Node
Event: 6.354 loading class com/google/common/collect/LinkedListMultimap$Node done
Event: 6.354 loading class com/google/common/collect/LinkedListMultimap$KeyList
Event: 6.354 loading class com/google/common/collect/LinkedListMultimap$KeyList done
Event: 6.355 loading class com/android/resources/LayoutDirection
Event: 6.355 loading class com/android/resources/LayoutDirection done
Event: 6.355 loading class com/android/resources/ScreenSize
Event: 6.355 loading class com/android/resources/ScreenSize done
Event: 6.355 loading class com/android/resources/ScreenRatio
Event: 6.355 loading class com/android/resources/ScreenRatio done
Event: 6.356 loading class com/android/resources/ScreenRound
Event: 6.356 loading class com/android/resources/ScreenRound done
Event: 6.356 loading class com/android/resources/WideGamutColor
Event: 6.356 loading class com/android/resources/WideGamutColor done
Event: 6.356 loading class com/android/resources/HighDynamicRange
Event: 6.356 loading class com/android/resources/HighDynamicRange done
Event: 6.356 Executing VM operation: CollectForMetadataAllocation


Dynamic libraries:
0x00007ff6accd0000 - 0x00007ff6accda000 	C:\Program Files\Android\Android Studio\jre\bin\java.exe
0x00007ffcaa0c0000 - 0x00007ffcaa2c7000 	C:\WINDOWS\SYSTEM32\ntdll.dll
0x00007ffca8720000 - 0x00007ffca87dd000 	C:\WINDOWS\System32\KERNEL32.DLL
0x00007ffca7880000 - 0x00007ffca7bf4000 	C:\WINDOWS\System32\KERNELBASE.dll
0x00007ffca4b70000 - 0x00007ffca4c01000 	C:\WINDOWS\SYSTEM32\apphelp.dll
0x00007ffca7640000 - 0x00007ffca7751000 	C:\WINDOWS\System32\ucrtbase.dll
0x00007ffca4a30000 - 0x00007ffca4a49000 	C:\Program Files\Android\Android Studio\jre\bin\jli.dll
0x00007ffca3e80000 - 0x00007ffca3e97000 	C:\Program Files\Android\Android Studio\jre\bin\VCRUNTIME140.dll
0x00007ffca9620000 - 0x00007ffca97cc000 	C:\WINDOWS\System32\USER32.dll
0x00007ffc97ac0000 - 0x00007ffc97d65000 	C:\WINDOWS\WinSxS\amd64_microsoft.windows.common-controls_6595b64144ccf1df_6.0.22000.120_none_9d947278b86cc467\COMCTL32.dll
0x00007ffca7c00000 - 0x00007ffca7c26000 	C:\WINDOWS\System32\win32u.dll
0x00007ffca82d0000 - 0x00007ffca8373000 	C:\WINDOWS\System32\msvcrt.dll
0x00007ffca8500000 - 0x00007ffca8529000 	C:\WINDOWS\System32\GDI32.dll
0x00007ffca7760000 - 0x00007ffca7872000 	C:\WINDOWS\System32\gdi32full.dll
0x00007ffca75a0000 - 0x00007ffca763d000 	C:\WINDOWS\System32\msvcp_win.dll
0x00007ffcaa040000 - 0x00007ffcaa071000 	C:\WINDOWS\System32\IMM32.DLL
0x00007ffc92d30000 - 0x00007ffc92dcd000 	C:\Program Files\Android\Android Studio\jre\bin\msvcp140.dll
0x00007ffc60890000 - 0x00007ffc6135f000 	C:\Program Files\Android\Android Studio\jre\bin\server\jvm.dll
0x00007ffca9570000 - 0x00007ffca961c000 	C:\WINDOWS\System32\ADVAPI32.dll
0x00007ffca9a00000 - 0x00007ffca9a9d000 	C:\WINDOWS\System32\sechost.dll
0x00007ffca9f10000 - 0x00007ffcaa031000 	C:\WINDOWS\System32\RPCRT4.dll
0x00007ffca8530000 - 0x00007ffca8538000 	C:\WINDOWS\System32\PSAPI.DLL
0x00007ffc8f260000 - 0x00007ffc8f269000 	C:\WINDOWS\SYSTEM32\WSOCK32.dll
0x00007ffc9e240000 - 0x00007ffc9e273000 	C:\WINDOWS\SYSTEM32\WINMM.dll
0x00007ffc9f340000 - 0x00007ffc9f34a000 	C:\WINDOWS\SYSTEM32\VERSION.dll
0x00007ffca93f0000 - 0x00007ffca945f000 	C:\WINDOWS\System32\WS2_32.dll
0x00007ffca67b0000 - 0x00007ffca67c8000 	C:\WINDOWS\SYSTEM32\kernel.appcore.dll
0x00007ffc90210000 - 0x00007ffc90221000 	C:\Program Files\Android\Android Studio\jre\bin\verify.dll
0x00007ffc8dea0000 - 0x00007ffc8e0c1000 	C:\WINDOWS\SYSTEM32\DBGHELP.DLL
0x00007ffc8c830000 - 0x00007ffc8c861000 	C:\WINDOWS\SYSTEM32\dbgcore.DLL
0x00007ffca7c30000 - 0x00007ffca7cb0000 	C:\WINDOWS\System32\bcryptPrimitives.dll
0x00007ffc86530000 - 0x00007ffc86559000 	C:\Program Files\Android\Android Studio\jre\bin\java.dll
0x00007ffc97060000 - 0x00007ffc9706b000 	C:\Program Files\Android\Android Studio\jre\bin\jimage.dll
0x00007ffc84d90000 - 0x00007ffc84da8000 	C:\Program Files\Android\Android Studio\jre\bin\zip.dll
0x00007ffca89d0000 - 0x00007ffca917a000 	C:\WINDOWS\System32\SHELL32.dll
0x00007ffca5750000 - 0x00007ffca5fb2000 	C:\WINDOWS\SYSTEM32\windows.storage.dll
0x00007ffca7f50000 - 0x00007ffca82c8000 	C:\WINDOWS\System32\combase.dll
0x00007ffca55e0000 - 0x00007ffca5746000 	C:\WINDOWS\SYSTEM32\wintypes.dll
0x00007ffca8410000 - 0x00007ffca84fa000 	C:\WINDOWS\System32\SHCORE.dll
0x00007ffca88c0000 - 0x00007ffca891d000 	C:\WINDOWS\System32\shlwapi.dll
0x00007ffca74d0000 - 0x00007ffca74f1000 	C:\WINDOWS\SYSTEM32\profapi.dll
0x00007ffc80fc0000 - 0x00007ffc80fda000 	C:\Program Files\Android\Android Studio\jre\bin\net.dll
0x00007ffca2150000 - 0x00007ffca225c000 	C:\WINDOWS\SYSTEM32\WINHTTP.dll
0x00007ffca6bc0000 - 0x00007ffca6c27000 	C:\WINDOWS\system32\mswsock.dll
0x00007ffc80fa0000 - 0x00007ffc80fb4000 	C:\Program Files\Android\Android Studio\jre\bin\nio.dll
0x00007ffc8c9c0000 - 0x00007ffc8c9e7000 	C:\Users\Yash\.gradle\native\8bec1ad78214c89d9ad589b4d07fe93259594b29d510b10fafb7a158f7737e5d\windows-amd64\native-platform.dll
0x00007ffc7a2b0000 - 0x00007ffc7a3ed000 	C:\Users\Yash\.gradle\native\53dbd7edfb1c66fb8903c78663c9afc45aea4f116125fa6feffd364cf09443e8\windows-amd64\native-platform-file-events.dll
0x00007ffc96fb0000 - 0x00007ffc96fba000 	C:\Program Files\Android\Android Studio\jre\bin\management.dll
0x00007ffc93cb0000 - 0x00007ffc93cbc000 	C:\Program Files\Android\Android Studio\jre\bin\management_ext.dll
0x00007ffca6e00000 - 0x00007ffca6e18000 	C:\WINDOWS\SYSTEM32\CRYPTSP.dll
0x00007ffca6710000 - 0x00007ffca6745000 	C:\WINDOWS\system32\rsaenh.dll
0x00007ffca6cb0000 - 0x00007ffca6cd9000 	C:\WINDOWS\SYSTEM32\USERENV.dll
0x00007ffca6f80000 - 0x00007ffca6fa7000 	C:\WINDOWS\SYSTEM32\bcrypt.dll
0x00007ffca6e20000 - 0x00007ffca6e2c000 	C:\WINDOWS\SYSTEM32\CRYPTBASE.dll
0x00007ffca62f0000 - 0x00007ffca631d000 	C:\WINDOWS\SYSTEM32\IPHLPAPI.DLL
0x00007ffca9460000 - 0x00007ffca9469000 	C:\WINDOWS\System32\NSI.dll
0x00007ffca1fb0000 - 0x00007ffca1fc9000 	C:\WINDOWS\SYSTEM32\dhcpcsvc6.DLL
0x00007ffca2420000 - 0x00007ffca243e000 	C:\WINDOWS\SYSTEM32\dhcpcsvc.DLL
0x00007ffca6320000 - 0x00007ffca6407000 	C:\WINDOWS\SYSTEM32\DNSAPI.dll

dbghelp: loaded successfully - version: 4.0.5 - missing functions: none
symbol engine: initialized successfully - sym options: 0x614 - pdb path: .;C:\Program Files\Android\Android Studio\jre\bin;C:\WINDOWS\SYSTEM32;C:\WINDOWS\WinSxS\amd64_microsoft.windows.common-controls_6595b64144ccf1df_6.0.22000.120_none_9d947278b86cc467;C:\Program Files\Android\Android Studio\jre\bin\server;C:\Users\Yash\.gradle\native\8bec1ad78214c89d9ad589b4d07fe93259594b29d510b10fafb7a158f7737e5d\windows-amd64;C:\Users\Yash\.gradle\native\53dbd7edfb1c66fb8903c78663c9afc45aea4f116125fa6feffd364cf09443e8\windows-amd64

VM Arguments:
jvm_args: --add-opens=java.base/java.util=ALL-UNNAMED --add-opens=java.base/java.lang=ALL-UNNAMED --add-opens=java.base/java.lang.invoke=ALL-UNNAMED --add-opens=java.base/java.util=ALL-UNNAMED --add-opens=java.prefs/java.util.prefs=ALL-UNNAMED --add-opens=java.prefs/java.util.prefs=ALL-UNNAMED --add-opens=java.base/java.nio.charset=ALL-UNNAMED --add-opens=java.base/java.net=ALL-UNNAMED --add-opens=java.base/java.util.concurrent.atomic=ALL-UNNAMED -Xmx2048m -Dfile.encoding=UTF-8 -Duser.country=IN -Duser.language=en -Duser.variant 
java_command: org.gradle.launcher.daemon.bootstrap.GradleDaemon 7.0.2
java_class_path (initial): C:\Users\Yash\.gradle\wrapper\dists\gradle-7.0.2-bin\857tjihv64xamwrf0h14cai3r\gradle-7.0.2\lib\gradle-launcher-7.0.2.jar
Launcher Type: SUN_STANDARD

[Global flags]
     intx CICompilerCount                          = 4                                         {product} {ergonomic}
     uint ConcGCThreads                            = 3                                         {product} {ergonomic}
     uint G1ConcRefinementThreads                  = 10                                        {product} {ergonomic}
   size_t G1HeapRegionSize                         = 1048576                                   {product} {ergonomic}
    uintx GCDrainStackTargetSize                   = 64                                        {product} {ergonomic}
   size_t InitialHeapSize                          = 268435456                                 {product} {ergonomic}
   size_t MarkStackSize                            = 4194304                                   {product} {ergonomic}
   size_t MaxHeapSize                              = 2147483648                                {product} {command line}
   size_t MaxNewSize                               = 1287651328                                {product} {ergonomic}
   size_t MinHeapDeltaBytes                        = 1048576                                   {product} {ergonomic}
    uintx NonNMethodCodeHeapSize                   = 5836300                                {pd product} {ergonomic}
    uintx NonProfiledCodeHeapSize                  = 122910970                              {pd product} {ergonomic}
    uintx ProfiledCodeHeapSize                     = 122910970                              {pd product} {ergonomic}
    uintx ReservedCodeCacheSize                    = 251658240                              {pd product} {ergonomic}
     bool SegmentedCodeCache                       = true                                      {product} {ergonomic}
     bool UseCompressedClassPointers               = true                                 {lp64_product} {ergonomic}
     bool UseCompressedOops                        = true                                 {lp64_product} {ergonomic}
     bool UseG1GC                                  = true                                      {product} {ergonomic}
     bool UseLargePagesIndividualAllocation        = false                                  {pd product} {ergonomic}

Logging:
Log output configuration:
 #0: stdout all=warning uptime,level,tags
 #1: stderr all=off uptime,level,tags

Environment Variables:
PATH=C:\WINDOWS\system32;C:\WINDOWS;C:\WINDOWS\System32\Wbem;C:\WINDOWS\System32\WindowsPowerShell\v1.0\;C:\WINDOWS\System32\OpenSSH\;C:\Program Files\Git\cmd;C:\Users\Yash\AppData\Local\Microsoft\WindowsApps;
USERNAME=Yash
OS=Windows_NT
PROCESSOR_IDENTIFIER=AMD64 Family 23 Model 113 Stepping 0, AuthenticAMD



---------------  S Y S T E M  ---------------

OS: Windows 10 , 64 bit Build 22000 (10.0.22000.282)
OS uptime: 1 days 4:07 hours

CPU:total 12 (initial active 12) (12 cores per cpu, 2 threads per core) family 23 model 113 stepping 0 microcode 0x0, cmov, cx8, fxsr, mmx, sse, sse2, sse3, ssse3, sse4.1, sse4.2, popcnt, avx, avx2, aes, clmul, mmxext, 3dnowpref, lzcnt, sse4a, ht, tsc, tscinvbit, tscinv, bmi1, bmi2, adx,

Memory: 4k page, system-wide physical 16324M (6518M free)
TotalPageFile size 30148M (AvailPageFile size 0M)
current process WorkingSet (physical memory assigned to process): 481M, peak: 481M
current process commit charge ("private bytes"): 558M, peak: 562M

vm_info: OpenJDK 64-Bit Server VM (11.0.10+0-b96-7249189) for windows-amd64 JRE (11.0.10+0-b96-7249189), built on Mar 31 2021 21:44:00 by "builder" with MS VC++ 14.0 (VS2015)

END.
