#
# There is insufficient memory for the Java Runtime Environment to continue.
# Native memory allocation (malloc) failed to allocate 348656 bytes for Chunk::new
# Possible reasons:
#   The system is out of physical RAM or swap space
#   The process is running with CompressedOops enabled, and the Java Heap may be blocking the growth of the native heap
# Possible solutions:
#   Reduce memory load on the system
#   Increase physical memory or swap space
#   Check if swap backing store is full
#   Decrease Java heap size (-Xmx/-Xms)
#   Decrease number of Java threads
#   Decrease Java thread stack sizes (-Xss)
#   Set larger code cache with -XX:ReservedCodeCacheSize=
#   JVM is running with Unscaled Compressed Oops mode in which the Java heap is
#     placed in the first 4GB address space. The Java Heap base address is the
#     maximum limit for the native heap growth. Please use -XX:HeapBaseMinAddress
#     to set the Java Heap base and to place the Java Heap above 4GB virtual address.
# This output file may be truncated or incomplete.
#
#  Out of Memory Error (./src/hotspot/share/memory/arena.cpp:197), pid=15692, tid=17532
#
# JRE version: OpenJDK Runtime Environment (11.0.10) (build 11.0.10+0-b96-7249189)
# Java VM: OpenJDK 64-Bit Server VM (11.0.10+0-b96-7249189, mixed mode, tiered, compressed oops, g1 gc, windows-amd64)
# No core dump will be written. Minidumps are not enabled by default on client versions of Windows
#

---------------  S U M M A R Y ------------

Command Line: --add-opens=java.base/java.util=ALL-UNNAMED --add-opens=java.base/java.lang=ALL-UNNAMED --add-opens=java.base/java.lang.invoke=ALL-UNNAMED --add-opens=java.base/java.util=ALL-UNNAMED --add-opens=java.prefs/java.util.prefs=ALL-UNNAMED --add-opens=java.prefs/java.util.prefs=ALL-UNNAMED --add-opens=java.base/java.nio.charset=ALL-UNNAMED --add-opens=java.base/java.net=ALL-UNNAMED --add-opens=java.base/java.util.concurrent.atomic=ALL-UNNAMED -Xmx2048m -Dfile.encoding=UTF-8 -Duser.country=IN -Duser.language=en -Duser.variant org.gradle.launcher.daemon.bootstrap.GradleDaemon 7.0.2

Host: AMD Ryzen 5 3600X 6-Core Processor             , 12 cores, 15G,  Windows 10 , 64 bit Build 22000 (10.0.22000.282)
Time: Fri Nov  5 16:35:45 2021 India Standard Time elapsed time: 8.643014 seconds (0d 0h 0m 8s)

---------------  T H R E A D  ---------------

Current thread (0x000001df9d8a7000):  JavaThread "C2 CompilerThread0" daemon [_thread_in_native, id=17532, stack(0x000000a454e00000,0x000000a454f00000)]


Current CompileTask:
C2:   8643 12738       4       org.gradle.internal.hash.HashCode::toString (77 bytes)

Stack: [0x000000a454e00000,0x000000a454f00000]
Native frames: (J=compiled Java code, j=interpreted, Vv=VM code, C=native code)
V  [jvm.dll+0x5ecfaa]
V  [jvm.dll+0x722bd5]
V  [jvm.dll+0x72412d]
V  [jvm.dll+0x7247e3]
V  [jvm.dll+0x242928]
V  [jvm.dll+0xbc4fc]
V  [jvm.dll+0xbca0c]
V  [jvm.dll+0x352d3b]
V  [jvm.dll+0x320ad3]
V  [jvm.dll+0x31ffca]
V  [jvm.dll+0x1fb602]
V  [jvm.dll+0x1fa7f4]
V  [jvm.dll+0x18354c]
V  [jvm.dll+0x208ee7]
V  [jvm.dll+0x207731]
V  [jvm.dll+0x6eb1cf]
V  [jvm.dll+0x6e3d45]
V  [jvm.dll+0x5ebe96]
C  [ucrtbase.dll+0x26c0c]
C  [KERNEL32.DLL+0x154e0]
C  [ntdll.dll+0x485b]


---------------  P R O C E S S  ---------------

Threads class SMR info:
_java_thread_list=0x000001dfa8917760, length=87, elements={
0x000001df8270c800, 0x000001df9d83a000, 0x000001df9d83d800, 0x000001df9d897800,
0x000001df9d89a800, 0x000001df9d89b800, 0x000001df9d8a7000, 0x000001df9d8ac800,
0x000001df9d8b7000, 0x000001df9da10000, 0x000001df9f6df000, 0x000001df9dda6000,
0x000001df9e4bd000, 0x000001dfa0615800, 0x000001df9ddea000, 0x000001df9e944800,
0x000001df9f6fa000, 0x000001dfa0bf6800, 0x000001df9f038000, 0x000001dfa0405800,
0x000001df9ea30800, 0x000001df9ea31000, 0x000001df9ea32000, 0x000001df9ea32800,
0x000001dfa0d11800, 0x000001dfa0d0f000, 0x000001dfa0d14000, 0x000001dfa0d0e800,
0x000001dfa0d10000, 0x000001dfa0d15800, 0x000001dfa0d15000, 0x000001dfa0d16800,
0x000001dfa0d13000, 0x000001dfa0d10800, 0x000001dfa0d1a800, 0x000001dfa0d1c000,
0x000001dfa0d19800, 0x000001dfa0d18000, 0x000001dfa0d1d000, 0x000001dfa0ae9800,
0x000001dfa0ae9000, 0x000001dfa0aeb800, 0x000001dfa0aea800, 0x000001dfa0aec000,
0x000001dfa0aed000, 0x000001dfa0ae7000, 0x000001dfa0aee000, 0x000001dfa0ae8000,
0x000001dfa0af0000, 0x000001dfa0af1000, 0x000001dfa0af2000, 0x000001dfa0af2800,
0x000001dfa0af4800, 0x000001dfa0af3800, 0x000001dfa0aef800, 0x000001dfa0aee800,
0x000001dfa0af5000, 0x000001dfa0af6000, 0x000001dfa6219000, 0x000001dfa621a000,
0x000001dfa621a800, 0x000001dfa621b800, 0x000001dfa6218000, 0x000001dfa621c000,
0x000001dfa621f800, 0x000001dfa621e800, 0x000001dfa6221000, 0x000001dfa6222000,
0x000001dfa6223000, 0x000001dfa6220800, 0x000001dfa621d000, 0x000001dfa6223800,
0x000001dfa6224800, 0x000001dfa6225000, 0x000001dfa6226000, 0x000001dfa6227000,
0x000001dfa7f99000, 0x000001dfa7f96800, 0x000001dfa7f97000, 0x000001dfa7f99800,
0x000001dfa7f95800, 0x000001dfa7f9a800, 0x000001dfa7f94800, 0x000001dfa7f9d800,
0x000001dfa7f9c000, 0x000001dfa7f9b800, 0x000001dfa7fa2000
}

Java Threads: ( => current thread )
  0x000001df8270c800 JavaThread "main" [_thread_blocked, id=18236, stack(0x000000a454200000,0x000000a454300000)]
  0x000001df9d83a000 JavaThread "Reference Handler" daemon [_thread_blocked, id=17168, stack(0x000000a454900000,0x000000a454a00000)]
  0x000001df9d83d800 JavaThread "Finalizer" daemon [_thread_blocked, id=14688, stack(0x000000a454a00000,0x000000a454b00000)]
  0x000001df9d897800 JavaThread "Signal Dispatcher" daemon [_thread_blocked, id=4312, stack(0x000000a454b00000,0x000000a454c00000)]
  0x000001df9d89a800 JavaThread "Attach Listener" daemon [_thread_blocked, id=17576, stack(0x000000a454c00000,0x000000a454d00000)]
  0x000001df9d89b800 JavaThread "Service Thread" daemon [_thread_blocked, id=10356, stack(0x000000a454d00000,0x000000a454e00000)]
=>0x000001df9d8a7000 JavaThread "C2 CompilerThread0" daemon [_thread_in_native, id=17532, stack(0x000000a454e00000,0x000000a454f00000)]
  0x000001df9d8ac800 JavaThread "C1 CompilerThread0" daemon [_thread_blocked, id=9964, stack(0x000000a454f00000,0x000000a455000000)]
  0x000001df9d8b7000 JavaThread "Sweeper thread" daemon [_thread_blocked, id=12704, stack(0x000000a455000000,0x000000a455100000)]
  0x000001df9da10000 JavaThread "Common-Cleaner" daemon [_thread_blocked, id=16608, stack(0x000000a455100000,0x000000a455200000)]
  0x000001df9f6df000 JavaThread "Daemon health stats" [_thread_blocked, id=16864, stack(0x000000a455a00000,0x000000a455b00000)]
  0x000001df9dda6000 JavaThread "Incoming local TCP Connector on port 62925" [_thread_in_native, id=18020, stack(0x000000a455300000,0x000000a455400000)]
  0x000001df9e4bd000 JavaThread "Daemon periodic checks" [_thread_blocked, id=14088, stack(0x000000a455400000,0x000000a455500000)]
  0x000001dfa0615800 JavaThread "Daemon" [_thread_blocked, id=10344, stack(0x000000a455b00000,0x000000a455c00000)]
  0x000001df9ddea000 JavaThread "Handler for socket connection from /127.0.0.1:62925 to /127.0.0.1:62926" [_thread_in_native, id=8920, stack(0x000000a455c00000,0x000000a455d00000)]
  0x000001df9e944800 JavaThread "Cancel handler" [_thread_blocked, id=11500, stack(0x000000a455d00000,0x000000a455e00000)]
  0x000001df9f6fa000 JavaThread "Daemon worker" [_thread_blocked, id=17076, stack(0x000000a455e00000,0x000000a455f00000)]
  0x000001dfa0bf6800 JavaThread "C2 CompilerThread1" daemon [_thread_in_native, id=15016, stack(0x000000a455f00000,0x000000a456000000)]
  0x000001df9f038000 JavaThread "Asynchronous log dispatcher for DefaultDaemonConnection: socket connection from /127.0.0.1:62925 to /127.0.0.1:62926" [_thread_blocked, id=8912, stack(0x000000a456000000,0x000000a456100000)]
  0x000001dfa0405800 JavaThread "Stdin handler" [_thread_blocked, id=1824, stack(0x000000a456100000,0x000000a456200000)]
  0x000001df9ea30800 JavaThread "Daemon client event forwarder" [_thread_blocked, id=16928, stack(0x000000a456200000,0x000000a456300000)]
  0x000001df9ea31000 JavaThread "Cache worker for file hash cache (C:\Users\Yash\.gradle\caches\7.0.2\fileHashes)" [_thread_blocked, id=10484, stack(0x000000a456300000,0x000000a456400000)]
  0x000001df9ea32000 JavaThread "File lock request listener" [_thread_in_native, id=16768, stack(0x000000a456400000,0x000000a456500000)]
  0x000001df9ea32800 JavaThread "Cache worker for journal cache (C:\Users\Yash\.gradle\caches\journal-1)" [_thread_blocked, id=16972, stack(0x000000a456b00000,0x000000a456c00000)]
  0x000001dfa0d11800 JavaThread "Cache worker for file hash cache (G:\UMoney\.gradle\7.0.2\fileHashes)" [_thread_blocked, id=13380, stack(0x000000a456c00000,0x000000a456d00000)]
  0x000001dfa0d0f000 JavaThread "File watcher server" daemon [_thread_blocked, id=13436, stack(0x000000a456d00000,0x000000a456e00000)]
  0x000001dfa0d14000 JavaThread "File watcher consumer" daemon [_thread_blocked, id=16944, stack(0x000000a456e00000,0x000000a456f00000)]
  0x000001dfa0d0e800 JavaThread "Cache worker for checksums cache (G:\UMoney\.gradle\checksums)" [_thread_blocked, id=2672, stack(0x000000a456f00000,0x000000a457000000)]
  0x000001dfa0d10000 JavaThread "Cache worker for cache directory md-supplier (C:\Users\Yash\.gradle\caches\7.0.2\md-supplier)" [_thread_blocked, id=9760, stack(0x000000a457000000,0x000000a457100000)]
  0x000001dfa0d15800 JavaThread "Cache worker for cache directory md-rule (C:\Users\Yash\.gradle\caches\7.0.2\md-rule)" [_thread_blocked, id=12480, stack(0x000000a457200000,0x000000a457300000)]
  0x000001dfa0d15000 JavaThread "Cache worker for execution history cache (C:\Users\Yash\.gradle\caches\7.0.2\executionHistory)" [_thread_blocked, id=14620, stack(0x000000a457300000,0x000000a457400000)]
  0x000001dfa0d16800 JavaThread "jar transforms" [_thread_blocked, id=11192, stack(0x000000a457400000,0x000000a457500000)]
  0x000001dfa0d13000 JavaThread "jar transforms Thread 2" [_thread_blocked, id=10368, stack(0x000000a457500000,0x000000a457600000)]
  0x000001dfa0d10800 JavaThread "Cache worker for file content cache (C:\Users\Yash\.gradle\caches\7.0.2\fileContent)" [_thread_blocked, id=2580, stack(0x000000a457600000,0x000000a457700000)]
  0x000001dfa0d1a800 JavaThread "Cache worker for dependencies-accessors (G:\UMoney\.gradle\7.0.2\dependencies-accessors)" [_thread_blocked, id=15660, stack(0x000000a457700000,0x000000a457800000)]
  0x000001dfa0d1c000 JavaThread "jar transforms Thread 3" [_thread_blocked, id=5224, stack(0x000000a457800000,0x000000a457900000)]
  0x000001dfa0d19800 JavaThread "Cache worker for Build Output Cleanup Cache (G:\UMoney\.gradle\buildOutputCleanup)" [_thread_blocked, id=17884, stack(0x000000a457900000,0x000000a457a00000)]
  0x000001dfa0d18000 JavaThread "Build operations" [_thread_blocked, id=14944, stack(0x000000a457a00000,0x000000a457b00000)]
  0x000001dfa0d1d000 JavaThread "Build operations Thread 2" [_thread_blocked, id=16416, stack(0x000000a457b00000,0x000000a457c00000)]
  0x000001dfa0ae9800 JavaThread "Build operations Thread 3" [_thread_blocked, id=5828, stack(0x000000a457c00000,0x000000a457d00000)]
  0x000001dfa0ae9000 JavaThread "Build operations Thread 4" [_thread_blocked, id=17680, stack(0x000000a457d00000,0x000000a457e00000)]
  0x000001dfa0aeb800 JavaThread "Build operations Thread 5" [_thread_blocked, id=3900, stack(0x000000a457e00000,0x000000a457f00000)]
  0x000001dfa0aea800 JavaThread "Build operations Thread 6" [_thread_blocked, id=10008, stack(0x000000a457f00000,0x000000a458000000)]
  0x000001dfa0aec000 JavaThread "Build operations Thread 7" [_thread_blocked, id=17260, stack(0x000000a458000000,0x000000a458100000)]
  0x000001dfa0aed000 JavaThread "Build operations Thread 8" [_thread_blocked, id=5724, stack(0x000000a458100000,0x000000a458200000)]
  0x000001dfa0ae7000 JavaThread "Build operations Thread 9" [_thread_blocked, id=17360, stack(0x000000a458200000,0x000000a458300000)]
  0x000001dfa0aee000 JavaThread "Build operations Thread 10" [_thread_blocked, id=17224, stack(0x000000a458300000,0x000000a458400000)]
  0x000001dfa0ae8000 JavaThread "Build operations Thread 11" [_thread_blocked, id=18132, stack(0x000000a458400000,0x000000a458500000)]
  0x000001dfa0af0000 JavaThread "Build operations Thread 12" [_thread_blocked, id=6648, stack(0x000000a458500000,0x000000a458600000)]
  0x000001dfa0af1000 JavaThread "jar transforms Thread 4" [_thread_blocked, id=1864, stack(0x000000a458600000,0x000000a458700000)]
  0x000001dfa0af2000 JavaThread "jar transforms Thread 5" [_thread_blocked, id=4652, stack(0x000000a458700000,0x000000a458800000)]
  0x000001dfa0af2800 JavaThread "jar transforms Thread 6" [_thread_blocked, id=18272, stack(0x000000a458800000,0x000000a458900000)]
  0x000001dfa0af4800 JavaThread "jar transforms Thread 7" [_thread_blocked, id=12072, stack(0x000000a458900000,0x000000a458a00000)]
  0x000001dfa0af3800 JavaThread "jar transforms Thread 8" [_thread_blocked, id=13268, stack(0x000000a458a00000,0x000000a458b00000)]
  0x000001dfa0aef800 JavaThread "jar transforms Thread 9" [_thread_blocked, id=2644, stack(0x000000a458b00000,0x000000a458c00000)]
  0x000001dfa0aee800 JavaThread "jar transforms Thread 10" [_thread_blocked, id=17816, stack(0x000000a458c00000,0x000000a458d00000)]
  0x000001dfa0af5000 JavaThread "jar transforms Thread 11" [_thread_blocked, id=13004, stack(0x000000a458d00000,0x000000a458e00000)]
  0x000001dfa0af6000 JavaThread "jar transforms Thread 12" [_thread_blocked, id=14824, stack(0x000000a458e00000,0x000000a458f00000)]
  0x000001dfa6219000 JavaThread "Memory manager" [_thread_blocked, id=17264, stack(0x000000a458f00000,0x000000a459000000)]
  0x000001dfa621a000 JavaThread "build event listener" [_thread_blocked, id=16076, stack(0x000000a459000000,0x000000a459100000)]
  0x000001dfa621a800 JavaThread "pool-3-thread-1" [_thread_blocked, id=17172, stack(0x000000a459100000,0x000000a459200000)]
  0x000001dfa621b800 JavaThread "build event listener" [_thread_blocked, id=17132, stack(0x000000a459200000,0x000000a459300000)]
  0x000001dfa6218000 JavaThread "Execution worker for ':'" [_thread_blocked, id=13216, stack(0x000000a459300000,0x000000a459400000)]
  0x000001dfa621c000 JavaThread "Execution worker for ':' Thread 2" [_thread_blocked, id=9340, stack(0x000000a459400000,0x000000a459500000)]
  0x000001dfa621f800 JavaThread "Execution worker for ':' Thread 3" [_thread_blocked, id=8828, stack(0x000000a459500000,0x000000a459600000)]
  0x000001dfa621e800 JavaThread "Execution worker for ':' Thread 4" [_thread_blocked, id=9908, stack(0x000000a459600000,0x000000a459700000)]
  0x000001dfa6221000 JavaThread "Execution worker for ':' Thread 5" [_thread_blocked, id=18244, stack(0x000000a459700000,0x000000a459800000)]
  0x000001dfa6222000 JavaThread "Execution worker for ':' Thread 6" [_thread_blocked, id=15628, stack(0x000000a459800000,0x000000a459900000)]
  0x000001dfa6223000 JavaThread "Execution worker for ':' Thread 7" [_thread_blocked, id=1168, stack(0x000000a459900000,0x000000a459a00000)]
  0x000001dfa6220800 JavaThread "Execution worker for ':' Thread 8" [_thread_blocked, id=15096, stack(0x000000a459a00000,0x000000a459b00000)]
  0x000001dfa621d000 JavaThread "Execution worker for ':' Thread 9" [_thread_blocked, id=4080, stack(0x000000a459b00000,0x000000a459c00000)]
  0x000001dfa6223800 JavaThread "Execution worker for ':' Thread 10" [_thread_blocked, id=13824, stack(0x000000a459c00000,0x000000a459d00000)]
  0x000001dfa6224800 JavaThread "Execution worker for ':' Thread 11" [_thread_blocked, id=17100, stack(0x000000a459d00000,0x000000a459e00000)]
  0x000001dfa6225000 JavaThread "Cache worker for execution history cache (G:\UMoney\.gradle\7.0.2\executionHistory)" [_thread_blocked, id=12608, stack(0x000000a459e00000,0x000000a459f00000)]
  0x000001dfa6226000 JavaThread "WorkerExecutor Queue" [_thread_blocked, id=2000, stack(0x000000a459f00000,0x000000a45a000000)]
  0x000001dfa6227000 JavaThread "WorkerExecutor Queue Thread 2" [_thread_blocked, id=17244, stack(0x000000a45a800000,0x000000a45a900000)]
  0x000001dfa7f99000 JavaThread "WorkerExecutor Queue Thread 3" [_thread_blocked, id=7400, stack(0x000000a45a900000,0x000000a45aa00000)]
  0x000001dfa7f96800 JavaThread "WorkerExecutor Queue Thread 4" [_thread_in_native, id=16848, stack(0x000000a45aa00000,0x000000a45ab00000)]
  0x000001dfa7f97000 JavaThread "WorkerExecutor Queue Thread 5" [_thread_blocked, id=4180, stack(0x000000a45ab00000,0x000000a45ac00000)]
  0x000001dfa7f99800 JavaThread "WorkerExecutor Queue Thread 6" [_thread_blocked, id=9864, stack(0x000000a45ac00000,0x000000a45ad00000)]
  0x000001dfa7f95800 JavaThread "WorkerExecutor Queue Thread 7" [_thread_blocked, id=8996, stack(0x000000a45ad00000,0x000000a45ae00000)]
  0x000001dfa7f9a800 JavaThread "WorkerExecutor Queue Thread 8" [_thread_blocked, id=5268, stack(0x000000a45ae00000,0x000000a45af00000)]
  0x000001dfa7f94800 JavaThread "WorkerExecutor Queue Thread 9" [_thread_blocked, id=17976, stack(0x000000a45af00000,0x000000a45b000000)]
  0x000001dfa7f9d800 JavaThread "WorkerExecutor Queue Thread 10" [_thread_blocked, id=16392, stack(0x000000a45b000000,0x000000a45b100000)]
  0x000001dfa7f9c000 JavaThread "WorkerExecutor Queue Thread 11" [_thread_blocked, id=18176, stack(0x000000a45b100000,0x000000a45b200000)]
  0x000001dfa7f9b800 JavaThread "WorkerExecutor Queue Thread 12" [_thread_blocked, id=18048, stack(0x000000a45b200000,0x000000a45b300000)]
  0x000001dfa7fa2000 JavaThread "C2 CompilerThread2" daemon [_thread_in_native, id=10032, stack(0x000000a457100000,0x000000a457200000)]

Other Threads:
  0x000001df9d837800 VMThread "VM Thread" [stack: 0x000000a454800000,0x000000a454900000] [id=16816]
  0x000001df9da33800 WatcherThread [stack: 0x000000a455200000,0x000000a455300000] [id=14520]
  0x000001df82726800 GCTaskThread "GC Thread#0" [stack: 0x000000a454300000,0x000000a454400000] [id=17176]
  0x000001df9e86f800 GCTaskThread "GC Thread#1" [stack: 0x000000a455500000,0x000000a455600000] [id=11324]
  0x000001df9e6cf800 GCTaskThread "GC Thread#2" [stack: 0x000000a455600000,0x000000a455700000] [id=17096]
  0x000001df9e9dc000 GCTaskThread "GC Thread#3" [stack: 0x000000a455700000,0x000000a455800000] [id=15436]
  0x000001df9e41e000 GCTaskThread "GC Thread#4" [stack: 0x000000a455800000,0x000000a455900000] [id=4772]
  0x000001df9e642800 GCTaskThread "GC Thread#5" [stack: 0x000000a455900000,0x000000a455a00000] [id=5588]
  0x000001dfa0959800 GCTaskThread "GC Thread#6" [stack: 0x000000a456500000,0x000000a456600000] [id=5624]
  0x000001df9f062000 GCTaskThread "GC Thread#7" [stack: 0x000000a456600000,0x000000a456700000] [id=10824]
  0x000001df9e641800 GCTaskThread "GC Thread#8" [stack: 0x000000a456700000,0x000000a456800000] [id=13932]
  0x000001df9e9f9000 GCTaskThread "GC Thread#9" [stack: 0x000000a456800000,0x000000a456900000] [id=17164]
  0x000001df82756000 ConcurrentGCThread "G1 Main Marker" [stack: 0x000000a454400000,0x000000a454500000] [id=15060]
  0x000001df82757800 ConcurrentGCThread "G1 Conc#0" [stack: 0x000000a454500000,0x000000a454600000] [id=15820]
  0x000001df9f328800 ConcurrentGCThread "G1 Conc#1" [stack: 0x000000a456900000,0x000000a456a00000] [id=16752]
  0x000001df9ea53800 ConcurrentGCThread "G1 Conc#2" [stack: 0x000000a456a00000,0x000000a456b00000] [id=4968]
  0x000001df9ce88000 ConcurrentGCThread "G1 Refine#0" [stack: 0x000000a454600000,0x000000a454700000] [id=1904]
  0x000001dfa814c800 ConcurrentGCThread "G1 Refine#1" [stack: 0x000000a45a000000,0x000000a45a100000] [id=10276]
  0x000001dfa6a9d000 ConcurrentGCThread "G1 Refine#2" [stack: 0x000000a45a100000,0x000000a45a200000] [id=5800]
  0x000001dfa858b000 ConcurrentGCThread "G1 Refine#3" [stack: 0x000000a45a200000,0x000000a45a300000] [id=6664]
  0x000001dfa66ff800 ConcurrentGCThread "G1 Refine#4" [stack: 0x000000a45a300000,0x000000a45a400000] [id=15072]
  0x000001dfa0b76800 ConcurrentGCThread "G1 Refine#5" [stack: 0x000000a45a400000,0x000000a45a500000] [id=8860]
  0x000001dfa626a800 ConcurrentGCThread "G1 Refine#6" [stack: 0x000000a45a500000,0x000000a45a600000] [id=16460]
  0x000001dfa814b000 ConcurrentGCThread "G1 Refine#7" [stack: 0x000000a45a600000,0x000000a45a700000] [id=16640]
  0x000001dfa6750800 ConcurrentGCThread "G1 Refine#8" [stack: 0x000000a45a700000,0x000000a45a800000] [id=780]
  0x000001df827de000 ConcurrentGCThread "G1 Young RemSet Sampling" [stack: 0x000000a454700000,0x000000a454800000] [id=9816]

Threads with active compile tasks:
C2 CompilerThread0   8658 12738       4       org.gradle.internal.hash.HashCode::toString (77 bytes)
C2 CompilerThread1   8658 12668       4       org.gradle.internal.snapshot.DirectorySnapshot$$Lambda$1063/0x0000000100b24040::accept (20 bytes)
C2 CompilerThread2   8658 12920       4       java.io.ObjectOutputStream$HandleTable::assign (52 bytes)

VM state:not at safepoint (normal execution)

VM Mutex/Monitor currently owned by a thread: None

Heap address: 0x0000000080000000, size: 2048 MB, Compressed Oops mode: 32-bit
Narrow klass base: 0x0000000000000000, Narrow klass shift: 3
Compressed class space size: 1073741824 Address: 0x0000000100000000

Heap:
 garbage-first heap   total 262144K, used 106441K [0x0000000080000000, 0x0000000100000000)
  region size 1024K, 20 young (20480K), 16 survivors (16384K)
 Metaspace       used 96470K, capacity 99195K, committed 99532K, reserved 1140736K
  class space    used 12192K, capacity 13164K, committed 13260K, reserved 1048576K
Heap Regions: E=young(eden), S=young(survivor), O=old, HS=humongous(starts), HC=humongous(continues), CS=collection set, F=free, A=archive, TAMS=top-at-mark-start (previous, next)
|   0|0x0000000080000000, 0x0000000080100000, 0x0000000080100000|100%| O|  |TAMS 0x0000000080100000, 0x0000000080100000| Untracked 
|   1|0x0000000080100000, 0x0000000080200000, 0x0000000080200000|100%| O|  |TAMS 0x0000000080200000, 0x0000000080200000| Untracked 
|   2|0x0000000080200000, 0x0000000080300000, 0x0000000080300000|100%| O|  |TAMS 0x0000000080300000, 0x0000000080300000| Untracked 
|   3|0x0000000080300000, 0x0000000080400000, 0x0000000080400000|100%|HS|  |TAMS 0x0000000080400000, 0x0000000080400000| Complete 
|   4|0x0000000080400000, 0x0000000080500000, 0x0000000080500000|100%|HC|  |TAMS 0x0000000080500000, 0x0000000080500000| Complete 
|   5|0x0000000080500000, 0x0000000080600000, 0x0000000080600000|100%|HC|  |TAMS 0x0000000080600000, 0x0000000080600000| Complete 
|   6|0x0000000080600000, 0x0000000080700000, 0x0000000080700000|100%| O|  |TAMS 0x0000000080700000, 0x0000000080700000| Untracked 
|   7|0x0000000080700000, 0x0000000080800000, 0x0000000080800000|100%| O|  |TAMS 0x0000000080800000, 0x0000000080800000| Untracked 
|   8|0x0000000080800000, 0x0000000080900000, 0x0000000080900000|100%| O|  |TAMS 0x0000000080900000, 0x0000000080900000| Untracked 
|   9|0x0000000080900000, 0x0000000080a00000, 0x0000000080a00000|100%| O|  |TAMS 0x0000000080a00000, 0x0000000080a00000| Untracked 
|  10|0x0000000080a00000, 0x0000000080b00000, 0x0000000080b00000|100%| O|  |TAMS 0x0000000080b00000, 0x0000000080b00000| Untracked 
|  11|0x0000000080b00000, 0x0000000080c00000, 0x0000000080c00000|100%| O|  |TAMS 0x0000000080c00000, 0x0000000080c00000| Untracked 
|  12|0x0000000080c00000, 0x0000000080d00000, 0x0000000080d00000|100%| O|  |TAMS 0x0000000080d00000, 0x0000000080d00000| Untracked 
|  13|0x0000000080d00000, 0x0000000080e00000, 0x0000000080e00000|100%| O|  |TAMS 0x0000000080e00000, 0x0000000080e00000| Untracked 
|  14|0x0000000080e00000, 0x0000000080f00000, 0x0000000080f00000|100%| O|  |TAMS 0x0000000080f00000, 0x0000000080f00000| Untracked 
|  15|0x0000000080f00000, 0x0000000081000000, 0x0000000081000000|100%| O|  |TAMS 0x0000000081000000, 0x0000000081000000| Untracked 
|  16|0x0000000081000000, 0x0000000081100000, 0x0000000081100000|100%|HS|  |TAMS 0x0000000081100000, 0x0000000081100000| Complete 
|  17|0x0000000081100000, 0x0000000081200000, 0x0000000081200000|100%|HS|  |TAMS 0x0000000081200000, 0x0000000081200000| Complete 
|  18|0x0000000081200000, 0x0000000081300000, 0x0000000081300000|100%|HS|  |TAMS 0x0000000081300000, 0x0000000081300000| Complete 
|  19|0x0000000081300000, 0x0000000081400000, 0x0000000081400000|100%|HC|  |TAMS 0x0000000081400000, 0x0000000081400000| Complete 
|  20|0x0000000081400000, 0x0000000081500000, 0x0000000081500000|100%| O|  |TAMS 0x0000000081500000, 0x0000000081500000| Untracked 
|  21|0x0000000081500000, 0x0000000081600000, 0x0000000081600000|100%| O|  |TAMS 0x0000000081600000, 0x0000000081600000| Untracked 
|  22|0x0000000081600000, 0x0000000081700000, 0x0000000081700000|100%| O|  |TAMS 0x0000000081700000, 0x0000000081700000| Untracked 
|  23|0x0000000081700000, 0x00000000817ffff8, 0x0000000081800000| 99%| O|  |TAMS 0x00000000817ffff8, 0x00000000817ffff8| Untracked 
|  24|0x0000000081800000, 0x0000000081900000, 0x0000000081900000|100%| O|  |TAMS 0x00000000818e3c00, 0x0000000081900000| Untracked 
|  25|0x0000000081900000, 0x0000000081a00000, 0x0000000081a00000|100%| O|  |TAMS 0x0000000081900000, 0x0000000081a00000| Untracked 
|  26|0x0000000081a00000, 0x0000000081b00000, 0x0000000081b00000|100%| O|  |TAMS 0x0000000081a00000, 0x0000000081b00000| Untracked 
|  27|0x0000000081b00000, 0x0000000081c00000, 0x0000000081c00000|100%| O|  |TAMS 0x0000000081b00000, 0x0000000081c00000| Untracked 
|  28|0x0000000081c00000, 0x0000000081d00000, 0x0000000081d00000|100%| O|  |TAMS 0x0000000081c00000, 0x0000000081d00000| Untracked 
|  29|0x0000000081d00000, 0x0000000081e00000, 0x0000000081e00000|100%| O|  |TAMS 0x0000000081d00000, 0x0000000081e00000| Untracked 
|  30|0x0000000081e00000, 0x0000000081f00000, 0x0000000081f00000|100%| O|  |TAMS 0x0000000081e00000, 0x0000000081f00000| Untracked 
|  31|0x0000000081f00000, 0x0000000082000000, 0x0000000082000000|100%| O|  |TAMS 0x0000000081f00000, 0x0000000082000000| Untracked 
|  32|0x0000000082000000, 0x0000000082100000, 0x0000000082100000|100%| O|  |TAMS 0x0000000082000000, 0x0000000082100000| Untracked 
|  33|0x0000000082100000, 0x0000000082200000, 0x0000000082200000|100%| O|  |TAMS 0x0000000082100000, 0x0000000082200000| Untracked 
|  34|0x0000000082200000, 0x0000000082300000, 0x0000000082300000|100%| O|  |TAMS 0x0000000082200000, 0x0000000082300000| Untracked 
|  35|0x0000000082300000, 0x0000000082400000, 0x0000000082400000|100%| O|  |TAMS 0x0000000082300000, 0x0000000082400000| Untracked 
|  36|0x0000000082400000, 0x0000000082500000, 0x0000000082500000|100%| O|  |TAMS 0x0000000082400000, 0x0000000082500000| Untracked 
|  37|0x0000000082500000, 0x0000000082600000, 0x0000000082600000|100%| O|  |TAMS 0x0000000082500000, 0x0000000082600000| Untracked 
|  38|0x0000000082600000, 0x0000000082700000, 0x0000000082700000|100%| O|  |TAMS 0x0000000082600000, 0x0000000082700000| Untracked 
|  39|0x0000000082700000, 0x0000000082800000, 0x0000000082800000|100%| O|  |TAMS 0x0000000082700000, 0x0000000082800000| Untracked 
|  40|0x0000000082800000, 0x0000000082900000, 0x0000000082900000|100%| O|  |TAMS 0x0000000082800000, 0x0000000082900000| Untracked 
|  41|0x0000000082900000, 0x0000000082a00000, 0x0000000082a00000|100%| O|  |TAMS 0x0000000082900000, 0x0000000082a00000| Untracked 
|  42|0x0000000082a00000, 0x0000000082af2800, 0x0000000082b00000| 94%| O|  |TAMS 0x0000000082a00000, 0x0000000082af2800| Untracked 
|  43|0x0000000082b00000, 0x0000000082c00000, 0x0000000082c00000|100%| O|  |TAMS 0x0000000082b00000, 0x0000000082c00000| Untracked 
|  44|0x0000000082c00000, 0x0000000082d00000, 0x0000000082d00000|100%|HS|  |TAMS 0x0000000082c00000, 0x0000000082d00000| Complete 
|  45|0x0000000082d00000, 0x0000000082d00000, 0x0000000082e00000|  0%| F|  |TAMS 0x0000000082d00000, 0x0000000082d00000| Untracked 
|  46|0x0000000082e00000, 0x0000000082e00000, 0x0000000082f00000|  0%| F|  |TAMS 0x0000000082e00000, 0x0000000082e00000| Untracked 
|  47|0x0000000082f00000, 0x0000000082f00000, 0x0000000083000000|  0%| F|  |TAMS 0x0000000082f00000, 0x0000000082f00000| Untracked 
|  48|0x0000000083000000, 0x0000000083000000, 0x0000000083100000|  0%| F|  |TAMS 0x0000000083000000, 0x0000000083000000| Untracked 
|  49|0x0000000083100000, 0x0000000083100000, 0x0000000083200000|  0%| F|  |TAMS 0x0000000083100000, 0x0000000083100000| Untracked 
|  50|0x0000000083200000, 0x0000000083200000, 0x0000000083300000|  0%| F|  |TAMS 0x0000000083200000, 0x0000000083200000| Untracked 
|  51|0x0000000083300000, 0x0000000083300000, 0x0000000083400000|  0%| F|  |TAMS 0x0000000083300000, 0x0000000083300000| Untracked 
|  52|0x0000000083400000, 0x0000000083400000, 0x0000000083500000|  0%| F|  |TAMS 0x0000000083400000, 0x0000000083400000| Untracked 
|  53|0x0000000083500000, 0x0000000083600000, 0x0000000083600000|100%| O|  |TAMS 0x0000000083500000, 0x0000000083600000| Untracked 
|  54|0x0000000083600000, 0x0000000083700000, 0x0000000083700000|100%| O|  |TAMS 0x0000000083600000, 0x0000000083700000| Untracked 
|  55|0x0000000083700000, 0x0000000083800000, 0x0000000083800000|100%| O|  |TAMS 0x0000000083700000, 0x0000000083800000| Untracked 
|  56|0x0000000083800000, 0x0000000083900000, 0x0000000083900000|100%| O|  |TAMS 0x0000000083800000, 0x0000000083900000| Untracked 
|  57|0x0000000083900000, 0x0000000083a00000, 0x0000000083a00000|100%| O|  |TAMS 0x0000000083900000, 0x0000000083a00000| Untracked 
|  58|0x0000000083a00000, 0x0000000083b00000, 0x0000000083b00000|100%| O|  |TAMS 0x0000000083a00000, 0x0000000083b00000| Untracked 
|  59|0x0000000083b00000, 0x0000000083c00000, 0x0000000083c00000|100%| O|  |TAMS 0x0000000083b00000, 0x0000000083c00000| Untracked 
|  60|0x0000000083c00000, 0x0000000083d00000, 0x0000000083d00000|100%| O|  |TAMS 0x0000000083c00000, 0x0000000083d00000| Untracked 
|  61|0x0000000083d00000, 0x0000000083e00000, 0x0000000083e00000|100%| O|  |TAMS 0x0000000083d00000, 0x0000000083e00000| Untracked 
|  62|0x0000000083e00000, 0x0000000083f00000, 0x0000000083f00000|100%| O|  |TAMS 0x0000000083e00000, 0x0000000083f00000| Untracked 
|  63|0x0000000083f00000, 0x0000000084000000, 0x0000000084000000|100%| O|  |TAMS 0x0000000083f00000, 0x0000000084000000| Untracked 
|  64|0x0000000084000000, 0x0000000084100000, 0x0000000084100000|100%| O|  |TAMS 0x0000000084000000, 0x0000000084100000| Untracked 
|  65|0x0000000084100000, 0x0000000084200000, 0x0000000084200000|100%| O|  |TAMS 0x0000000084100000, 0x0000000084200000| Untracked 
|  66|0x0000000084200000, 0x0000000084300000, 0x0000000084300000|100%| O|  |TAMS 0x0000000084200000, 0x0000000084300000| Untracked 
|  67|0x0000000084300000, 0x0000000084400000, 0x0000000084400000|100%| O|  |TAMS 0x0000000084300000, 0x0000000084400000| Untracked 
|  68|0x0000000084400000, 0x0000000084500000, 0x0000000084500000|100%| O|  |TAMS 0x0000000084400000, 0x0000000084500000| Untracked 
|  69|0x0000000084500000, 0x0000000084600000, 0x0000000084600000|100%| O|  |TAMS 0x0000000084500000, 0x0000000084600000| Untracked 
|  70|0x0000000084600000, 0x0000000084700000, 0x0000000084700000|100%| O|  |TAMS 0x0000000084600000, 0x0000000084700000| Untracked 
|  71|0x0000000084700000, 0x0000000084800000, 0x0000000084800000|100%| O|  |TAMS 0x0000000084700000, 0x0000000084800000| Untracked 
|  72|0x0000000084800000, 0x0000000084900000, 0x0000000084900000|100%| O|  |TAMS 0x0000000084800000, 0x0000000084900000| Untracked 
|  73|0x0000000084900000, 0x0000000084900000, 0x0000000084a00000|  0%| F|  |TAMS 0x0000000084900000, 0x0000000084900000| Untracked 
|  74|0x0000000084a00000, 0x0000000084a00000, 0x0000000084b00000|  0%| F|  |TAMS 0x0000000084a00000, 0x0000000084a00000| Untracked 
|  75|0x0000000084b00000, 0x0000000084b00000, 0x0000000084c00000|  0%| F|  |TAMS 0x0000000084b00000, 0x0000000084b00000| Untracked 
|  76|0x0000000084c00000, 0x0000000084c00000, 0x0000000084d00000|  0%| F|  |TAMS 0x0000000084c00000, 0x0000000084c00000| Untracked 
|  77|0x0000000084d00000, 0x0000000084d00000, 0x0000000084e00000|  0%| F|  |TAMS 0x0000000084d00000, 0x0000000084d00000| Untracked 
|  78|0x0000000084e00000, 0x0000000084e00000, 0x0000000084f00000|  0%| F|  |TAMS 0x0000000084e00000, 0x0000000084e00000| Untracked 
|  79|0x0000000084f00000, 0x0000000085000000, 0x0000000085000000|100%| O|  |TAMS 0x0000000084f00000, 0x0000000085000000| Untracked 
|  80|0x0000000085000000, 0x0000000085100000, 0x0000000085100000|100%| O|  |TAMS 0x0000000085000000, 0x0000000085100000| Untracked 
|  81|0x0000000085100000, 0x0000000085200000, 0x0000000085200000|100%| O|  |TAMS 0x0000000085100000, 0x0000000085200000| Untracked 
|  82|0x0000000085200000, 0x0000000085300000, 0x0000000085300000|100%| O|  |TAMS 0x0000000085200000, 0x0000000085300000| Untracked 
|  83|0x0000000085300000, 0x0000000085300000, 0x0000000085400000|  0%| F|  |TAMS 0x0000000085300000, 0x0000000085300000| Untracked 
|  84|0x0000000085400000, 0x0000000085400000, 0x0000000085500000|  0%| F|  |TAMS 0x0000000085400000, 0x0000000085400000| Untracked 
|  85|0x0000000085500000, 0x0000000085500000, 0x0000000085600000|  0%| F|  |TAMS 0x0000000085500000, 0x0000000085500000| Untracked 
|  86|0x0000000085600000, 0x0000000085600000, 0x0000000085700000|  0%| F|  |TAMS 0x0000000085600000, 0x0000000085600000| Untracked 
|  87|0x0000000085700000, 0x0000000085700000, 0x0000000085800000|  0%| F|  |TAMS 0x0000000085700000, 0x0000000085700000| Untracked 
|  88|0x0000000085800000, 0x0000000085800000, 0x0000000085900000|  0%| F|  |TAMS 0x0000000085800000, 0x0000000085800000| Untracked 
|  89|0x0000000085900000, 0x0000000085900000, 0x0000000085a00000|  0%| F|  |TAMS 0x0000000085900000, 0x0000000085900000| Untracked 
|  90|0x0000000085a00000, 0x0000000085a00000, 0x0000000085b00000|  0%| F|  |TAMS 0x0000000085a00000, 0x0000000085a00000| Untracked 
|  91|0x0000000085b00000, 0x0000000085b00000, 0x0000000085c00000|  0%| F|  |TAMS 0x0000000085b00000, 0x0000000085b00000| Untracked 
|  92|0x0000000085c00000, 0x0000000085c00000, 0x0000000085d00000|  0%| F|  |TAMS 0x0000000085c00000, 0x0000000085c00000| Untracked 
|  93|0x0000000085d00000, 0x0000000085d00000, 0x0000000085e00000|  0%| F|  |TAMS 0x0000000085d00000, 0x0000000085d00000| Untracked 
|  94|0x0000000085e00000, 0x0000000085e00000, 0x0000000085f00000|  0%| F|  |TAMS 0x0000000085e00000, 0x0000000085e00000| Untracked 
|  95|0x0000000085f00000, 0x0000000086000000, 0x0000000086000000|100%| O|  |TAMS 0x0000000085f00000, 0x0000000086000000| Untracked 
|  96|0x0000000086000000, 0x0000000086100000, 0x0000000086100000|100%| O|  |TAMS 0x0000000086000000, 0x0000000086100000| Untracked 
|  97|0x0000000086100000, 0x0000000086200000, 0x0000000086200000|100%| O|  |TAMS 0x0000000086100000, 0x0000000086200000| Untracked 
|  98|0x0000000086200000, 0x0000000086300000, 0x0000000086300000|100%| O|  |TAMS 0x0000000086200000, 0x0000000086300000| Untracked 
|  99|0x0000000086300000, 0x0000000086400000, 0x0000000086400000|100%| O|  |TAMS 0x0000000086300000, 0x0000000086400000| Untracked 
| 100|0x0000000086400000, 0x0000000086500000, 0x0000000086500000|100%| O|  |TAMS 0x0000000086400000, 0x0000000086500000| Untracked 
| 101|0x0000000086500000, 0x0000000086600000, 0x0000000086600000|100%| O|  |TAMS 0x0000000086500000, 0x0000000086600000| Untracked 
| 102|0x0000000086600000, 0x0000000086700000, 0x0000000086700000|100%| O|  |TAMS 0x0000000086600000, 0x0000000086700000| Untracked 
| 103|0x0000000086700000, 0x0000000086800000, 0x0000000086800000|100%| O|  |TAMS 0x0000000086700000, 0x0000000086800000| Untracked 
| 104|0x0000000086800000, 0x0000000086900000, 0x0000000086900000|100%| O|  |TAMS 0x0000000086800000, 0x0000000086900000| Untracked 
| 105|0x0000000086900000, 0x0000000086a00000, 0x0000000086a00000|100%| O|  |TAMS 0x0000000086900000, 0x0000000086a00000| Untracked 
| 106|0x0000000086a00000, 0x0000000086b00000, 0x0000000086b00000|100%| O|  |TAMS 0x0000000086a00000, 0x0000000086b00000| Untracked 
| 107|0x0000000086b00000, 0x0000000086c00000, 0x0000000086c00000|100%| O|  |TAMS 0x0000000086b00000, 0x0000000086c00000| Untracked 
| 108|0x0000000086c00000, 0x0000000086d00000, 0x0000000086d00000|100%| O|  |TAMS 0x0000000086c00000, 0x0000000086d00000| Untracked 
| 109|0x0000000086d00000, 0x0000000086e00000, 0x0000000086e00000|100%| O|  |TAMS 0x0000000086d00000, 0x0000000086e00000| Untracked 
| 110|0x0000000086e00000, 0x0000000086f00000, 0x0000000086f00000|100%| O|  |TAMS 0x0000000086e00000, 0x0000000086f00000| Untracked 
| 111|0x0000000086f00000, 0x0000000087000000, 0x0000000087000000|100%| O|  |TAMS 0x0000000086f00000, 0x0000000087000000| Untracked 
| 112|0x0000000087000000, 0x0000000087000000, 0x0000000087100000|  0%| F|  |TAMS 0x0000000087000000, 0x0000000087000000| Untracked 
| 113|0x0000000087100000, 0x0000000087100000, 0x0000000087200000|  0%| F|  |TAMS 0x0000000087100000, 0x0000000087100000| Untracked 
| 114|0x0000000087200000, 0x0000000087200000, 0x0000000087300000|  0%| F|  |TAMS 0x0000000087200000, 0x0000000087200000| Untracked 
| 115|0x0000000087300000, 0x0000000087300000, 0x0000000087400000|  0%| F|  |TAMS 0x0000000087300000, 0x0000000087300000| Untracked 
| 116|0x0000000087400000, 0x0000000087400000, 0x0000000087500000|  0%| F|  |TAMS 0x0000000087400000, 0x0000000087400000| Untracked 
| 117|0x0000000087500000, 0x0000000087500000, 0x0000000087600000|  0%| F|  |TAMS 0x0000000087500000, 0x0000000087500000| Untracked 
| 118|0x0000000087600000, 0x0000000087600000, 0x0000000087700000|  0%| F|  |TAMS 0x0000000087600000, 0x0000000087600000| Untracked 
| 119|0x0000000087700000, 0x0000000087700000, 0x0000000087800000|  0%| F|  |TAMS 0x0000000087700000, 0x0000000087700000| Untracked 
| 120|0x0000000087800000, 0x0000000087800000, 0x0000000087900000|  0%| F|  |TAMS 0x0000000087800000, 0x0000000087800000| Untracked 
| 121|0x0000000087900000, 0x0000000087900000, 0x0000000087a00000|  0%| F|  |TAMS 0x0000000087900000, 0x0000000087900000| Untracked 
| 122|0x0000000087a00000, 0x0000000087a00000, 0x0000000087b00000|  0%| F|  |TAMS 0x0000000087a00000, 0x0000000087a00000| Untracked 
| 123|0x0000000087b00000, 0x0000000087b00000, 0x0000000087c00000|  0%| F|  |TAMS 0x0000000087b00000, 0x0000000087b00000| Untracked 
| 124|0x0000000087c00000, 0x0000000087c00000, 0x0000000087d00000|  0%| F|  |TAMS 0x0000000087c00000, 0x0000000087c00000| Untracked 
| 125|0x0000000087d00000, 0x0000000087d00000, 0x0000000087e00000|  0%| F|  |TAMS 0x0000000087d00000, 0x0000000087d00000| Untracked 
| 126|0x0000000087e00000, 0x0000000087e00000, 0x0000000087f00000|  0%| F|  |TAMS 0x0000000087e00000, 0x0000000087e00000| Untracked 
| 127|0x0000000087f00000, 0x0000000087f00000, 0x0000000088000000|  0%| F|  |TAMS 0x0000000087f00000, 0x0000000087f00000| Untracked 
| 128|0x0000000088000000, 0x0000000088000000, 0x0000000088100000|  0%| F|  |TAMS 0x0000000088000000, 0x0000000088000000| Untracked 
| 129|0x0000000088100000, 0x0000000088100000, 0x0000000088200000|  0%| F|  |TAMS 0x0000000088100000, 0x0000000088100000| Untracked 
| 130|0x0000000088200000, 0x0000000088200000, 0x0000000088300000|  0%| F|  |TAMS 0x0000000088200000, 0x0000000088200000| Untracked 
| 131|0x0000000088300000, 0x0000000088300000, 0x0000000088400000|  0%| F|  |TAMS 0x0000000088300000, 0x0000000088300000| Untracked 
| 132|0x0000000088400000, 0x0000000088400000, 0x0000000088500000|  0%| F|  |TAMS 0x0000000088400000, 0x0000000088400000| Untracked 
| 133|0x0000000088500000, 0x0000000088500000, 0x0000000088600000|  0%| F|  |TAMS 0x0000000088500000, 0x0000000088500000| Untracked 
| 134|0x0000000088600000, 0x0000000088600000, 0x0000000088700000|  0%| F|  |TAMS 0x0000000088600000, 0x0000000088600000| Untracked 
| 135|0x0000000088700000, 0x0000000088700000, 0x0000000088800000|  0%| F|  |TAMS 0x0000000088700000, 0x0000000088700000| Untracked 
| 136|0x0000000088800000, 0x0000000088800000, 0x0000000088900000|  0%| F|  |TAMS 0x0000000088800000, 0x0000000088800000| Untracked 
| 137|0x0000000088900000, 0x0000000088900000, 0x0000000088a00000|  0%| F|  |TAMS 0x0000000088900000, 0x0000000088900000| Untracked 
| 138|0x0000000088a00000, 0x0000000088b00000, 0x0000000088b00000|100%| S|CS|TAMS 0x0000000088a00000, 0x0000000088a00000| Complete 
| 139|0x0000000088b00000, 0x0000000088b00000, 0x0000000088c00000|  0%| F|  |TAMS 0x0000000088b00000, 0x0000000088b00000| Untracked 
| 140|0x0000000088c00000, 0x0000000088c00000, 0x0000000088d00000|  0%| F|  |TAMS 0x0000000088c00000, 0x0000000088c00000| Untracked 
| 141|0x0000000088d00000, 0x0000000088e00000, 0x0000000088e00000|100%| S|CS|TAMS 0x0000000088d00000, 0x0000000088d00000| Complete 
| 142|0x0000000088e00000, 0x0000000088f00000, 0x0000000088f00000|100%| S|CS|TAMS 0x0000000088e00000, 0x0000000088e00000| Complete 
| 143|0x0000000088f00000, 0x0000000089000000, 0x0000000089000000|100%| S|CS|TAMS 0x0000000088f00000, 0x0000000088f00000| Complete 
| 144|0x0000000089000000, 0x0000000089100000, 0x0000000089100000|100%| S|CS|TAMS 0x0000000089000000, 0x0000000089000000| Complete 
| 145|0x0000000089100000, 0x0000000089200000, 0x0000000089200000|100%| S|CS|TAMS 0x0000000089100000, 0x0000000089100000| Complete 
| 146|0x0000000089200000, 0x0000000089300000, 0x0000000089300000|100%| S|CS|TAMS 0x0000000089200000, 0x0000000089200000| Complete 
| 147|0x0000000089300000, 0x0000000089400000, 0x0000000089400000|100%| S|CS|TAMS 0x0000000089300000, 0x0000000089300000| Complete 
| 148|0x0000000089400000, 0x0000000089500000, 0x0000000089500000|100%| S|CS|TAMS 0x0000000089400000, 0x0000000089400000| Complete 
| 149|0x0000000089500000, 0x0000000089600000, 0x0000000089600000|100%| S|CS|TAMS 0x0000000089500000, 0x0000000089500000| Complete 
| 150|0x0000000089600000, 0x0000000089700000, 0x0000000089700000|100%| S|CS|TAMS 0x0000000089600000, 0x0000000089600000| Complete 
| 151|0x0000000089700000, 0x0000000089800000, 0x0000000089800000|100%| S|CS|TAMS 0x0000000089700000, 0x0000000089700000| Complete 
| 152|0x0000000089800000, 0x0000000089900000, 0x0000000089900000|100%| S|CS|TAMS 0x0000000089800000, 0x0000000089800000| Complete 
| 153|0x0000000089900000, 0x0000000089a00000, 0x0000000089a00000|100%| S|CS|TAMS 0x0000000089900000, 0x0000000089900000| Complete 
| 154|0x0000000089a00000, 0x0000000089b00000, 0x0000000089b00000|100%| S|CS|TAMS 0x0000000089a00000, 0x0000000089a00000| Complete 
| 155|0x0000000089b00000, 0x0000000089c00000, 0x0000000089c00000|100%| S|CS|TAMS 0x0000000089b00000, 0x0000000089b00000| Complete 
| 156|0x0000000089c00000, 0x0000000089c00000, 0x0000000089d00000|  0%| F|  |TAMS 0x0000000089c00000, 0x0000000089c00000| Untracked 
| 157|0x0000000089d00000, 0x0000000089d00000, 0x0000000089e00000|  0%| F|  |TAMS 0x0000000089d00000, 0x0000000089d00000| Untracked 
| 158|0x0000000089e00000, 0x0000000089e00000, 0x0000000089f00000|  0%| F|  |TAMS 0x0000000089e00000, 0x0000000089e00000| Untracked 
| 159|0x0000000089f00000, 0x0000000089f00000, 0x000000008a000000|  0%| F|  |TAMS 0x0000000089f00000, 0x0000000089f00000| Untracked 
| 160|0x000000008a000000, 0x000000008a000000, 0x000000008a100000|  0%| F|  |TAMS 0x000000008a000000, 0x000000008a000000| Untracked 
| 161|0x000000008a100000, 0x000000008a100000, 0x000000008a200000|  0%| F|  |TAMS 0x000000008a100000, 0x000000008a100000| Untracked 
| 162|0x000000008a200000, 0x000000008a200000, 0x000000008a300000|  0%| F|  |TAMS 0x000000008a200000, 0x000000008a200000| Untracked 
| 163|0x000000008a300000, 0x000000008a300000, 0x000000008a400000|  0%| F|  |TAMS 0x000000008a300000, 0x000000008a300000| Untracked 
| 164|0x000000008a400000, 0x000000008a400000, 0x000000008a500000|  0%| F|  |TAMS 0x000000008a400000, 0x000000008a400000| Untracked 
| 165|0x000000008a500000, 0x000000008a500000, 0x000000008a600000|  0%| F|  |TAMS 0x000000008a500000, 0x000000008a500000| Untracked 
| 166|0x000000008a600000, 0x000000008a600000, 0x000000008a700000|  0%| F|  |TAMS 0x000000008a600000, 0x000000008a600000| Untracked 
| 167|0x000000008a700000, 0x000000008a700000, 0x000000008a800000|  0%| F|  |TAMS 0x000000008a700000, 0x000000008a700000| Untracked 
| 168|0x000000008a800000, 0x000000008a800000, 0x000000008a900000|  0%| F|  |TAMS 0x000000008a800000, 0x000000008a800000| Untracked 
| 169|0x000000008a900000, 0x000000008a900000, 0x000000008aa00000|  0%| F|  |TAMS 0x000000008a900000, 0x000000008a900000| Untracked 
| 170|0x000000008aa00000, 0x000000008aa00000, 0x000000008ab00000|  0%| F|  |TAMS 0x000000008aa00000, 0x000000008aa00000| Untracked 
| 171|0x000000008ab00000, 0x000000008ab00000, 0x000000008ac00000|  0%| F|  |TAMS 0x000000008ab00000, 0x000000008ab00000| Untracked 
| 172|0x000000008ac00000, 0x000000008ac00000, 0x000000008ad00000|  0%| F|  |TAMS 0x000000008ac00000, 0x000000008ac00000| Untracked 
| 173|0x000000008ad00000, 0x000000008ad00000, 0x000000008ae00000|  0%| F|  |TAMS 0x000000008ad00000, 0x000000008ad00000| Untracked 
| 174|0x000000008ae00000, 0x000000008ae00000, 0x000000008af00000|  0%| F|  |TAMS 0x000000008ae00000, 0x000000008ae00000| Untracked 
| 175|0x000000008af00000, 0x000000008af00000, 0x000000008b000000|  0%| F|  |TAMS 0x000000008af00000, 0x000000008af00000| Untracked 
| 176|0x000000008b000000, 0x000000008b000000, 0x000000008b100000|  0%| F|  |TAMS 0x000000008b000000, 0x000000008b000000| Untracked 
| 177|0x000000008b100000, 0x000000008b100000, 0x000000008b200000|  0%| F|  |TAMS 0x000000008b100000, 0x000000008b100000| Untracked 
| 178|0x000000008b200000, 0x000000008b200000, 0x000000008b300000|  0%| F|  |TAMS 0x000000008b200000, 0x000000008b200000| Untracked 
| 179|0x000000008b300000, 0x000000008b300000, 0x000000008b400000|  0%| F|  |TAMS 0x000000008b300000, 0x000000008b300000| Untracked 
| 180|0x000000008b400000, 0x000000008b400000, 0x000000008b500000|  0%| F|  |TAMS 0x000000008b400000, 0x000000008b400000| Untracked 
| 181|0x000000008b500000, 0x000000008b500000, 0x000000008b600000|  0%| F|  |TAMS 0x000000008b500000, 0x000000008b500000| Untracked 
| 182|0x000000008b600000, 0x000000008b600000, 0x000000008b700000|  0%| F|  |TAMS 0x000000008b600000, 0x000000008b600000| Untracked 
| 183|0x000000008b700000, 0x000000008b700000, 0x000000008b800000|  0%| F|  |TAMS 0x000000008b700000, 0x000000008b700000| Untracked 
| 184|0x000000008b800000, 0x000000008b800000, 0x000000008b900000|  0%| F|  |TAMS 0x000000008b800000, 0x000000008b800000| Untracked 
| 185|0x000000008b900000, 0x000000008b900000, 0x000000008ba00000|  0%| F|  |TAMS 0x000000008b900000, 0x000000008b900000| Untracked 
| 186|0x000000008ba00000, 0x000000008ba00000, 0x000000008bb00000|  0%| F|  |TAMS 0x000000008ba00000, 0x000000008ba00000| Untracked 
| 187|0x000000008bb00000, 0x000000008bb00000, 0x000000008bc00000|  0%| F|  |TAMS 0x000000008bb00000, 0x000000008bb00000| Untracked 
| 188|0x000000008bc00000, 0x000000008bc00000, 0x000000008bd00000|  0%| F|  |TAMS 0x000000008bc00000, 0x000000008bc00000| Untracked 
| 189|0x000000008bd00000, 0x000000008bd00000, 0x000000008be00000|  0%| F|  |TAMS 0x000000008bd00000, 0x000000008bd00000| Untracked 
| 190|0x000000008be00000, 0x000000008be00000, 0x000000008bf00000|  0%| F|  |TAMS 0x000000008be00000, 0x000000008be00000| Untracked 
| 191|0x000000008bf00000, 0x000000008bf00000, 0x000000008c000000|  0%| F|  |TAMS 0x000000008bf00000, 0x000000008bf00000| Untracked 
| 192|0x000000008c000000, 0x000000008c000000, 0x000000008c100000|  0%| F|  |TAMS 0x000000008c000000, 0x000000008c000000| Untracked 
| 193|0x000000008c100000, 0x000000008c100000, 0x000000008c200000|  0%| F|  |TAMS 0x000000008c100000, 0x000000008c100000| Untracked 
| 194|0x000000008c200000, 0x000000008c200000, 0x000000008c300000|  0%| F|  |TAMS 0x000000008c200000, 0x000000008c200000| Untracked 
| 195|0x000000008c300000, 0x000000008c300000, 0x000000008c400000|  0%| F|  |TAMS 0x000000008c300000, 0x000000008c300000| Untracked 
| 196|0x000000008c400000, 0x000000008c400000, 0x000000008c500000|  0%| F|  |TAMS 0x000000008c400000, 0x000000008c400000| Untracked 
| 197|0x000000008c500000, 0x000000008c500000, 0x000000008c600000|  0%| F|  |TAMS 0x000000008c500000, 0x000000008c500000| Untracked 
| 198|0x000000008c600000, 0x000000008c600000, 0x000000008c700000|  0%| F|  |TAMS 0x000000008c600000, 0x000000008c600000| Untracked 
| 199|0x000000008c700000, 0x000000008c700000, 0x000000008c800000|  0%| F|  |TAMS 0x000000008c700000, 0x000000008c700000| Untracked 
| 200|0x000000008c800000, 0x000000008c800000, 0x000000008c900000|  0%| F|  |TAMS 0x000000008c800000, 0x000000008c800000| Untracked 
| 201|0x000000008c900000, 0x000000008c900000, 0x000000008ca00000|  0%| F|  |TAMS 0x000000008c900000, 0x000000008c900000| Untracked 
| 202|0x000000008ca00000, 0x000000008ca00000, 0x000000008cb00000|  0%| F|  |TAMS 0x000000008ca00000, 0x000000008ca00000| Untracked 
| 203|0x000000008cb00000, 0x000000008cb00000, 0x000000008cc00000|  0%| F|  |TAMS 0x000000008cb00000, 0x000000008cb00000| Untracked 
| 204|0x000000008cc00000, 0x000000008cc00000, 0x000000008cd00000|  0%| F|  |TAMS 0x000000008cc00000, 0x000000008cc00000| Untracked 
| 205|0x000000008cd00000, 0x000000008cd00000, 0x000000008ce00000|  0%| F|  |TAMS 0x000000008cd00000, 0x000000008cd00000| Untracked 
| 206|0x000000008ce00000, 0x000000008ce00000, 0x000000008cf00000|  0%| F|  |TAMS 0x000000008ce00000, 0x000000008ce00000| Untracked 
| 207|0x000000008cf00000, 0x000000008cf00000, 0x000000008d000000|  0%| F|  |TAMS 0x000000008cf00000, 0x000000008cf00000| Untracked 
| 208|0x000000008d000000, 0x000000008d000000, 0x000000008d100000|  0%| F|  |TAMS 0x000000008d000000, 0x000000008d000000| Untracked 
| 209|0x000000008d100000, 0x000000008d100000, 0x000000008d200000|  0%| F|  |TAMS 0x000000008d100000, 0x000000008d100000| Untracked 
| 210|0x000000008d200000, 0x000000008d200000, 0x000000008d300000|  0%| F|  |TAMS 0x000000008d200000, 0x000000008d200000| Untracked 
| 211|0x000000008d300000, 0x000000008d300000, 0x000000008d400000|  0%| F|  |TAMS 0x000000008d300000, 0x000000008d300000| Untracked 
| 212|0x000000008d400000, 0x000000008d400000, 0x000000008d500000|  0%| F|  |TAMS 0x000000008d400000, 0x000000008d400000| Untracked 
| 213|0x000000008d500000, 0x000000008d500000, 0x000000008d600000|  0%| F|  |TAMS 0x000000008d500000, 0x000000008d500000| Untracked 
| 214|0x000000008d600000, 0x000000008d600000, 0x000000008d700000|  0%| F|  |TAMS 0x000000008d600000, 0x000000008d600000| Untracked 
| 215|0x000000008d700000, 0x000000008d700000, 0x000000008d800000|  0%| F|  |TAMS 0x000000008d700000, 0x000000008d700000| Untracked 
| 216|0x000000008d800000, 0x000000008d800000, 0x000000008d900000|  0%| F|  |TAMS 0x000000008d800000, 0x000000008d800000| Untracked 
| 217|0x000000008d900000, 0x000000008d900000, 0x000000008da00000|  0%| F|  |TAMS 0x000000008d900000, 0x000000008d900000| Untracked 
| 218|0x000000008da00000, 0x000000008da00000, 0x000000008db00000|  0%| F|  |TAMS 0x000000008da00000, 0x000000008da00000| Untracked 
| 219|0x000000008db00000, 0x000000008db00000, 0x000000008dc00000|  0%| F|  |TAMS 0x000000008db00000, 0x000000008db00000| Untracked 
| 220|0x000000008dc00000, 0x000000008dc00000, 0x000000008dd00000|  0%| F|  |TAMS 0x000000008dc00000, 0x000000008dc00000| Untracked 
| 221|0x000000008dd00000, 0x000000008dd00000, 0x000000008de00000|  0%| F|  |TAMS 0x000000008dd00000, 0x000000008dd00000| Untracked 
| 222|0x000000008de00000, 0x000000008de00000, 0x000000008df00000|  0%| F|  |TAMS 0x000000008de00000, 0x000000008de00000| Untracked 
| 223|0x000000008df00000, 0x000000008df00000, 0x000000008e000000|  0%| F|  |TAMS 0x000000008df00000, 0x000000008df00000| Untracked 
| 224|0x000000008e000000, 0x000000008e000000, 0x000000008e100000|  0%| F|  |TAMS 0x000000008e000000, 0x000000008e000000| Untracked 
| 225|0x000000008e100000, 0x000000008e100000, 0x000000008e200000|  0%| F|  |TAMS 0x000000008e100000, 0x000000008e100000| Untracked 
| 226|0x000000008e200000, 0x000000008e200000, 0x000000008e300000|  0%| F|  |TAMS 0x000000008e200000, 0x000000008e200000| Untracked 
| 227|0x000000008e300000, 0x000000008e300000, 0x000000008e400000|  0%| F|  |TAMS 0x000000008e300000, 0x000000008e300000| Untracked 
| 228|0x000000008e400000, 0x000000008e400000, 0x000000008e500000|  0%| F|  |TAMS 0x000000008e400000, 0x000000008e400000| Untracked 
| 229|0x000000008e500000, 0x000000008e500000, 0x000000008e600000|  0%| F|  |TAMS 0x000000008e500000, 0x000000008e500000| Untracked 
| 230|0x000000008e600000, 0x000000008e600000, 0x000000008e700000|  0%| F|  |TAMS 0x000000008e600000, 0x000000008e600000| Untracked 
| 231|0x000000008e700000, 0x000000008e700000, 0x000000008e800000|  0%| F|  |TAMS 0x000000008e700000, 0x000000008e700000| Untracked 
| 232|0x000000008e800000, 0x000000008e800000, 0x000000008e900000|  0%| F|  |TAMS 0x000000008e800000, 0x000000008e800000| Untracked 
| 233|0x000000008e900000, 0x000000008e900000, 0x000000008ea00000|  0%| F|  |TAMS 0x000000008e900000, 0x000000008e900000| Untracked 
| 234|0x000000008ea00000, 0x000000008ea00000, 0x000000008eb00000|  0%| F|  |TAMS 0x000000008ea00000, 0x000000008ea00000| Untracked 
| 235|0x000000008eb00000, 0x000000008eb00000, 0x000000008ec00000|  0%| F|  |TAMS 0x000000008eb00000, 0x000000008eb00000| Untracked 
| 236|0x000000008ec00000, 0x000000008ec00000, 0x000000008ed00000|  0%| F|  |TAMS 0x000000008ec00000, 0x000000008ec00000| Untracked 
| 237|0x000000008ed00000, 0x000000008ed00000, 0x000000008ee00000|  0%| F|  |TAMS 0x000000008ed00000, 0x000000008ed00000| Untracked 
| 238|0x000000008ee00000, 0x000000008ee00000, 0x000000008ef00000|  0%| F|  |TAMS 0x000000008ee00000, 0x000000008ee00000| Untracked 
| 239|0x000000008ef00000, 0x000000008ef00000, 0x000000008f000000|  0%| F|  |TAMS 0x000000008ef00000, 0x000000008ef00000| Untracked 
| 240|0x000000008f000000, 0x000000008f000000, 0x000000008f100000|  0%| F|  |TAMS 0x000000008f000000, 0x000000008f000000| Untracked 
| 241|0x000000008f100000, 0x000000008f100000, 0x000000008f200000|  0%| F|  |TAMS 0x000000008f100000, 0x000000008f100000| Untracked 
| 242|0x000000008f200000, 0x000000008f200000, 0x000000008f300000|  0%| F|  |TAMS 0x000000008f200000, 0x000000008f200000| Untracked 
| 243|0x000000008f300000, 0x000000008f300000, 0x000000008f400000|  0%| F|  |TAMS 0x000000008f300000, 0x000000008f300000| Untracked 
| 244|0x000000008f400000, 0x000000008f400000, 0x000000008f500000|  0%| F|  |TAMS 0x000000008f400000, 0x000000008f400000| Untracked 
| 245|0x000000008f500000, 0x000000008f500000, 0x000000008f600000|  0%| F|  |TAMS 0x000000008f500000, 0x000000008f500000| Untracked 
| 246|0x000000008f600000, 0x000000008f600000, 0x000000008f700000|  0%| F|  |TAMS 0x000000008f600000, 0x000000008f600000| Untracked 
| 247|0x000000008f700000, 0x000000008f700000, 0x000000008f800000|  0%| F|  |TAMS 0x000000008f700000, 0x000000008f700000| Untracked 
| 248|0x000000008f800000, 0x000000008f800000, 0x000000008f900000|  0%| F|  |TAMS 0x000000008f800000, 0x000000008f800000| Untracked 
| 249|0x000000008f900000, 0x000000008f980f08, 0x000000008fa00000| 50%| E|  |TAMS 0x000000008f900000, 0x000000008f900000| Complete 
| 250|0x000000008fa00000, 0x000000008fb00000, 0x000000008fb00000|100%| E|CS|TAMS 0x000000008fa00000, 0x000000008fa00000| Complete 
| 251|0x000000008fb00000, 0x000000008fc00000, 0x000000008fc00000|100%| E|CS|TAMS 0x000000008fb00000, 0x000000008fb00000| Complete 
| 252|0x000000008fc00000, 0x000000008fd00000, 0x000000008fd00000|100%| E|CS|TAMS 0x000000008fc00000, 0x000000008fc00000| Complete 
| 253|0x000000008fd00000, 0x000000008fe00000, 0x000000008fe00000|100%| E|  |TAMS 0x000000008fd00000, 0x000000008fd00000| Complete 
| 254|0x000000008fe00000, 0x000000008ff00000, 0x000000008ff00000|100%| E|CS|TAMS 0x000000008fe00000, 0x000000008fe00000| Complete 
| 255|0x000000008ff00000, 0x0000000090000000, 0x0000000090000000|100%| E|CS|TAMS 0x000000008ff00000, 0x000000008ff00000| Complete 

Card table byte_map: [0x000001df95b40000,0x000001df95f40000] _byte_map_base: 0x000001df95740000

Marking Bits (Prev, Next): (CMBitMap*) 0x000001df8274d2a0, (CMBitMap*) 0x000001df8274d268
 Prev Bits: [0x000001df98340000, 0x000001df9a340000)
 Next Bits: [0x000001df96340000, 0x000001df98340000)

Polling page: 0x000001df804b0000

Metaspace:

Usage:
  Non-class:     84.08 MB capacity,    82.38 MB ( 98%) used,     1.41 MB (  2%) free+waste,   296.75 KB ( <1%) overhead. 
      Class:     12.86 MB capacity,    11.92 MB ( 93%) used,   824.38 KB (  6%) free+waste,   135.19 KB (  1%) overhead. 
       Both:     96.93 MB capacity,    94.30 MB ( 97%) used,     2.21 MB (  2%) free+waste,   431.94 KB ( <1%) overhead. 

Virtual space:
  Non-class space:       90.00 MB reserved,      84.25 MB ( 94%) committed 
      Class space:        1.00 GB reserved,      12.95 MB (  1%) committed 
             Both:        1.09 GB reserved,      97.20 MB (  9%) committed 

Chunk freelists:
   Non-Class:  49.00 KB
       Class:  20.00 KB
        Both:  69.00 KB

MaxMetaspaceSize: 17179869184.00 GB
CompressedClassSpaceSize: 1.00 GB

CodeHeap 'non-profiled nmethods': size=120000Kb used=7637Kb max_used=7637Kb free=112362Kb
 bounds [0x000001df8dcc0000, 0x000001df8e440000, 0x000001df951f0000]
CodeHeap 'profiled nmethods': size=120000Kb used=26907Kb max_used=26907Kb free=93092Kb
 bounds [0x000001df86790000, 0x000001df881e0000, 0x000001df8dcc0000]
CodeHeap 'non-nmethods': size=5760Kb used=2299Kb max_used=2345Kb free=3461Kb
 bounds [0x000001df861f0000, 0x000001df86460000, 0x000001df86790000]
 total_blobs=13696 nmethods=12788 adapters=819
 compilation: enabled
              stopped_count=0, restarted_count=0
 full_count=0

Compilation events (20 events):
Event: 8.626 Thread 0x000001df9d8ac800 nmethod 12951 0x000001df881cd810 code [0x000001df881cda80, 0x000001df881ce308]
Event: 8.626 Thread 0x000001df9d8ac800 12952       2       com.android.builder.dexing.D8DexArchiveBuilder$$Lambda$1266/0x0000000100cb9040::accept (16 bytes)
Event: 8.627 Thread 0x000001df9d8ac800 nmethod 12952 0x000001df881ce990 code [0x000001df881cec00, 0x000001df881cf418]
Event: 8.627 Thread 0x000001df9d8ac800 12953       2       com.android.tools.r8.BaseCommand$Builder$$Lambda$1275/0x0000000100cbb040::run (16 bytes)
Event: 8.627 Thread 0x000001df9d8ac800 nmethod 12953 0x000001df881cfa90 code [0x000001df881cfc80, 0x000001df881d0098]
Event: 8.627 Thread 0x000001df9d8ac800 12954       2       com.android.tools.r8.BaseCommand$Builder$$Lambda$1275/0x0000000100cbb040::get$Lambda (11 bytes)
Event: 8.627 Thread 0x000001df9d8ac800 nmethod 12954 0x000001df881d0310 code [0x000001df881d04c0, 0x000001df881d0718]
Event: 8.627 Thread 0x000001df9d8ac800 12955       2       com.android.tools.r8.BaseCommand$Builder::addClassProgramData (17 bytes)
Event: 8.628 Thread 0x000001df9d8ac800 nmethod 12955 0x000001df881d0810 code [0x000001df881d0a20, 0x000001df881d0fd8]
Event: 8.628 Thread 0x000001df9d8a7000 nmethod 12748 0x000001df8e42fe90 code [0x000001df8e430060, 0x000001df8e430348]
Event: 8.629 Thread 0x000001df9d8a7000 12738       4       org.gradle.internal.hash.HashCode::toString (77 bytes)
Event: 8.631 Thread 0x000001dfa7fa2000 nmethod 12887 0x000001df8e430710 code [0x000001df8e4309a0, 0x000001df8e4337b0]
Event: 8.631 Thread 0x000001dfa7fa2000 12899       4       java.util.TreeMap::compare (32 bytes)
Event: 8.631 Thread 0x000001df9d8ac800 12956       2       java.security.MessageDigest$Delegate::clone (60 bytes)
Event: 8.632 Thread 0x000001df9d8ac800 nmethod 12956 0x000001df881d1310 code [0x000001df881d1500, 0x000001df881d18f8]
Event: 8.633 Thread 0x000001dfa7fa2000 nmethod 12899 0x000001df8e434a90 code [0x000001df8e434c40, 0x000001df8e434f58]
Event: 8.633 Thread 0x000001dfa7fa2000 12920       4       java.io.ObjectOutputStream$HandleTable::assign (52 bytes)
Event: 8.634 Thread 0x000001df9d8ac800 12957       2       org.apache.commons.codec.binary.BaseNCodec::ensureBufferSize (32 bytes)
Event: 8.634 Thread 0x000001df9d8ac800 nmethod 12957 0x000001df881d1a10 code [0x000001df881d1bc0, 0x000001df881d1d08]
Event: 8.642 Thread 0x000001df9d8ac800 12958   !   2       java.util.concurrent.ConcurrentHashMap::putVal (432 bytes)

GC Heap History (20 events):
Event: 1.835 GC heap before
{Heap before GC invocations=3 (full 0):
 garbage-first heap   total 262144K, used 60887K [0x0000000080000000, 0x0000000100000000)
  region size 1024K, 54 young (55296K), 11 survivors (11264K)
 Metaspace       used 25056K, capacity 25609K, committed 25728K, reserved 1071104K
  class space    used 3252K, capacity 3455K, committed 3456K, reserved 1048576K
}
Event: 1.839 GC heap after
{Heap after GC invocations=4 (full 0):
 garbage-first heap   total 262144K, used 18397K [0x0000000080000000, 0x0000000100000000)
  region size 1024K, 3 young (3072K), 3 survivors (3072K)
 Metaspace       used 25056K, capacity 25609K, committed 25728K, reserved 1071104K
  class space    used 3252K, capacity 3455K, committed 3456K, reserved 1048576K
}
Event: 2.468 GC heap before
{Heap before GC invocations=4 (full 0):
 garbage-first heap   total 262144K, used 84957K [0x0000000080000000, 0x0000000100000000)
  region size 1024K, 70 young (71680K), 3 survivors (3072K)
 Metaspace       used 35025K, capacity 35830K, committed 35840K, reserved 1081344K
  class space    used 4542K, capacity 4864K, committed 4864K, reserved 1048576K
}
Event: 2.475 GC heap after
{Heap after GC invocations=5 (full 0):
 garbage-first heap   total 262144K, used 21802K [0x0000000080000000, 0x0000000100000000)
  region size 1024K, 6 young (6144K), 6 survivors (6144K)
 Metaspace       used 35025K, capacity 35830K, committed 35840K, reserved 1081344K
  class space    used 4542K, capacity 4864K, committed 4864K, reserved 1048576K
}
Event: 3.186 GC heap before
{Heap before GC invocations=6 (full 0):
 garbage-first heap   total 262144K, used 145706K [0x0000000080000000, 0x0000000100000000)
  region size 1024K, 123 young (125952K), 6 survivors (6144K)
 Metaspace       used 44584K, capacity 45711K, committed 45900K, reserved 1089536K
  class space    used 5736K, capacity 6145K, committed 6220K, reserved 1048576K
}
Event: 3.193 GC heap after
{Heap after GC invocations=7 (full 0):
 garbage-first heap   total 262144K, used 28530K [0x0000000080000000, 0x0000000100000000)
  region size 1024K, 12 young (12288K), 12 survivors (12288K)
 Metaspace       used 44584K, capacity 45711K, committed 45900K, reserved 1089536K
  class space    used 5736K, capacity 6145K, committed 6220K, reserved 1048576K
}
Event: 4.194 GC heap before
{Heap before GC invocations=7 (full 0):
 garbage-first heap   total 262144K, used 166770K [0x0000000080000000, 0x0000000100000000)
  region size 1024K, 144 young (147456K), 12 survivors (12288K)
 Metaspace       used 58706K, capacity 60188K, committed 60236K, reserved 1101824K
  class space    used 7435K, capacity 7985K, committed 8012K, reserved 1048576K
}
Event: 4.210 GC heap after
{Heap after GC invocations=8 (full 0):
 garbage-first heap   total 262144K, used 42894K [0x0000000080000000, 0x0000000100000000)
  region size 1024K, 17 young (17408K), 17 survivors (17408K)
 Metaspace       used 58706K, capacity 60188K, committed 60236K, reserved 1101824K
  class space    used 7435K, capacity 7985K, committed 8012K, reserved 1048576K
}
Event: 5.157 GC heap before
{Heap before GC invocations=9 (full 0):
 garbage-first heap   total 262144K, used 182158K [0x0000000080000000, 0x0000000100000000)
  region size 1024K, 153 young (156672K), 17 survivors (17408K)
 Metaspace       used 71397K, capacity 73078K, committed 73164K, reserved 1112064K
  class space    used 9240K, capacity 9868K, committed 9932K, reserved 1048576K
}
Event: 5.168 GC heap after
{Heap after GC invocations=10 (full 0):
 garbage-first heap   total 262144K, used 52889K [0x0000000080000000, 0x0000000100000000)
  region size 1024K, 20 young (20480K), 20 survivors (20480K)
 Metaspace       used 71397K, capacity 73078K, committed 73164K, reserved 1112064K
  class space    used 9240K, capacity 9868K, committed 9932K, reserved 1048576K
}
Event: 6.057 GC heap before
{Heap before GC invocations=10 (full 0):
 garbage-first heap   total 262144K, used 188057K [0x0000000080000000, 0x0000000100000000)
  region size 1024K, 153 young (156672K), 20 survivors (20480K)
 Metaspace       used 81647K, capacity 83918K, committed 84172K, reserved 1122304K
  class space    used 10634K, capacity 11454K, committed 11468K, reserved 1048576K
}
Event: 6.070 GC heap after
{Heap after GC invocations=11 (full 0):
 garbage-first heap   total 262144K, used 63487K [0x0000000080000000, 0x0000000100000000)
  region size 1024K, 20 young (20480K), 20 survivors (20480K)
 Metaspace       used 81647K, capacity 83918K, committed 84172K, reserved 1122304K
  class space    used 10634K, capacity 11454K, committed 11468K, reserved 1048576K
}
Event: 6.901 GC heap before
{Heap before GC invocations=11 (full 0):
 garbage-first heap   total 262144K, used 209919K [0x0000000080000000, 0x0000000100000000)
  region size 1024K, 153 young (156672K), 20 survivors (20480K)
 Metaspace       used 83847K, capacity 86209K, committed 86348K, reserved 1124352K
  class space    used 10848K, capacity 11727K, committed 11852K, reserved 1048576K
}
Event: 6.916 GC heap after
{Heap after GC invocations=12 (full 0):
 garbage-first heap   total 262144K, used 84991K [0x0000000080000000, 0x0000000100000000)
  region size 1024K, 20 young (20480K), 20 survivors (20480K)
 Metaspace       used 83847K, capacity 86209K, committed 86348K, reserved 1124352K
  class space    used 10848K, capacity 11727K, committed 11852K, reserved 1048576K
}
Event: 7.364 GC heap before
{Heap before GC invocations=12 (full 0):
 garbage-first heap   total 262144K, used 214015K [0x0000000080000000, 0x0000000100000000)
  region size 1024K, 132 young (135168K), 20 survivors (20480K)
 Metaspace       used 88378K, capacity 90743K, committed 91084K, reserved 1128448K
  class space    used 11228K, capacity 12106K, committed 12236K, reserved 1048576K
}
Event: 7.374 GC heap after
{Heap after GC invocations=13 (full 0):
 garbage-first heap   total 262144K, used 91449K [0x0000000080000000, 0x0000000100000000)
  region size 1024K, 5 young (5120K), 5 survivors (5120K)
 Metaspace       used 88378K, capacity 90743K, committed 91084K, reserved 1128448K
  class space    used 11228K, capacity 12106K, committed 12236K, reserved 1048576K
}
Event: 7.926 GC heap before
{Heap before GC invocations=13 (full 0):
 garbage-first heap   total 262144K, used 204089K [0x0000000080000000, 0x0000000100000000)
  region size 1024K, 116 young (118784K), 5 survivors (5120K)
 Metaspace       used 93282K, capacity 95729K, committed 95948K, reserved 1132544K
  class space    used 11790K, capacity 12696K, committed 12748K, reserved 1048576K
}
Event: 7.930 GC heap after
{Heap after GC invocations=14 (full 0):
 garbage-first heap   total 262144K, used 91449K [0x0000000080000000, 0x0000000100000000)
  region size 1024K, 5 young (5120K), 5 survivors (5120K)
 Metaspace       used 93282K, capacity 95729K, committed 95948K, reserved 1132544K
  class space    used 11790K, capacity 12696K, committed 12748K, reserved 1048576K
}
Event: 8.300 GC heap before
{Heap before GC invocations=14 (full 0):
 garbage-first heap   total 262144K, used 206137K [0x0000000080000000, 0x0000000100000000)
  region size 1024K, 119 young (121856K), 5 survivors (5120K)
 Metaspace       used 94566K, capacity 97009K, committed 97100K, reserved 1134592K
  class space    used 11926K, capacity 12836K, committed 12876K, reserved 1048576K
}
Event: 8.304 GC heap after
{Heap after GC invocations=15 (full 0):
 garbage-first heap   total 262144K, used 93598K [0x0000000080000000, 0x0000000100000000)
  region size 1024K, 8 young (8192K), 8 survivors (8192K)
 Metaspace       used 94566K, capacity 97009K, committed 97100K, reserved 1134592K
  class space    used 11926K, capacity 12836K, committed 12876K, reserved 1048576K
}

Deoptimization events (20 events):
Event: 8.623 Thread 0x000001dfa7f96800 Uncommon trap: trap_request=0xffffff4d fr.pc=0x000001df8dff8074 relative=0x00000000000009d4
Event: 8.623 Thread 0x000001dfa7f96800 Uncommon trap: reason=unstable_if action=reinterpret pc=0x000001df8dff8074 method=java.lang.StringCoding.decode(Ljava/nio/charset/Charset;[BII)Ljava/lang/StringCoding$Result; @ 19 c2
Event: 8.623 Thread 0x000001dfa7f96800 DEOPT PACKING pc=0x000001df8dff8074 sp=0x000000a45aafdaa0
Event: 8.623 Thread 0x000001dfa7f96800 DEOPT UNPACKING pc=0x000001df862178af sp=0x000000a45aafd9b0 mode 2
Event: 8.626 Thread 0x000001dfa7f96800 Uncommon trap: trap_request=0xffffffde fr.pc=0x000001df8e3c02c4 relative=0x0000000000000764
Event: 8.626 Thread 0x000001dfa7f96800 Uncommon trap: reason=class_check action=maybe_recompile pc=0x000001df8e3c02c4 method=java.security.MessageDigest$Delegate.clone()Ljava/lang/Object; @ 4 c2
Event: 8.626 Thread 0x000001dfa7f96800 DEOPT PACKING pc=0x000001df8e3c02c4 sp=0x000000a45aafda00
Event: 8.626 Thread 0x000001dfa7f96800 DEOPT UNPACKING pc=0x000001df862178af sp=0x000000a45aafd9d0 mode 2
Event: 8.627 Thread 0x000001dfa7f96800 Uncommon trap: trap_request=0xffffffde fr.pc=0x000001df8e3c02c4 relative=0x0000000000000764
Event: 8.627 Thread 0x000001dfa7f96800 Uncommon trap: reason=class_check action=maybe_recompile pc=0x000001df8e3c02c4 method=java.security.MessageDigest$Delegate.clone()Ljava/lang/Object; @ 4 c2
Event: 8.627 Thread 0x000001dfa7f96800 DEOPT PACKING pc=0x000001df8e3c02c4 sp=0x000000a45aafda00
Event: 8.627 Thread 0x000001dfa7f96800 DEOPT UNPACKING pc=0x000001df862178af sp=0x000000a45aafd9d0 mode 2
Event: 8.631 Thread 0x000001dfa0aeb800 Uncommon trap: trap_request=0xffffff4d fr.pc=0x000001df8e16f9dc relative=0x00000000000002fc
Event: 8.631 Thread 0x000001dfa0aeb800 Uncommon trap: reason=unstable_if action=reinterpret pc=0x000001df8e16f9dc method=com.google.common.collect.MapMakerInternalMap$Segment.getEntry(Ljava/lang/Object;I)Lcom/google/common/collect/MapMakerInternalMap$InternalEntry; @ 63 c2
Event: 8.631 Thread 0x000001dfa0aeb800 DEOPT PACKING pc=0x000001df8e16f9dc sp=0x000000a457ef5ba0
Event: 8.631 Thread 0x000001dfa0aeb800 DEOPT UNPACKING pc=0x000001df862178af sp=0x000000a457ef5b58 mode 2
Event: 8.631 Thread 0x000001dfa0aeb800 Uncommon trap: trap_request=0xffffff4d fr.pc=0x000001df8e3d25f8 relative=0x0000000000001778
Event: 8.631 Thread 0x000001dfa0aeb800 Uncommon trap: reason=unstable_if action=reinterpret pc=0x000001df8e3d25f8 method=java.util.concurrent.ConcurrentHashMap.putVal(Ljava/lang/Object;Ljava/lang/Object;Z)Ljava/lang/Object; @ 162 c2
Event: 8.631 Thread 0x000001dfa0aeb800 DEOPT PACKING pc=0x000001df8e3d25f8 sp=0x000000a457ef5a00
Event: 8.631 Thread 0x000001dfa0aeb800 DEOPT UNPACKING pc=0x000001df862178af sp=0x000000a457ef59b8 mode 2

Classes redefined (0 events):
No events

Internal exceptions (20 events):
Event: 8.483 Thread 0x000001dfa0aed000 Exception <a 'sun/nio/fs/WindowsException'{0x000000008efee5d8}> (0x000000008efee5d8) thrown at [./src/hotspot/share/prims/jni.cpp, line 615]
Event: 8.483 Thread 0x000001dfa621c000 Exception <a 'sun/nio/fs/WindowsException'{0x000000008f16e640}> (0x000000008f16e640) thrown at [./src/hotspot/share/prims/jni.cpp, line 615]
Event: 8.485 Thread 0x000001dfa0ae9000 Exception <a 'sun/nio/fs/WindowsException'{0x000000008ed3f2e0}> (0x000000008ed3f2e0) thrown at [./src/hotspot/share/prims/jni.cpp, line 615]
Event: 8.487 Thread 0x000001dfa0ae7000 Exception <a 'sun/nio/fs/WindowsException'{0x000000008ee51f40}> (0x000000008ee51f40) thrown at [./src/hotspot/share/prims/jni.cpp, line 615]
Event: 8.487 Thread 0x000001dfa0ae9800 Exception <a 'sun/nio/fs/WindowsException'{0x000000008edcfb80}> (0x000000008edcfb80) thrown at [./src/hotspot/share/prims/jni.cpp, line 615]
Event: 8.488 Thread 0x000001dfa0aee000 Exception <a 'sun/nio/fs/WindowsException'{0x000000008ec02c48}> (0x000000008ec02c48) thrown at [./src/hotspot/share/prims/jni.cpp, line 615]
Event: 8.493 Thread 0x000001dfa621c000 Exception <a 'sun/nio/fs/WindowsException'{0x000000008ebb9ce8}> (0x000000008ebb9ce8) thrown at [./src/hotspot/share/prims/jni.cpp, line 615]
Event: 8.495 Thread 0x000001dfa0ae9000 Exception <a 'sun/nio/fs/WindowsException'{0x000000008ea3ec08}> (0x000000008ea3ec08) thrown at [./src/hotspot/share/prims/jni.cpp, line 615]
Event: 8.510 Thread 0x000001dfa7f96800 Exception <a 'java/lang/NoSuchMethodError'{0x000000008e6192c0}: 'java.lang.Object java.lang.invoke.DirectMethodHandle$Holder.invokeVirtual(java.lang.Object, java.lang.Object, int)'> (0x000000008e6192c0) thrown at [./src/hotspot/share/interpreter/linkResolver.cpp, line 773]
Event: 8.513 Thread 0x000001dfa7f96800 Exception <a 'java/lang/NoSuchMethodError'{0x000000008e692cb8}: 'void java.lang.invoke.DirectMethodHandle$Holder.invokeStatic(java.lang.Object, java.lang.Object, java.lang.Object, int)'> (0x000000008e692cb8) thrown at [./src/hotspot/share/interpreter/linkResolver.cpp, line 773]
Event: 8.522 Thread 0x000001dfa0ae8000 Implicit null exception at 0x000001df8e4106d2 to 0x000001df8e410ad8
Event: 8.622 Thread 0x000001dfa0ae8000 Exception <a 'sun/nio/fs/WindowsException'{0x000000008b75ae58}> (0x000000008b75ae58) thrown at [./src/hotspot/share/prims/jni.cpp, line 615]
Event: 8.622 Thread 0x000001dfa0aeb800 Exception <a 'sun/nio/fs/WindowsException'{0x000000008b5e5228}> (0x000000008b5e5228) thrown at [./src/hotspot/share/prims/jni.cpp, line 615]
Event: 8.622 Thread 0x000001dfa0aec000 Exception <a 'sun/nio/fs/WindowsException'{0x000000008bbca380}> (0x000000008bbca380) thrown at [./src/hotspot/share/prims/jni.cpp, line 615]
Event: 8.622 Thread 0x000001dfa0aee000 Exception <a 'sun/nio/fs/WindowsException'{0x000000008b511028}> (0x000000008b511028) thrown at [./src/hotspot/share/prims/jni.cpp, line 615]
Event: 8.622 Thread 0x000001dfa0ae9000 Exception <a 'sun/nio/fs/WindowsException'{0x000000008bced510}> (0x000000008bced510) thrown at [./src/hotspot/share/prims/jni.cpp, line 615]
Event: 8.622 Thread 0x000001dfa0ae9800 Exception <a 'sun/nio/fs/WindowsException'{0x000000008b997ef8}> (0x000000008b997ef8) thrown at [./src/hotspot/share/prims/jni.cpp, line 615]
Event: 8.628 Thread 0x000001dfa0af0000 Exception <a 'sun/nio/fs/WindowsException'{0x000000008abc08b0}> (0x000000008abc08b0) thrown at [./src/hotspot/share/prims/jni.cpp, line 615]
Event: 8.630 Thread 0x000001dfa0d18000 Exception <a 'sun/nio/fs/WindowsException'{0x000000008a788770}> (0x000000008a788770) thrown at [./src/hotspot/share/prims/jni.cpp, line 615]
Event: 8.641 Thread 0x000001dfa0ae7000 Exception <a 'sun/nio/fs/WindowsException'{0x0000000089d974b0}> (0x0000000089d974b0) thrown at [./src/hotspot/share/prims/jni.cpp, line 615]

Events (20 events):
Event: 8.639 loading class com/android/tools/r8/internal/AA
Event: 8.639 loading class com/android/tools/r8/internal/AA done
Event: 8.640 loading class com/android/tools/r8/internal/rf
Event: 8.640 loading class com/android/tools/r8/internal/rf done
Event: 8.640 loading class com/android/tools/r8/internal/qf$b
Event: 8.640 loading class com/android/tools/r8/internal/qf$b done
Event: 8.640 loading class com/android/tools/r8/internal/pf
Event: 8.640 loading class com/android/tools/r8/internal/pf done
Event: 8.641 loading class java/io/UTFDataFormatException
Event: 8.641 loading class java/io/UTFDataFormatException done
Event: 8.641 loading class com/android/tools/r8/utils/Z
Event: 8.641 loading class com/android/tools/r8/utils/Z done
Event: 8.641 loading class com/android/tools/r8/internal/vf
Event: 8.641 loading class com/android/tools/r8/internal/vf done
Event: 8.642 loading class com/android/tools/r8/internal/uf
Event: 8.642 loading class com/android/tools/r8/internal/uf done
Event: 8.642 loading class com/android/tools/r8/internal/IC
Event: 8.642 loading class com/android/tools/r8/internal/IC done
Event: 8.642 loading class com/android/tools/r8/internal/df
Event: 8.642 loading class com/android/tools/r8/internal/df done


Dynamic libraries:
0x00007ff6accd0000 - 0x00007ff6accda000 	C:\Program Files\Android\Android Studio\jre\bin\java.exe
0x00007ffcaa0c0000 - 0x00007ffcaa2c7000 	C:\WINDOWS\SYSTEM32\ntdll.dll
0x00007ffca8720000 - 0x00007ffca87dd000 	C:\WINDOWS\System32\KERNEL32.DLL
0x00007ffca7880000 - 0x00007ffca7bf4000 	C:\WINDOWS\System32\KERNELBASE.dll
0x00007ffca4b70000 - 0x00007ffca4c01000 	C:\WINDOWS\SYSTEM32\apphelp.dll
0x00007ffca7640000 - 0x00007ffca7751000 	C:\WINDOWS\System32\ucrtbase.dll
0x00007ffca4a30000 - 0x00007ffca4a49000 	C:\Program Files\Android\Android Studio\jre\bin\jli.dll
0x00007ffca3e80000 - 0x00007ffca3e97000 	C:\Program Files\Android\Android Studio\jre\bin\VCRUNTIME140.dll
0x00007ffca9620000 - 0x00007ffca97cc000 	C:\WINDOWS\System32\USER32.dll
0x00007ffca7c00000 - 0x00007ffca7c26000 	C:\WINDOWS\System32\win32u.dll
0x00007ffc97ac0000 - 0x00007ffc97d65000 	C:\WINDOWS\WinSxS\amd64_microsoft.windows.common-controls_6595b64144ccf1df_6.0.22000.120_none_9d947278b86cc467\COMCTL32.dll
0x00007ffca8500000 - 0x00007ffca8529000 	C:\WINDOWS\System32\GDI32.dll
0x00007ffca82d0000 - 0x00007ffca8373000 	C:\WINDOWS\System32\msvcrt.dll
0x00007ffca7760000 - 0x00007ffca7872000 	C:\WINDOWS\System32\gdi32full.dll
0x00007ffca75a0000 - 0x00007ffca763d000 	C:\WINDOWS\System32\msvcp_win.dll
0x00007ffcaa040000 - 0x00007ffcaa071000 	C:\WINDOWS\System32\IMM32.DLL
0x00007ffc92d30000 - 0x00007ffc92dcd000 	C:\Program Files\Android\Android Studio\jre\bin\msvcp140.dll
0x00007ffc60890000 - 0x00007ffc6135f000 	C:\Program Files\Android\Android Studio\jre\bin\server\jvm.dll
0x00007ffca9570000 - 0x00007ffca961c000 	C:\WINDOWS\System32\ADVAPI32.dll
0x00007ffca9a00000 - 0x00007ffca9a9d000 	C:\WINDOWS\System32\sechost.dll
0x00007ffca9f10000 - 0x00007ffcaa031000 	C:\WINDOWS\System32\RPCRT4.dll
0x00007ffca8530000 - 0x00007ffca8538000 	C:\WINDOWS\System32\PSAPI.DLL
0x00007ffc9e240000 - 0x00007ffc9e273000 	C:\WINDOWS\SYSTEM32\WINMM.dll
0x00007ffc8f260000 - 0x00007ffc8f269000 	C:\WINDOWS\SYSTEM32\WSOCK32.dll
0x00007ffc9f340000 - 0x00007ffc9f34a000 	C:\WINDOWS\SYSTEM32\VERSION.dll
0x00007ffca93f0000 - 0x00007ffca945f000 	C:\WINDOWS\System32\WS2_32.dll
0x00007ffca67b0000 - 0x00007ffca67c8000 	C:\WINDOWS\SYSTEM32\kernel.appcore.dll
0x00007ffc90210000 - 0x00007ffc90221000 	C:\Program Files\Android\Android Studio\jre\bin\verify.dll
0x00007ffc8dea0000 - 0x00007ffc8e0c1000 	C:\WINDOWS\SYSTEM32\DBGHELP.DLL
0x00007ffc8c830000 - 0x00007ffc8c861000 	C:\WINDOWS\SYSTEM32\dbgcore.DLL
0x00007ffca7c30000 - 0x00007ffca7cb0000 	C:\WINDOWS\System32\bcryptPrimitives.dll
0x00007ffc86530000 - 0x00007ffc86559000 	C:\Program Files\Android\Android Studio\jre\bin\java.dll
0x00007ffc97060000 - 0x00007ffc9706b000 	C:\Program Files\Android\Android Studio\jre\bin\jimage.dll
0x00007ffc84d90000 - 0x00007ffc84da8000 	C:\Program Files\Android\Android Studio\jre\bin\zip.dll
0x00007ffca89d0000 - 0x00007ffca917a000 	C:\WINDOWS\System32\SHELL32.dll
0x00007ffca5750000 - 0x00007ffca5fb2000 	C:\WINDOWS\SYSTEM32\windows.storage.dll
0x00007ffca7f50000 - 0x00007ffca82c8000 	C:\WINDOWS\System32\combase.dll
0x00007ffca55e0000 - 0x00007ffca5746000 	C:\WINDOWS\SYSTEM32\wintypes.dll
0x00007ffca8410000 - 0x00007ffca84fa000 	C:\WINDOWS\System32\SHCORE.dll
0x00007ffca88c0000 - 0x00007ffca891d000 	C:\WINDOWS\System32\shlwapi.dll
0x00007ffca74d0000 - 0x00007ffca74f1000 	C:\WINDOWS\SYSTEM32\profapi.dll
0x00007ffc80fc0000 - 0x00007ffc80fda000 	C:\Program Files\Android\Android Studio\jre\bin\net.dll
0x00007ffca2150000 - 0x00007ffca225c000 	C:\WINDOWS\SYSTEM32\WINHTTP.dll
0x00007ffca6bc0000 - 0x00007ffca6c27000 	C:\WINDOWS\system32\mswsock.dll
0x00007ffc80fa0000 - 0x00007ffc80fb4000 	C:\Program Files\Android\Android Studio\jre\bin\nio.dll
0x00007ffc8c9c0000 - 0x00007ffc8c9e7000 	C:\Users\Yash\.gradle\native\8bec1ad78214c89d9ad589b4d07fe93259594b29d510b10fafb7a158f7737e5d\windows-amd64\native-platform.dll
0x00007ffc7a2b0000 - 0x00007ffc7a3ed000 	C:\Users\Yash\.gradle\native\53dbd7edfb1c66fb8903c78663c9afc45aea4f116125fa6feffd364cf09443e8\windows-amd64\native-platform-file-events.dll
0x00007ffc96fb0000 - 0x00007ffc96fba000 	C:\Program Files\Android\Android Studio\jre\bin\management.dll
0x00007ffc93cb0000 - 0x00007ffc93cbc000 	C:\Program Files\Android\Android Studio\jre\bin\management_ext.dll
0x00007ffca6e00000 - 0x00007ffca6e18000 	C:\WINDOWS\SYSTEM32\CRYPTSP.dll
0x00007ffca6710000 - 0x00007ffca6745000 	C:\WINDOWS\system32\rsaenh.dll
0x00007ffca6cb0000 - 0x00007ffca6cd9000 	C:\WINDOWS\SYSTEM32\USERENV.dll
0x00007ffca6f80000 - 0x00007ffca6fa7000 	C:\WINDOWS\SYSTEM32\bcrypt.dll
0x00007ffca6e20000 - 0x00007ffca6e2c000 	C:\WINDOWS\SYSTEM32\CRYPTBASE.dll
0x00007ffca62f0000 - 0x00007ffca631d000 	C:\WINDOWS\SYSTEM32\IPHLPAPI.DLL
0x00007ffca9460000 - 0x00007ffca9469000 	C:\WINDOWS\System32\NSI.dll
0x00007ffca1fb0000 - 0x00007ffca1fc9000 	C:\WINDOWS\SYSTEM32\dhcpcsvc6.DLL
0x00007ffca2420000 - 0x00007ffca243e000 	C:\WINDOWS\SYSTEM32\dhcpcsvc.DLL
0x00007ffca6320000 - 0x00007ffca6407000 	C:\WINDOWS\SYSTEM32\DNSAPI.dll

dbghelp: loaded successfully - version: 4.0.5 - missing functions: none
symbol engine: initialized successfully - sym options: 0x614 - pdb path: .;C:\Program Files\Android\Android Studio\jre\bin;C:\WINDOWS\SYSTEM32;C:\WINDOWS\WinSxS\amd64_microsoft.windows.common-controls_6595b64144ccf1df_6.0.22000.120_none_9d947278b86cc467;C:\Program Files\Android\Android Studio\jre\bin\server;C:\Users\Yash\.gradle\native\8bec1ad78214c89d9ad589b4d07fe93259594b29d510b10fafb7a158f7737e5d\windows-amd64;C:\Users\Yash\.gradle\native\53dbd7edfb1c66fb8903c78663c9afc45aea4f116125fa6feffd364cf09443e8\windows-amd64

VM Arguments:
jvm_args: --add-opens=java.base/java.util=ALL-UNNAMED --add-opens=java.base/java.lang=ALL-UNNAMED --add-opens=java.base/java.lang.invoke=ALL-UNNAMED --add-opens=java.base/java.util=ALL-UNNAMED --add-opens=java.prefs/java.util.prefs=ALL-UNNAMED --add-opens=java.prefs/java.util.prefs=ALL-UNNAMED --add-opens=java.base/java.nio.charset=ALL-UNNAMED --add-opens=java.base/java.net=ALL-UNNAMED --add-opens=java.base/java.util.concurrent.atomic=ALL-UNNAMED -Xmx2048m -Dfile.encoding=UTF-8 -Duser.country=IN -Duser.language=en -Duser.variant 
java_command: org.gradle.launcher.daemon.bootstrap.GradleDaemon 7.0.2
java_class_path (initial): C:\Users\Yash\.gradle\wrapper\dists\gradle-7.0.2-bin\857tjihv64xamwrf0h14cai3r\gradle-7.0.2\lib\gradle-launcher-7.0.2.jar
Launcher Type: SUN_STANDARD

[Global flags]
     intx CICompilerCount                          = 4                                         {product} {ergonomic}
     uint ConcGCThreads                            = 3                                         {product} {ergonomic}
     uint G1ConcRefinementThreads                  = 10                                        {product} {ergonomic}
   size_t G1HeapRegionSize                         = 1048576                                   {product} {ergonomic}
    uintx GCDrainStackTargetSize                   = 64                                        {product} {ergonomic}
   size_t InitialHeapSize                          = 268435456                                 {product} {ergonomic}
   size_t MarkStackSize                            = 4194304                                   {product} {ergonomic}
   size_t MaxHeapSize                              = 2147483648                                {product} {command line}
   size_t MaxNewSize                               = 1287651328                                {product} {ergonomic}
   size_t MinHeapDeltaBytes                        = 1048576                                   {product} {ergonomic}
    uintx NonNMethodCodeHeapSize                   = 5836300                                {pd product} {ergonomic}
    uintx NonProfiledCodeHeapSize                  = 122910970                              {pd product} {ergonomic}
    uintx ProfiledCodeHeapSize                     = 122910970                              {pd product} {ergonomic}
    uintx ReservedCodeCacheSize                    = 251658240                              {pd product} {ergonomic}
     bool SegmentedCodeCache                       = true                                      {product} {ergonomic}
     bool UseCompressedClassPointers               = true                                 {lp64_product} {ergonomic}
     bool UseCompressedOops                        = true                                 {lp64_product} {ergonomic}
     bool UseG1GC                                  = true                                      {product} {ergonomic}
     bool UseLargePagesIndividualAllocation        = false                                  {pd product} {ergonomic}

Logging:
Log output configuration:
 #0: stdout all=warning uptime,level,tags
 #1: stderr all=off uptime,level,tags

Environment Variables:
PATH=C:\WINDOWS\system32;C:\WINDOWS;C:\WINDOWS\System32\Wbem;C:\WINDOWS\System32\WindowsPowerShell\v1.0\;C:\WINDOWS\System32\OpenSSH\;C:\Program Files\Git\cmd;C:\Users\Yash\AppData\Local\Microsoft\WindowsApps;
USERNAME=Yash
OS=Windows_NT
PROCESSOR_IDENTIFIER=AMD64 Family 23 Model 113 Stepping 0, AuthenticAMD



---------------  S Y S T E M  ---------------

OS: Windows 10 , 64 bit Build 22000 (10.0.22000.282)
OS uptime: 1 days 4:12 hours

CPU:total 12 (initial active 12) (12 cores per cpu, 2 threads per core) family 23 model 113 stepping 0 microcode 0x0, cmov, cx8, fxsr, mmx, sse, sse2, sse3, ssse3, sse4.1, sse4.2, popcnt, avx, avx2, aes, clmul, mmxext, 3dnowpref, lzcnt, sse4a, ht, tsc, tscinvbit, tscinv, bmi1, bmi2, adx,

Memory: 4k page, system-wide physical 16324M (6416M free)
TotalPageFile size 30148M (AvailPageFile size 2M)
current process WorkingSet (physical memory assigned to process): 583M, peak: 583M
current process commit charge ("private bytes"): 645M, peak: 646M

vm_info: OpenJDK 64-Bit Server VM (11.0.10+0-b96-7249189) for windows-amd64 JRE (11.0.10+0-b96-7249189), built on Mar 31 2021 21:44:00 by "builder" with MS VC++ 14.0 (VS2015)

END.
